Log file open, 12/23/23 15:09:20
LogWindows: Failed to load 'aqProf.dll' (GetLastError=126)
LogWindows: File 'aqProf.dll' does not exist
LogWindows: Failed to load 'VtuneApi.dll' (GetLastError=126)
LogWindows: File 'VtuneApi.dll' does not exist
LogWindows: Failed to load 'VtuneApi32e.dll' (GetLastError=126)
LogWindows: File 'VtuneApi32e.dll' does not exist
LogConsoleResponse: Display: Failed to find resolution value strings in scalability ini. Falling back to default.
LogConsoleResponse: Display: Failed to find resolution value strings in scalability ini. Falling back to default.
LogInit: Display: Running engine for game: Tech_Demo_4
LogPlatformFile: Not using cached read wrapper
LogTaskGraph: Started task graph with 5 named threads and 14 total threads with 3 sets of task threads.
LogStats: Stats thread started at 0.336122
LogICUInternationalization: ICU TimeZone Detection - Raw Offset: +0:00, Platform Override: ''
LogInit: Display: Loading text-based GConfig....
LogPluginManager: Mounting plugin MeshPainting
LogPluginManager: Mounting plugin XGEController
LogPluginManager: Mounting plugin Paper2D
LogPluginManager: Mounting plugin AISupport
LogPluginManager: Mounting plugin EnvironmentQueryEditor
LogPluginManager: Mounting plugin LightPropagationVolume
LogPluginManager: Mounting plugin CameraShakePreviewer
LogPluginManager: Mounting plugin GameplayCameras
LogPluginManager: Mounting plugin OodleData
LogPluginManager: Mounting plugin OodleNetwork
LogPluginManager: Mounting plugin AnimationSharing
LogPluginManager: Mounting plugin CLionSourceCodeAccess
LogPluginManager: Mounting plugin CodeLiteSourceCodeAccess
LogPluginManager: Mounting plugin GitSourceControl
LogPluginManager: Mounting plugin KDevelopSourceCodeAccess
LogPluginManager: Mounting plugin NullSourceCodeAccess
LogPluginManager: Mounting plugin PerforceSourceControl
LogPluginManager: Mounting plugin PixWinPlugin
LogPluginManager: Mounting plugin PlasticSourceControl
LogPluginManager: Mounting plugin PluginUtils
LogPluginManager: Mounting plugin PropertyAccessNode
LogPluginManager: Mounting plugin RiderSourceCodeAccess
LogPluginManager: Mounting plugin SubversionSourceControl
LogPluginManager: Mounting plugin TextureFormatOodle
LogPluginManager: Mounting plugin UObjectPlugin
LogPluginManager: Mounting plugin VisualStudioCodeSourceCodeAccess
LogPluginManager: Mounting plugin VisualStudioSourceCodeAccess
LogPluginManager: Mounting plugin XCodeSourceCodeAccess
LogPluginManager: Mounting plugin AssetManagerEditor
LogPluginManager: Mounting plugin CryptoKeys
LogPluginManager: Mounting plugin CurveEditorTools
LogPluginManager: Mounting plugin DataValidation
LogPluginManager: Mounting plugin FacialAnimation
LogPluginManager: Mounting plugin GameplayTagsEditor
LogPluginManager: Mounting plugin GeometryMode
LogPluginManager: Mounting plugin MacGraphicsSwitching
LogPluginManager: Mounting plugin MaterialAnalyzer
LogPluginManager: Mounting plugin MobileLauncherProfileWizard
LogPluginManager: Mounting plugin PluginBrowser
LogPluginManager: Mounting plugin SpeedTreeImporter
LogPluginManager: Mounting plugin DatasmithContent
LogPluginManager: Mounting plugin VariantManagerContent
LogPluginManager: Mounting plugin AlembicImporter
LogPluginManager: Mounting plugin AutomationUtils
LogPluginManager: Mounting plugin BackChannel
LogPluginManager: Mounting plugin ChaosCloth
LogPluginManager: Mounting plugin ChaosClothEditor
LogPluginManager: Mounting plugin ChaosEditor
LogPluginManager: Mounting plugin ChaosNiagara
LogPluginManager: Mounting plugin ChaosSolverPlugin
LogPluginManager: Mounting plugin CharacterAI
LogPluginManager: Mounting plugin GeometryCache
LogPluginManager: Mounting plugin GeometryProcessing
LogPluginManager: Mounting plugin GeometryCollectionPlugin
LogPluginManager: Mounting plugin MotoSynth
LogPluginManager: Mounting plugin OpenImageDenoise
LogPluginManager: Mounting plugin PlanarCut
LogPluginManager: Mounting plugin PlatformCrypto
LogPluginManager: Mounting plugin ProxyLODPlugin
LogPluginManager: Mounting plugin PythonScriptPlugin
LogPluginManager: Mounting plugin Niagara
LogPluginManager: Mounting plugin SkeletalReduction
LogPluginManager: Mounting plugin LuminPlatformFeatures
LogPluginManager: Mounting plugin MagicLeap
LogPluginManager: Mounting plugin MagicLeapLightEstimation
LogPluginManager: Mounting plugin MagicLeapMedia
LogPluginManager: Mounting plugin MagicLeapPassableWorld
LogPluginManager: Mounting plugin MLSDK
LogPluginManager: Mounting plugin AndroidMedia
LogPluginManager: Mounting plugin AvfMedia
LogPluginManager: Mounting plugin ImgMedia
LogPluginManager: Mounting plugin MediaCompositing
LogPluginManager: Mounting plugin MediaPlayerEditor
LogPluginManager: Mounting plugin WebMMedia
LogPluginManager: Mounting plugin WmfMedia
LogPluginManager: Mounting plugin LevelSequenceEditor
LogPluginManager: Mounting plugin MatineeToLevelSequence
LogPluginManager: Mounting plugin TemplateSequence
LogPluginManager: Mounting plugin OnlineSubsystem
LogPluginManager: Mounting plugin OnlineSubsystemNull
LogPluginManager: Mounting plugin OnlineSubsystemUtils
LogPluginManager: Mounting plugin TcpMessaging
LogPluginManager: Mounting plugin UdpMessaging
LogPluginManager: Mounting plugin LauncherChunkInstaller
LogPluginManager: Mounting plugin ActorLayerUtilities
LogPluginManager: Mounting plugin AndroidDeviceProfileSelector
LogPluginManager: Mounting plugin AndroidMoviePlayer
LogPluginManager: Mounting plugin AndroidPermission
LogPluginManager: Mounting plugin AppleImageUtils
LogPluginManager: Mounting plugin AppleMoviePlayer
LogPluginManager: Mounting plugin ArchVisCharacter
LogPluginManager: Mounting plugin AssetTags
LogPluginManager: Mounting plugin AudioCapture
LogPluginManager: Mounting plugin AudioSynesthesia
LogPluginManager: Mounting plugin CableComponent
LogPluginManager: Mounting plugin ChunkDownloader
LogPluginManager: Mounting plugin CustomMeshComponent
LogPluginManager: Mounting plugin EditableMesh
LogPluginManager: Mounting plugin ExampleDeviceProfileSelector
LogPluginManager: Mounting plugin GoogleCloudMessaging
LogPluginManager: Mounting plugin GooglePAD
LogPluginManager: Mounting plugin IOSDeviceProfileSelector
LogPluginManager: Mounting plugin LinuxDeviceProfileSelector
LogPluginManager: Mounting plugin LocationServicesBPLibrary
LogPluginManager: Mounting plugin MobilePatchingUtils
LogPluginManager: Mounting plugin PhysXVehicles
LogPluginManager: Mounting plugin PostSplashScreen
LogPluginManager: Mounting plugin ProceduralMeshComponent
LogPluginManager: Mounting plugin PropertyAccessEditor
LogPluginManager: Mounting plugin RuntimePhysXCooking
LogPluginManager: Mounting plugin SignificanceManager
LogPluginManager: Mounting plugin SoundFields
LogPluginManager: Mounting plugin Synthesis
LogPluginManager: Mounting plugin WindowsMoviePlayer
LogPluginManager: Mounting plugin WebMMoviePlayer
LogPluginManager: Mounting plugin ScreenshotTools
LogPluginManager: Mounting plugin ActorSequence
LogPluginManager: Mounting plugin ContentBrowserAssetDataSource
LogPluginManager: Mounting plugin ContentBrowserClassDataSource
LogPluginManager: Mounting plugin ContentBrowserFileDataSource
LogPluginManager: Mounting plugin RiderLink
LogPluginManager: Mounting plugin OnlineSubsystemGooglePlay
LogPluginManager: Mounting plugin OnlineSubsystemIOS
PixWinPlugin: PIX capture plugin failed to initialize! Check that the process is launched from PIX.
LogInit: Using libcurl 7.55.1-DEV
LogInit:  - built for x86_64-pc-win32
LogInit:  - supports SSL with OpenSSL/1.1.1
LogInit:  - supports HTTP deflate (compression) using libz 1.2.8
LogInit:  - other features:
LogInit:      CURL_VERSION_SSL
LogInit:      CURL_VERSION_LIBZ
LogInit:      CURL_VERSION_IPV6
LogInit:      CURL_VERSION_ASYNCHDNS
LogInit:      CURL_VERSION_LARGEFILE
LogInit:      CURL_VERSION_IDN
LogInit:  CurlRequestOptions (configurable via config and command line):
LogInit:  - bVerifyPeer = true  - Libcurl will verify peer certificate
LogInit:  - bUseHttpProxy = false  - Libcurl will NOT use HTTP proxy
LogInit:  - bDontReuseConnections = false  - Libcurl will reuse connections
LogInit:  - MaxHostConnections = 16  - Libcurl will limit the number of connections to a host
LogInit:  - LocalHostAddr = Default
LogInit:  - BufferSize = 65536
LogOnline: OSS: Creating online subsystem instance for: NULL
LogInit: WinSock: version 1.1 (2.2), MaxSocks=32767, MaxUdp=65467
LogOnline: OSS: TryLoadSubsystemAndSetDefault: Loaded subsystem for module [NULL]
LogInit: Build: ++UE4+Release-4.27-CL-18319896
LogInit: Engine Version: 4.27.2-18319896+++UE4+Release-4.27
LogInit: Compatible Engine Version: 4.27.0-17155196+++UE4+Release-4.27
LogInit: Net CL: 17155196
LogInit: OS: Windows 10 (Release 2009) (), CPU: Intel(R) Core(TM) i5-6400 CPU @ 2.70GHz, GPU: NVIDIA GeForce GTX 1050 Ti
LogInit: Compiled (64-bit): Nov 30 2021 07:12:08
LogInit: Compiled with Visual C++: 19.24.28315.00
LogInit: Build Configuration: Development
LogInit: Branch Name: ++UE4+Release-4.27
LogInit: Command Line:  -skipcompile
LogInit: Base Directory: C:/UE_4.27/Engine/Binaries/Win64/
LogInit: Allocator: TBB
LogInit: Installed Engine Build: 1
LogDevObjectVersion: Number of dev versions registered: 29
LogDevObjectVersion:   Dev-Blueprints (B0D832E4-1F89-4F0D-ACCF-7EB736FD4AA2): 10
LogDevObjectVersion:   Dev-Build (E1C64328-A22C-4D53-A36C-8E866417BD8C): 0
LogDevObjectVersion:   Dev-Core (375EC13C-06E4-48FB-B500-84F0262A717E): 4
LogDevObjectVersion:   Dev-Editor (E4B068ED-F494-42E9-A231-DA0B2E46BB41): 40
LogDevObjectVersion:   Dev-Framework (CFFC743F-43B0-4480-9391-14DF171D2073): 37
LogDevObjectVersion:   Dev-Mobile (B02B49B5-BB20-44E9-A304-32B752E40360): 3
LogDevObjectVersion:   Dev-Networking (A4E4105C-59A1-49B5-A7C5-40C4547EDFEE): 0
LogDevObjectVersion:   Dev-Online (39C831C9-5AE6-47DC-9A44-9C173E1C8E7C): 0
LogDevObjectVersion:   Dev-Physics (78F01B33-EBEA-4F98-B9B4-84EACCB95AA2): 14
LogDevObjectVersion:   Dev-Platform (6631380F-2D4D-43E0-8009-CF276956A95A): 0
LogDevObjectVersion:   Dev-Rendering (12F88B9F-8875-4AFC-A67C-D90C383ABD29): 45
LogDevObjectVersion:   Dev-Sequencer (7B5AE74C-D270-4C10-A958-57980B212A5A): 13
LogDevObjectVersion:   Dev-VR (D7296918-1DD6-4BDD-9DE2-64A83CC13884): 3
LogDevObjectVersion:   Dev-LoadTimes (C2A15278-BFE7-4AFE-6C17-90FF531DF755): 1
LogDevObjectVersion:   Private-Geometry (6EACA3D4-40EC-4CC1-B786-8BED09428FC5): 3
LogDevObjectVersion:   Dev-AnimPhys (29E575DD-E0A3-4627-9D10-D276232CDCEA): 17
LogDevObjectVersion:   Dev-Anim (AF43A65D-7FD3-4947-9873-3E8ED9C1BB05): 15
LogDevObjectVersion:   Dev-ReflectionCapture (6B266CEC-1EC7-4B8F-A30B-E4D90942FC07): 1
LogDevObjectVersion:   Dev-Automation (0DF73D61-A23F-47EA-B727-89E90C41499A): 1
LogDevObjectVersion:   FortniteMain (601D1886-AC64-4F84-AA16-D3DE0DEAC7D6): 47
LogDevObjectVersion:   FortniteRelease (E7086368-6B23-4C58-8439-1B7016265E91): 1
LogDevObjectVersion:   Dev-Enterprise (9DFFBCD6-494F-0158-E221-12823C92A888): 10
LogDevObjectVersion:   Dev-Niagara (F2AED0AC-9AFE-416F-8664-AA7FFA26D6FC): 1
LogDevObjectVersion:   Dev-Destruction (174F1F0B-B4C6-45A5-B13F-2EE8D0FB917D): 10
LogDevObjectVersion:   Dev-Physics-Ext (35F94A83-E258-406C-A318-09F59610247C): 41
LogDevObjectVersion:   Dev-PhysicsMaterial-Chaos (B68FC16E-8B1B-42E2-B453-215C058844FE): 1
LogDevObjectVersion:   Dev-CineCamera (B2E18506-4273-CFC2-A54E-F4BB758BBA07): 1
LogDevObjectVersion:   Dev-VirtualProduction (64F58936-FD1B-42BA-BA96-7289D5D0FA4E): 1
LogDevObjectVersion:   Dev-MediaFramework (6F0ED827-A609-4895-9C91-998D90180EA4): 2
LogInit: Presizing for max 25165824 objects, including 0 objects not considered by GC, pre-allocating 0 bytes for permanent pool.
LogConfig: Applying CVar settings from Section [/Script/Engine.StreamingSettings] File [B:/University Projects/GSP-Tech-Demo-4-Assessment-Project/Tech_Demo_4/Saved/Config/Windows/Engine.ini]
LogConfig: Setting CVar [[s.MinBulkDataSizeForAsyncLoading:131072]]
LogConfig: Setting CVar [[s.AsyncLoadingThreadEnabled:0]]
LogConfig: Setting CVar [[s.EventDrivenLoaderEnabled:1]]
LogConfig: Setting CVar [[s.WarnIfTimeLimitExceeded:0]]
LogConfig: Setting CVar [[s.TimeLimitExceededMultiplier:1.5]]
LogConfig: Setting CVar [[s.TimeLimitExceededMinTime:0.005]]
LogConfig: Setting CVar [[s.UseBackgroundLevelStreaming:1]]
LogConfig: Setting CVar [[s.PriorityAsyncLoadingExtraTime:15.0]]
LogConfig: Setting CVar [[s.LevelStreamingActorsUpdateTimeLimit:5.0]]
LogConfig: Setting CVar [[s.PriorityLevelStreamingActorsUpdateExtraTime:5.0]]
LogConfig: Setting CVar [[s.LevelStreamingComponentsRegistrationGranularity:10]]
LogConfig: Setting CVar [[s.UnregisterComponentsTimeLimit:1.0]]
LogConfig: Setting CVar [[s.LevelStreamingComponentsUnregistrationGranularity:5]]
LogConfig: Setting CVar [[s.FlushStreamingOnExit:1]]
LogInit: Object subsystem initialized
LogConfig: Setting CVar [[con.DebugEarlyDefault:1]]
LogConfig: Setting CVar [[r.setres:1280x720]]
[2023.12.23-15.09.20:809][  0]LogConfig: Setting CVar [[r.VSync:0]]
[2023.12.23-15.09.20:809][  0]LogConfig: Setting CVar [[r.RHICmdBypass:0]]
[2023.12.23-15.09.20:809][  0]LogConfig: Applying CVar settings from Section [/Script/Engine.RendererSettings] File [B:/University Projects/GSP-Tech-Demo-4-Assessment-Project/Tech_Demo_4/Saved/Config/Windows/Engine.ini]
[2023.12.23-15.09.20:809][  0]LogConfig: Setting CVar [[r.GPUCrashDebugging:0]]
[2023.12.23-15.09.20:809][  0]LogConfig: Applying CVar settings from Section [/Script/Engine.RendererOverrideSettings] File [B:/University Projects/GSP-Tech-Demo-4-Assessment-Project/Tech_Demo_4/Saved/Config/Windows/Engine.ini]
[2023.12.23-15.09.20:809][  0]LogConfig: Applying CVar settings from Section [/Script/Engine.StreamingSettings] File [B:/University Projects/GSP-Tech-Demo-4-Assessment-Project/Tech_Demo_4/Saved/Config/Windows/Engine.ini]
[2023.12.23-15.09.20:809][  0]LogConfig: Setting CVar [[s.MinBulkDataSizeForAsyncLoading:131072]]
[2023.12.23-15.09.20:809][  0]LogConfig: Setting CVar [[s.AsyncLoadingThreadEnabled:0]]
[2023.12.23-15.09.20:809][  0]LogConfig: Setting CVar [[s.EventDrivenLoaderEnabled:1]]
[2023.12.23-15.09.20:809][  0]LogConfig: Setting CVar [[s.WarnIfTimeLimitExceeded:0]]
[2023.12.23-15.09.20:809][  0]LogConfig: Setting CVar [[s.TimeLimitExceededMultiplier:1.5]]
[2023.12.23-15.09.20:809][  0]LogConfig: Setting CVar [[s.TimeLimitExceededMinTime:0.005]]
[2023.12.23-15.09.20:809][  0]LogConfig: Setting CVar [[s.UseBackgroundLevelStreaming:1]]
[2023.12.23-15.09.20:809][  0]LogConfig: Setting CVar [[s.PriorityAsyncLoadingExtraTime:15.0]]
[2023.12.23-15.09.20:809][  0]LogConfig: Setting CVar [[s.LevelStreamingActorsUpdateTimeLimit:5.0]]
[2023.12.23-15.09.20:809][  0]LogConfig: Setting CVar [[s.PriorityLevelStreamingActorsUpdateExtraTime:5.0]]
[2023.12.23-15.09.20:809][  0]LogConfig: Setting CVar [[s.LevelStreamingComponentsRegistrationGranularity:10]]
[2023.12.23-15.09.20:809][  0]LogConfig: Setting CVar [[s.UnregisterComponentsTimeLimit:1.0]]
[2023.12.23-15.09.20:809][  0]LogConfig: Setting CVar [[s.LevelStreamingComponentsUnregistrationGranularity:5]]
[2023.12.23-15.09.20:809][  0]LogConfig: Setting CVar [[s.FlushStreamingOnExit:1]]
[2023.12.23-15.09.20:809][  0]LogConfig: Applying CVar settings from Section [/Script/Engine.GarbageCollectionSettings] File [B:/University Projects/GSP-Tech-Demo-4-Assessment-Project/Tech_Demo_4/Saved/Config/Windows/Engine.ini]
[2023.12.23-15.09.20:809][  0]LogConfig: Setting CVar [[gc.MaxObjectsNotConsideredByGC:1]]
[2023.12.23-15.09.20:809][  0]LogConfig: Setting CVar [[gc.SizeOfPermanentObjectPool:0]]
[2023.12.23-15.09.20:809][  0]LogConfig: Setting CVar [[gc.FlushStreamingOnGC:0]]
[2023.12.23-15.09.20:809][  0]LogConfig: Setting CVar [[gc.NumRetriesBeforeForcingGC:10]]
[2023.12.23-15.09.20:809][  0]LogConfig: Setting CVar [[gc.AllowParallelGC:1]]
[2023.12.23-15.09.20:809][  0]LogConfig: Setting CVar [[gc.TimeBetweenPurgingPendingKillObjects:61.1]]
[2023.12.23-15.09.20:809][  0]LogConfig: Setting CVar [[gc.MaxObjectsInEditor:25165824]]
[2023.12.23-15.09.20:809][  0]LogConfig: Setting CVar [[gc.IncrementalBeginDestroyEnabled:1]]
[2023.12.23-15.09.20:809][  0]LogConfig: Setting CVar [[gc.CreateGCClusters:1]]
[2023.12.23-15.09.20:809][  0]LogConfig: Setting CVar [[gc.MinGCClusterSize:5]]
[2023.12.23-15.09.20:809][  0]LogConfig: Setting CVar [[gc.ActorClusteringEnabled:0]]
[2023.12.23-15.09.20:809][  0]LogConfig: Setting CVar [[gc.BlueprintClusteringEnabled:0]]
[2023.12.23-15.09.20:809][  0]LogConfig: Setting CVar [[gc.UseDisregardForGCOnDedicatedServers:0]]
[2023.12.23-15.09.20:809][  0]LogConfig: Setting CVar [[gc.MultithreadedDestructionEnabled:1]]
[2023.12.23-15.09.20:809][  0]LogConfig: Applying CVar settings from Section [/Script/Engine.NetworkSettings] File [B:/University Projects/GSP-Tech-Demo-4-Assessment-Project/Tech_Demo_4/Saved/Config/Windows/Engine.ini]
[2023.12.23-15.09.20:809][  0]LogConfig: Applying CVar settings from Section [/Script/UnrealEd.CookerSettings] File [B:/University Projects/GSP-Tech-Demo-4-Assessment-Project/Tech_Demo_4/Saved/Config/Windows/Engine.ini]
[2023.12.23-15.09.20:835][  0]LogConfig: Applying CVar settings from Section [ViewDistanceQuality@3] File [B:/University Projects/GSP-Tech-Demo-4-Assessment-Project/Tech_Demo_4/Saved/Config/Windows/Scalability.ini]
[2023.12.23-15.09.20:835][  0]LogConfig: Setting CVar [[r.SkeletalMeshLODBias:0]]
[2023.12.23-15.09.20:835][  0]LogConfig: Setting CVar [[r.ViewDistanceScale:1.0]]
[2023.12.23-15.09.20:835][  0]LogConfig: Applying CVar settings from Section [AntiAliasingQuality@3] File [B:/University Projects/GSP-Tech-Demo-4-Assessment-Project/Tech_Demo_4/Saved/Config/Windows/Scalability.ini]
[2023.12.23-15.09.20:835][  0]LogConfig: Setting CVar [[r.PostProcessAAQuality:4]]
[2023.12.23-15.09.20:835][  0]LogConfig: Applying CVar settings from Section [ShadowQuality@3] File [B:/University Projects/GSP-Tech-Demo-4-Assessment-Project/Tech_Demo_4/Saved/Config/Windows/Scalability.ini]
[2023.12.23-15.09.20:835][  0]LogConfig: Setting CVar [[r.LightFunctionQuality:1]]
[2023.12.23-15.09.20:835][  0]LogConfig: Setting CVar [[r.ShadowQuality:5]]
[2023.12.23-15.09.20:835][  0]LogConfig: Setting CVar [[r.Shadow.CSM.MaxCascades:10]]
[2023.12.23-15.09.20:835][  0]LogConfig: Setting CVar [[r.Shadow.MaxResolution:2048]]
[2023.12.23-15.09.20:835][  0]LogConfig: Setting CVar [[r.Shadow.MaxCSMResolution:2048]]
[2023.12.23-15.09.20:835][  0]LogConfig: Setting CVar [[r.Shadow.RadiusThreshold:0.01]]
[2023.12.23-15.09.20:835][  0]LogConfig: Setting CVar [[r.Shadow.DistanceScale:1.0]]
[2023.12.23-15.09.20:835][  0]LogConfig: Setting CVar [[r.Shadow.CSM.TransitionScale:1.0]]
[2023.12.23-15.09.20:835][  0]LogConfig: Setting CVar [[r.Shadow.PreShadowResolutionFactor:1.0]]
[2023.12.23-15.09.20:835][  0]LogConfig: Setting CVar [[r.DistanceFieldShadowing:1]]
[2023.12.23-15.09.20:835][  0]LogConfig: Setting CVar [[r.DistanceFieldAO:1]]
[2023.12.23-15.09.20:836][  0]LogConfig: Setting CVar [[r.AOQuality:2]]
[2023.12.23-15.09.20:836][  0]LogConfig: Setting CVar [[r.VolumetricFog:1]]
[2023.12.23-15.09.20:836][  0]LogConfig: Setting CVar [[r.VolumetricFog.GridPixelSize:8]]
[2023.12.23-15.09.20:836][  0]LogConfig: Setting CVar [[r.VolumetricFog.GridSizeZ:128]]
[2023.12.23-15.09.20:836][  0]LogConfig: Setting CVar [[r.VolumetricFog.HistoryMissSupersampleCount:4]]
[2023.12.23-15.09.20:836][  0]LogConfig: Setting CVar [[r.LightMaxDrawDistanceScale:1]]
[2023.12.23-15.09.20:836][  0]LogConfig: Setting CVar [[r.CapsuleShadows:1]]
[2023.12.23-15.09.20:836][  0]LogConfig: Applying CVar settings from Section [PostProcessQuality@3] File [B:/University Projects/GSP-Tech-Demo-4-Assessment-Project/Tech_Demo_4/Saved/Config/Windows/Scalability.ini]
[2023.12.23-15.09.20:836][  0]LogConfig: Setting CVar [[r.MotionBlurQuality:4]]
[2023.12.23-15.09.20:836][  0]LogConfig: Setting CVar [[r.AmbientOcclusionMipLevelFactor:0.4]]
[2023.12.23-15.09.20:836][  0]LogConfig: Setting CVar [[r.AmbientOcclusionMaxQuality:100]]
[2023.12.23-15.09.20:836][  0]LogConfig: Setting CVar [[r.AmbientOcclusionLevels:-1]]
[2023.12.23-15.09.20:836][  0]LogConfig: Setting CVar [[r.AmbientOcclusionRadiusScale:1.0]]
[2023.12.23-15.09.20:836][  0]LogConfig: Setting CVar [[r.DepthOfFieldQuality:2]]
[2023.12.23-15.09.20:836][  0]LogConfig: Setting CVar [[r.RenderTargetPoolMin:400]]
[2023.12.23-15.09.20:836][  0]LogConfig: Setting CVar [[r.LensFlareQuality:2]]
[2023.12.23-15.09.20:836][  0]LogConfig: Setting CVar [[r.SceneColorFringeQuality:1]]
[2023.12.23-15.09.20:836][  0]LogConfig: Setting CVar [[r.EyeAdaptationQuality:2]]
[2023.12.23-15.09.20:836][  0]LogConfig: Setting CVar [[r.BloomQuality:5]]
[2023.12.23-15.09.20:836][  0]LogConfig: Setting CVar [[r.FastBlurThreshold:100]]
[2023.12.23-15.09.20:836][  0]LogConfig: Setting CVar [[r.Upscale.Quality:3]]
[2023.12.23-15.09.20:836][  0]LogConfig: Setting CVar [[r.Tonemapper.GrainQuantization:1]]
[2023.12.23-15.09.20:836][  0]LogConfig: Setting CVar [[r.LightShaftQuality:1]]
[2023.12.23-15.09.20:836][  0]LogConfig: Setting CVar [[r.Filter.SizeScale:1]]
[2023.12.23-15.09.20:836][  0]LogConfig: Setting CVar [[r.Tonemapper.Quality:5]]
[2023.12.23-15.09.20:836][  0]LogConfig: Setting CVar [[r.DOF.Gather.AccumulatorQuality:1        ; higher gathering accumulator quality]]
[2023.12.23-15.09.20:836][  0]LogConfig: Setting CVar [[r.DOF.Gather.PostfilterMethod:1          ; Median3x3 postfilering method]]
[2023.12.23-15.09.20:836][  0]LogConfig: Setting CVar [[r.DOF.Gather.EnableBokehSettings:0       ; no bokeh simulation when gathering]]
[2023.12.23-15.09.20:836][  0]LogConfig: Setting CVar [[r.DOF.Gather.RingCount:4                 ; medium number of samples when gathering]]
[2023.12.23-15.09.20:836][  0]LogConfig: Setting CVar [[r.DOF.Scatter.ForegroundCompositing:1    ; additive foreground scattering]]
[2023.12.23-15.09.20:836][  0]LogConfig: Setting CVar [[r.DOF.Scatter.BackgroundCompositing:2    ; additive background scattering]]
[2023.12.23-15.09.20:836][  0]LogConfig: Setting CVar [[r.DOF.Scatter.EnableBokehSettings:1      ; bokeh simulation when scattering]]
[2023.12.23-15.09.20:836][  0]LogConfig: Setting CVar [[r.DOF.Scatter.MaxSpriteRatio:0.1         ; only a maximum of 10% of scattered bokeh]]
[2023.12.23-15.09.20:836][  0]LogConfig: Setting CVar [[r.DOF.Recombine.Quality:1                ; cheap slight out of focus]]
[2023.12.23-15.09.20:836][  0]LogConfig: Setting CVar [[r.DOF.Recombine.EnableBokehSettings:0    ; no bokeh simulation on slight out of focus]]
[2023.12.23-15.09.20:836][  0]LogConfig: Setting CVar [[r.DOF.TemporalAAQuality:1                ; more stable temporal accumulation]]
[2023.12.23-15.09.20:836][  0]LogConfig: Setting CVar [[r.DOF.Kernel.MaxForegroundRadius:0.025]]
[2023.12.23-15.09.20:836][  0]LogConfig: Setting CVar [[r.DOF.Kernel.MaxBackgroundRadius:0.025]]
[2023.12.23-15.09.20:836][  0]LogConfig: Applying CVar settings from Section [TextureQuality@3] File [B:/University Projects/GSP-Tech-Demo-4-Assessment-Project/Tech_Demo_4/Saved/Config/Windows/Scalability.ini]
[2023.12.23-15.09.20:836][  0]LogConfig: Setting CVar [[r.Streaming.MipBias:0]]
[2023.12.23-15.09.20:836][  0]LogConfig: Setting CVar [[r.Streaming.AmortizeCPUToGPUCopy:0]]
[2023.12.23-15.09.20:836][  0]LogConfig: Setting CVar [[r.Streaming.MaxNumTexturesToStreamPerFrame:0]]
[2023.12.23-15.09.20:836][  0]LogConfig: Setting CVar [[r.Streaming.Boost:1]]
[2023.12.23-15.09.20:836][  0]LogConfig: Setting CVar [[r.MaxAnisotropy:8]]
[2023.12.23-15.09.20:836][  0]LogConfig: Setting CVar [[r.VT.MaxAnisotropy:8]]
[2023.12.23-15.09.20:836][  0]LogConfig: Setting CVar [[r.Streaming.LimitPoolSizeToVRAM:0]]
[2023.12.23-15.09.20:836][  0]LogConfig: Setting CVar [[r.Streaming.PoolSize:1000]]
[2023.12.23-15.09.20:836][  0]LogConfig: Setting CVar [[r.Streaming.MaxEffectiveScreenSize:0]]
[2023.12.23-15.09.20:836][  0]LogConfig: Applying CVar settings from Section [EffectsQuality@3] File [B:/University Projects/GSP-Tech-Demo-4-Assessment-Project/Tech_Demo_4/Saved/Config/Windows/Scalability.ini]
[2023.12.23-15.09.20:836][  0]LogConfig: Setting CVar [[r.TranslucencyLightingVolumeDim:64]]
[2023.12.23-15.09.20:836][  0]LogConfig: Setting CVar [[r.RefractionQuality:2]]
[2023.12.23-15.09.20:836][  0]LogConfig: Setting CVar [[r.SSR.Quality:3]]
[2023.12.23-15.09.20:836][  0]LogConfig: Setting CVar [[r.SSR.HalfResSceneColor:0]]
[2023.12.23-15.09.20:836][  0]LogConfig: Setting CVar [[r.SceneColorFormat:4]]
[2023.12.23-15.09.20:837][  0]LogConfig: Setting CVar [[r.DetailMode:2]]
[2023.12.23-15.09.20:837][  0]LogConfig: Setting CVar [[r.TranslucencyVolumeBlur:1]]
[2023.12.23-15.09.20:837][  0]LogConfig: Setting CVar [[r.MaterialQualityLevel:1 ; High quality]]
[2023.12.23-15.09.20:837][  0]LogConfig: Setting CVar [[r.AnisotropicMaterials:1]]
[2023.12.23-15.09.20:837][  0]LogConfig: Setting CVar [[r.SSS.Scale:1]]
[2023.12.23-15.09.20:837][  0]LogConfig: Setting CVar [[r.SSS.SampleSet:2]]
[2023.12.23-15.09.20:837][  0]LogConfig: Setting CVar [[r.SSS.Quality:1]]
[2023.12.23-15.09.20:837][  0]LogConfig: Setting CVar [[r.SSS.HalfRes:0]]
[2023.12.23-15.09.20:837][  0]LogConfig: Setting CVar [[r.SSGI.Quality:3]]
[2023.12.23-15.09.20:837][  0]LogConfig: Setting CVar [[r.EmitterSpawnRateScale:1.0]]
[2023.12.23-15.09.20:837][  0]LogConfig: Setting CVar [[r.ParticleLightQuality:2]]
[2023.12.23-15.09.20:837][  0]LogConfig: Setting CVar [[r.SkyAtmosphere.AerialPerspectiveLUT.FastApplyOnOpaque:1 ; Always have FastSkyLUT 1 in this case to avoid wrong sky]]
[2023.12.23-15.09.20:837][  0]LogConfig: Setting CVar [[r.SkyAtmosphere.AerialPerspectiveLUT.SampleCountMaxPerSlice:4]]
[2023.12.23-15.09.20:837][  0]LogConfig: Setting CVar [[r.SkyAtmosphere.AerialPerspectiveLUT.DepthResolution:16.0]]
[2023.12.23-15.09.20:837][  0]LogConfig: Setting CVar [[r.SkyAtmosphere.FastSkyLUT:1]]
[2023.12.23-15.09.20:837][  0]LogConfig: Setting CVar [[r.SkyAtmosphere.FastSkyLUT.SampleCountMin:4.0]]
[2023.12.23-15.09.20:837][  0]LogConfig: Setting CVar [[r.SkyAtmosphere.FastSkyLUT.SampleCountMax:128.0]]
[2023.12.23-15.09.20:837][  0]LogConfig: Setting CVar [[r.SkyAtmosphere.SampleCountMin:4.0]]
[2023.12.23-15.09.20:837][  0]LogConfig: Setting CVar [[r.SkyAtmosphere.SampleCountMax:128.0]]
[2023.12.23-15.09.20:837][  0]LogConfig: Setting CVar [[r.SkyAtmosphere.TransmittanceLUT.UseSmallFormat:0]]
[2023.12.23-15.09.20:837][  0]LogConfig: Setting CVar [[r.SkyAtmosphere.TransmittanceLUT.SampleCount:10.0]]
[2023.12.23-15.09.20:837][  0]LogConfig: Setting CVar [[r.SkyAtmosphere.MultiScatteringLUT.SampleCount:15.0]]
[2023.12.23-15.09.20:837][  0]LogConfig: Setting CVar [[r.SkyLight.RealTimeReflectionCapture:1]]
[2023.12.23-15.09.20:837][  0]LogConfig: Applying CVar settings from Section [FoliageQuality@3] File [B:/University Projects/GSP-Tech-Demo-4-Assessment-Project/Tech_Demo_4/Saved/Config/Windows/Scalability.ini]
[2023.12.23-15.09.20:837][  0]LogConfig: Setting CVar [[foliage.DensityScale:1.0]]
[2023.12.23-15.09.20:837][  0]LogConfig: Setting CVar [[grass.DensityScale:1.0]]
[2023.12.23-15.09.20:837][  0]LogConfig: Applying CVar settings from Section [ShadingQuality@3] File [B:/University Projects/GSP-Tech-Demo-4-Assessment-Project/Tech_Demo_4/Saved/Config/Windows/Scalability.ini]
[2023.12.23-15.09.20:837][  0]LogConfig: Setting CVar [[r.HairStrands.SkyLighting.IntegrationType:2]]
[2023.12.23-15.09.20:837][  0]LogConfig: Setting CVar [[r.HairStrands.SkyAO.SampleCount:4]]
[2023.12.23-15.09.20:837][  0]LogConfig: Setting CVar [[r.HairStrands.Visibility.MSAA.SamplePerPixel:4]]
[2023.12.23-15.09.20:837][  0]LogInit: Selected Device Profile: [Windows]
[2023.12.23-15.09.20:837][  0]LogInit: Applying CVar settings loaded from the selected device profile: [Windows]
[2023.12.23-15.09.20:837][  0]LogHAL: Display: Platform has ~ 24 GB [25726513152 / 34359738368 / 24], which maps to Larger [LargestMinGB=32, LargerMinGB=12, DefaultMinGB=8, SmallerMinGB=6, SmallestMinGB=0)
[2023.12.23-15.09.20:837][  0]LogInit: Going up to parent DeviceProfile []
[2023.12.23-15.09.20:837][  0]LogConfig: Applying CVar settings from Section [ViewDistanceQuality@3] File [B:/University Projects/GSP-Tech-Demo-4-Assessment-Project/Tech_Demo_4/Saved/Config/Windows/Scalability.ini]
[2023.12.23-15.09.20:837][  0]LogConfig: Setting CVar [[r.SkeletalMeshLODBias:0]]
[2023.12.23-15.09.20:837][  0]LogConfig: Setting CVar [[r.ViewDistanceScale:1.0]]
[2023.12.23-15.09.20:837][  0]LogConfig: Applying CVar settings from Section [AntiAliasingQuality@3] File [B:/University Projects/GSP-Tech-Demo-4-Assessment-Project/Tech_Demo_4/Saved/Config/Windows/Scalability.ini]
[2023.12.23-15.09.20:837][  0]LogConfig: Setting CVar [[r.PostProcessAAQuality:4]]
[2023.12.23-15.09.20:837][  0]LogConfig: Applying CVar settings from Section [ShadowQuality@3] File [B:/University Projects/GSP-Tech-Demo-4-Assessment-Project/Tech_Demo_4/Saved/Config/Windows/Scalability.ini]
[2023.12.23-15.09.20:837][  0]LogConfig: Setting CVar [[r.LightFunctionQuality:1]]
[2023.12.23-15.09.20:837][  0]LogConfig: Setting CVar [[r.ShadowQuality:5]]
[2023.12.23-15.09.20:837][  0]LogConfig: Setting CVar [[r.Shadow.CSM.MaxCascades:10]]
[2023.12.23-15.09.20:837][  0]LogConfig: Setting CVar [[r.Shadow.MaxResolution:2048]]
[2023.12.23-15.09.20:837][  0]LogConfig: Setting CVar [[r.Shadow.MaxCSMResolution:2048]]
[2023.12.23-15.09.20:837][  0]LogConfig: Setting CVar [[r.Shadow.RadiusThreshold:0.01]]
[2023.12.23-15.09.20:837][  0]LogConfig: Setting CVar [[r.Shadow.DistanceScale:1.0]]
[2023.12.23-15.09.20:838][  0]LogConfig: Setting CVar [[r.Shadow.CSM.TransitionScale:1.0]]
[2023.12.23-15.09.20:838][  0]LogConfig: Setting CVar [[r.Shadow.PreShadowResolutionFactor:1.0]]
[2023.12.23-15.09.20:838][  0]LogConfig: Setting CVar [[r.DistanceFieldShadowing:1]]
[2023.12.23-15.09.20:838][  0]LogConfig: Setting CVar [[r.DistanceFieldAO:1]]
[2023.12.23-15.09.20:838][  0]LogConfig: Setting CVar [[r.AOQuality:2]]
[2023.12.23-15.09.20:838][  0]LogConfig: Setting CVar [[r.VolumetricFog:1]]
[2023.12.23-15.09.20:838][  0]LogConfig: Setting CVar [[r.VolumetricFog.GridPixelSize:8]]
[2023.12.23-15.09.20:838][  0]LogConfig: Setting CVar [[r.VolumetricFog.GridSizeZ:128]]
[2023.12.23-15.09.20:838][  0]LogConfig: Setting CVar [[r.VolumetricFog.HistoryMissSupersampleCount:4]]
[2023.12.23-15.09.20:838][  0]LogConfig: Setting CVar [[r.LightMaxDrawDistanceScale:1]]
[2023.12.23-15.09.20:838][  0]LogConfig: Setting CVar [[r.CapsuleShadows:1]]
[2023.12.23-15.09.20:838][  0]LogConfig: Applying CVar settings from Section [PostProcessQuality@3] File [B:/University Projects/GSP-Tech-Demo-4-Assessment-Project/Tech_Demo_4/Saved/Config/Windows/Scalability.ini]
[2023.12.23-15.09.20:838][  0]LogConfig: Setting CVar [[r.MotionBlurQuality:4]]
[2023.12.23-15.09.20:838][  0]LogConfig: Setting CVar [[r.AmbientOcclusionMipLevelFactor:0.4]]
[2023.12.23-15.09.20:838][  0]LogConfig: Setting CVar [[r.AmbientOcclusionMaxQuality:100]]
[2023.12.23-15.09.20:838][  0]LogConfig: Setting CVar [[r.AmbientOcclusionLevels:-1]]
[2023.12.23-15.09.20:838][  0]LogConfig: Setting CVar [[r.AmbientOcclusionRadiusScale:1.0]]
[2023.12.23-15.09.20:838][  0]LogConfig: Setting CVar [[r.DepthOfFieldQuality:2]]
[2023.12.23-15.09.20:838][  0]LogConfig: Setting CVar [[r.RenderTargetPoolMin:400]]
[2023.12.23-15.09.20:838][  0]LogConfig: Setting CVar [[r.LensFlareQuality:2]]
[2023.12.23-15.09.20:838][  0]LogConfig: Setting CVar [[r.SceneColorFringeQuality:1]]
[2023.12.23-15.09.20:838][  0]LogConfig: Setting CVar [[r.EyeAdaptationQuality:2]]
[2023.12.23-15.09.20:838][  0]LogConfig: Setting CVar [[r.BloomQuality:5]]
[2023.12.23-15.09.20:838][  0]LogConfig: Setting CVar [[r.FastBlurThreshold:100]]
[2023.12.23-15.09.20:838][  0]LogConfig: Setting CVar [[r.Upscale.Quality:3]]
[2023.12.23-15.09.20:838][  0]LogConfig: Setting CVar [[r.Tonemapper.GrainQuantization:1]]
[2023.12.23-15.09.20:838][  0]LogConfig: Setting CVar [[r.LightShaftQuality:1]]
[2023.12.23-15.09.20:838][  0]LogConfig: Setting CVar [[r.Filter.SizeScale:1]]
[2023.12.23-15.09.20:838][  0]LogConfig: Setting CVar [[r.Tonemapper.Quality:5]]
[2023.12.23-15.09.20:838][  0]LogConfig: Setting CVar [[r.DOF.Gather.AccumulatorQuality:1        ; higher gathering accumulator quality]]
[2023.12.23-15.09.20:838][  0]LogConfig: Setting CVar [[r.DOF.Gather.PostfilterMethod:1          ; Median3x3 postfilering method]]
[2023.12.23-15.09.20:838][  0]LogConfig: Setting CVar [[r.DOF.Gather.EnableBokehSettings:0       ; no bokeh simulation when gathering]]
[2023.12.23-15.09.20:838][  0]LogConfig: Setting CVar [[r.DOF.Gather.RingCount:4                 ; medium number of samples when gathering]]
[2023.12.23-15.09.20:838][  0]LogConfig: Setting CVar [[r.DOF.Scatter.ForegroundCompositing:1    ; additive foreground scattering]]
[2023.12.23-15.09.20:838][  0]LogConfig: Setting CVar [[r.DOF.Scatter.BackgroundCompositing:2    ; additive background scattering]]
[2023.12.23-15.09.20:838][  0]LogConfig: Setting CVar [[r.DOF.Scatter.EnableBokehSettings:1      ; bokeh simulation when scattering]]
[2023.12.23-15.09.20:838][  0]LogConfig: Setting CVar [[r.DOF.Scatter.MaxSpriteRatio:0.1         ; only a maximum of 10% of scattered bokeh]]
[2023.12.23-15.09.20:838][  0]LogConfig: Setting CVar [[r.DOF.Recombine.Quality:1                ; cheap slight out of focus]]
[2023.12.23-15.09.20:838][  0]LogConfig: Setting CVar [[r.DOF.Recombine.EnableBokehSettings:0    ; no bokeh simulation on slight out of focus]]
[2023.12.23-15.09.20:838][  0]LogConfig: Setting CVar [[r.DOF.TemporalAAQuality:1                ; more stable temporal accumulation]]
[2023.12.23-15.09.20:838][  0]LogConfig: Setting CVar [[r.DOF.Kernel.MaxForegroundRadius:0.025]]
[2023.12.23-15.09.20:838][  0]LogConfig: Setting CVar [[r.DOF.Kernel.MaxBackgroundRadius:0.025]]
[2023.12.23-15.09.20:838][  0]LogConfig: Applying CVar settings from Section [TextureQuality@3] File [B:/University Projects/GSP-Tech-Demo-4-Assessment-Project/Tech_Demo_4/Saved/Config/Windows/Scalability.ini]
[2023.12.23-15.09.20:838][  0]LogConfig: Setting CVar [[r.Streaming.MipBias:0]]
[2023.12.23-15.09.20:838][  0]LogConfig: Setting CVar [[r.Streaming.AmortizeCPUToGPUCopy:0]]
[2023.12.23-15.09.20:838][  0]LogConfig: Setting CVar [[r.Streaming.MaxNumTexturesToStreamPerFrame:0]]
[2023.12.23-15.09.20:838][  0]LogConfig: Setting CVar [[r.Streaming.Boost:1]]
[2023.12.23-15.09.20:838][  0]LogConfig: Setting CVar [[r.MaxAnisotropy:8]]
[2023.12.23-15.09.20:838][  0]LogConfig: Setting CVar [[r.VT.MaxAnisotropy:8]]
[2023.12.23-15.09.20:838][  0]LogConfig: Setting CVar [[r.Streaming.LimitPoolSizeToVRAM:0]]
[2023.12.23-15.09.20:838][  0]LogConfig: Setting CVar [[r.Streaming.PoolSize:1000]]
[2023.12.23-15.09.20:838][  0]LogConfig: Setting CVar [[r.Streaming.MaxEffectiveScreenSize:0]]
[2023.12.23-15.09.20:838][  0]LogConfig: Applying CVar settings from Section [EffectsQuality@3] File [B:/University Projects/GSP-Tech-Demo-4-Assessment-Project/Tech_Demo_4/Saved/Config/Windows/Scalability.ini]
[2023.12.23-15.09.20:838][  0]LogConfig: Setting CVar [[r.TranslucencyLightingVolumeDim:64]]
[2023.12.23-15.09.20:838][  0]LogConfig: Setting CVar [[r.RefractionQuality:2]]
[2023.12.23-15.09.20:838][  0]LogConfig: Setting CVar [[r.SSR.Quality:3]]
[2023.12.23-15.09.20:838][  0]LogConfig: Setting CVar [[r.SSR.HalfResSceneColor:0]]
[2023.12.23-15.09.20:839][  0]LogConfig: Setting CVar [[r.SceneColorFormat:4]]
[2023.12.23-15.09.20:839][  0]LogConfig: Setting CVar [[r.DetailMode:2]]
[2023.12.23-15.09.20:839][  0]LogConfig: Setting CVar [[r.TranslucencyVolumeBlur:1]]
[2023.12.23-15.09.20:839][  0]LogConfig: Setting CVar [[r.MaterialQualityLevel:1 ; High quality]]
[2023.12.23-15.09.20:839][  0]LogConfig: Setting CVar [[r.AnisotropicMaterials:1]]
[2023.12.23-15.09.20:839][  0]LogConfig: Setting CVar [[r.SSS.Scale:1]]
[2023.12.23-15.09.20:839][  0]LogConfig: Setting CVar [[r.SSS.SampleSet:2]]
[2023.12.23-15.09.20:839][  0]LogConfig: Setting CVar [[r.SSS.Quality:1]]
[2023.12.23-15.09.20:839][  0]LogConfig: Setting CVar [[r.SSS.HalfRes:0]]
[2023.12.23-15.09.20:839][  0]LogConfig: Setting CVar [[r.SSGI.Quality:3]]
[2023.12.23-15.09.20:839][  0]LogConfig: Setting CVar [[r.EmitterSpawnRateScale:1.0]]
[2023.12.23-15.09.20:839][  0]LogConfig: Setting CVar [[r.ParticleLightQuality:2]]
[2023.12.23-15.09.20:839][  0]LogConfig: Setting CVar [[r.SkyAtmosphere.AerialPerspectiveLUT.FastApplyOnOpaque:1 ; Always have FastSkyLUT 1 in this case to avoid wrong sky]]
[2023.12.23-15.09.20:839][  0]LogConfig: Setting CVar [[r.SkyAtmosphere.AerialPerspectiveLUT.SampleCountMaxPerSlice:4]]
[2023.12.23-15.09.20:839][  0]LogConfig: Setting CVar [[r.SkyAtmosphere.AerialPerspectiveLUT.DepthResolution:16.0]]
[2023.12.23-15.09.20:839][  0]LogConfig: Setting CVar [[r.SkyAtmosphere.FastSkyLUT:1]]
[2023.12.23-15.09.20:839][  0]LogConfig: Setting CVar [[r.SkyAtmosphere.FastSkyLUT.SampleCountMin:4.0]]
[2023.12.23-15.09.20:839][  0]LogConfig: Setting CVar [[r.SkyAtmosphere.FastSkyLUT.SampleCountMax:128.0]]
[2023.12.23-15.09.20:839][  0]LogConfig: Setting CVar [[r.SkyAtmosphere.SampleCountMin:4.0]]
[2023.12.23-15.09.20:839][  0]LogConfig: Setting CVar [[r.SkyAtmosphere.SampleCountMax:128.0]]
[2023.12.23-15.09.20:839][  0]LogConfig: Setting CVar [[r.SkyAtmosphere.TransmittanceLUT.UseSmallFormat:0]]
[2023.12.23-15.09.20:839][  0]LogConfig: Setting CVar [[r.SkyAtmosphere.TransmittanceLUT.SampleCount:10.0]]
[2023.12.23-15.09.20:839][  0]LogConfig: Setting CVar [[r.SkyAtmosphere.MultiScatteringLUT.SampleCount:15.0]]
[2023.12.23-15.09.20:839][  0]LogConfig: Setting CVar [[r.SkyLight.RealTimeReflectionCapture:1]]
[2023.12.23-15.09.20:839][  0]LogConfig: Applying CVar settings from Section [FoliageQuality@3] File [B:/University Projects/GSP-Tech-Demo-4-Assessment-Project/Tech_Demo_4/Saved/Config/Windows/Scalability.ini]
[2023.12.23-15.09.20:839][  0]LogConfig: Setting CVar [[foliage.DensityScale:1.0]]
[2023.12.23-15.09.20:839][  0]LogConfig: Setting CVar [[grass.DensityScale:1.0]]
[2023.12.23-15.09.20:839][  0]LogConfig: Applying CVar settings from Section [ShadingQuality@3] File [B:/University Projects/GSP-Tech-Demo-4-Assessment-Project/Tech_Demo_4/Saved/Config/Windows/Scalability.ini]
[2023.12.23-15.09.20:839][  0]LogConfig: Setting CVar [[r.HairStrands.SkyLighting.IntegrationType:2]]
[2023.12.23-15.09.20:839][  0]LogConfig: Setting CVar [[r.HairStrands.SkyAO.SampleCount:4]]
[2023.12.23-15.09.20:839][  0]LogConfig: Setting CVar [[r.HairStrands.Visibility.MSAA.SamplePerPixel:4]]
[2023.12.23-15.09.20:839][  0]LogConfig: Applying CVar settings from Section [Startup] File [../../../Engine/Config/ConsoleVariables.ini]
[2023.12.23-15.09.20:846][  0]LogConfig: Setting CVar [[net.UseAdaptiveNetUpdateFrequency:0]]
[2023.12.23-15.09.20:846][  0]LogConfig: Setting CVar [[p.chaos.AllowCreatePhysxBodies:1]]
[2023.12.23-15.09.20:846][  0]LogConfig: Setting CVar [[fx.SkipVectorVMBackendOptimizations:1]]
[2023.12.23-15.09.20:846][  0]LogConfig: Applying CVar settings from Section [ConsoleVariables] File [B:/University Projects/GSP-Tech-Demo-4-Assessment-Project/Tech_Demo_4/Saved/Config/Windows/Engine.ini]
[2023.12.23-15.09.20:846][  0]LogConfig: Applying CVar settings from Section [ConsoleVariables] File [B:/University Projects/GSP-Tech-Demo-4-Assessment-Project/Tech_Demo_4/Saved/Config/Windows/Editor.ini]
[2023.12.23-15.09.20:846][  0]LogInit: Computer: DESKTOP-AC6PBN4
[2023.12.23-15.09.20:846][  0]LogInit: User: matej
[2023.12.23-15.09.20:846][  0]LogInit: CPU Page size=4096, Cores=4
[2023.12.23-15.09.20:846][  0]LogInit: High frequency timer resolution =10.000000 MHz
[2023.12.23-15.09.20:846][  0]LogMemory: Memory total: Physical=24.0GB (24GB approx)
[2023.12.23-15.09.20:846][  0]LogMemory: Platform Memory Stats for Windows
[2023.12.23-15.09.20:846][  0]LogMemory: Process Physical Memory: 139.62 MB used, 139.63 MB peak
[2023.12.23-15.09.20:847][  0]LogMemory: Process Virtual Memory: 114.15 MB used, 114.15 MB peak
[2023.12.23-15.09.20:847][  0]LogMemory: Physical Memory: 11446.29 MB used,  13088.42 MB free, 24534.71 MB total
[2023.12.23-15.09.20:847][  0]LogMemory: Virtual Memory: 134204752.00 MB used,  12972.39 MB free, 134217728.00 MB total
[2023.12.23-15.09.20:854][  0]LogWindows: WindowsPlatformFeatures enabled
[2023.12.23-15.09.21:128][  0]LogInit: Physics initialised using underlying interface: PhysX
[2023.12.23-15.09.21:129][  0]LogInit: Using OS detected language (en-GB).
[2023.12.23-15.09.21:129][  0]LogInit: Using OS detected locale (en-GB).
[2023.12.23-15.09.21:138][  0]LogTextLocalizationManager: No specific localization for 'en-GB' exists, so the 'en' localization will be used.
[2023.12.23-15.09.21:473][  0]LogInit: Setting process to per monitor DPI aware
[2023.12.23-15.09.21:524][  0]LogWindowsTextInputMethodSystem: Display: IME system deactivated.
[2023.12.23-15.09.21:587][  0]LogSlate: New Slate User Created.  User Index 0, Is Virtual User: 0
[2023.12.23-15.09.21:587][  0]LogSlate: Slate User Registered.  User Index 0, Is Virtual User: 0
[2023.12.23-15.09.25:288][  0]LogD3D11RHI: Loaded GFSDK_Aftermath_Lib.x64.dll
[2023.12.23-15.09.25:292][  0]LogD3D11RHI: D3D11 min allowed feature level: 11_0
[2023.12.23-15.09.25:292][  0]LogD3D11RHI: D3D11 max allowed feature level: 11_0
[2023.12.23-15.09.25:292][  0]LogD3D11RHI: D3D11 adapters:
[2023.12.23-15.09.25:525][  0]LogD3D11RHI:    0. 'NVIDIA GeForce GTX 1050 Ti' (Feature Level 11_0)
[2023.12.23-15.09.25:525][  0]LogD3D11RHI:       4017/0/12267 MB DedicatedVideo/DedicatedSystem/SharedSystem, Outputs:2, VendorId:0x10de
[2023.12.23-15.09.25:529][  0]LogD3D11RHI:    1. 'Microsoft Basic Render Driver' (Feature Level 11_0)
[2023.12.23-15.09.25:529][  0]LogD3D11RHI:       0/0/12267 MB DedicatedVideo/DedicatedSystem/SharedSystem, Outputs:0, VendorId:0x1414
[2023.12.23-15.09.25:529][  0]LogD3D11RHI: Chosen D3D11 Adapter:
[2023.12.23-15.09.25:529][  0]LogD3D11RHI:     Description : NVIDIA GeForce GTX 1050 Ti
[2023.12.23-15.09.25:529][  0]LogD3D11RHI:     VendorId    : 10de
[2023.12.23-15.09.25:529][  0]LogD3D11RHI:     DeviceId    : 1c82
[2023.12.23-15.09.25:529][  0]LogD3D11RHI:     SubSysId    : 245419da
[2023.12.23-15.09.25:529][  0]LogD3D11RHI:     Revision    : 00a1
[2023.12.23-15.09.25:529][  0]LogD3D11RHI:     DedicatedVideoMemory : 4212129792 bytes
[2023.12.23-15.09.25:529][  0]LogD3D11RHI:     DedicatedSystemMemory : 0 bytes
[2023.12.23-15.09.25:529][  0]LogD3D11RHI:     SharedSystemMemory : 12863256576 bytes
[2023.12.23-15.09.25:529][  0]LogD3D11RHI:     AdapterLuid : 0 47009
[2023.12.23-15.09.25:536][  0]LogD3D11RHI: Creating new Direct3DDevice
[2023.12.23-15.09.25:536][  0]LogD3D11RHI:     GPU DeviceId: 0x1c82 (for the marketing name, search the web for "GPU Device Id")
[2023.12.23-15.09.25:536][  0]LogWindows: EnumDisplayDevices:
[2023.12.23-15.09.25:536][  0]LogWindows:    0. 'NVIDIA GeForce GTX 1050 Ti' (P:1 D:1)
[2023.12.23-15.09.25:537][  0]LogWindows:    1. 'NVIDIA GeForce GTX 1050 Ti' (P:0 D:1)
[2023.12.23-15.09.25:537][  0]LogWindows:    2. 'NVIDIA GeForce GTX 1050 Ti' (P:0 D:0)
[2023.12.23-15.09.25:537][  0]LogWindows:    3. 'NVIDIA GeForce GTX 1050 Ti' (P:0 D:0)
[2023.12.23-15.09.25:538][  0]LogWindows: DebugString: FoundDriverCount:4 
[2023.12.23-15.09.25:538][  0]LogD3D11RHI:     Adapter Name: NVIDIA GeForce GTX 1050 Ti
[2023.12.23-15.09.25:538][  0]LogD3D11RHI:   Driver Version: 546.33 (internal:31.0.15.4633, unified:546.33)
[2023.12.23-15.09.25:538][  0]LogD3D11RHI:      Driver Date: 12-6-2023
[2023.12.23-15.09.25:538][  0]LogRHI: Texture pool is 2811 MB (70% of 4017 MB)
[2023.12.23-15.09.25:538][  0]LogD3D11RHI: Creating D3DDevice using adapter:
[2023.12.23-15.09.25:538][  0]LogD3D11RHI:     Description : NVIDIA GeForce GTX 1050 Ti
[2023.12.23-15.09.25:538][  0]LogD3D11RHI:     VendorId    : 10de
[2023.12.23-15.09.25:538][  0]LogD3D11RHI:     DeviceId    : 1c82
[2023.12.23-15.09.25:538][  0]LogD3D11RHI:     SubSysId    : 245419da
[2023.12.23-15.09.25:538][  0]LogD3D11RHI:     Revision    : 00a1
[2023.12.23-15.09.25:538][  0]LogD3D11RHI:     DedicatedVideoMemory : 4212129792 bytes
[2023.12.23-15.09.25:538][  0]LogD3D11RHI:     DedicatedSystemMemory : 0 bytes
[2023.12.23-15.09.25:538][  0]LogD3D11RHI:     SharedSystemMemory : 12863256576 bytes
[2023.12.23-15.09.25:538][  0]LogD3D11RHI:     AdapterLuid : 0 47009
[2023.12.23-15.09.25:695][  0]LogD3D11RHI: RHI has support for 64 bit atomics
[2023.12.23-15.09.25:696][  0]LogD3D11RHI: Async texture creation enabled
[2023.12.23-15.09.25:696][  0]LogD3D11RHI: Array index from any shader is supported
[2023.12.23-15.09.25:740][  0]LogD3D11RHI: GPU Timing Frequency: 1000.000000 (Debug: 2 1)
[2023.12.23-15.09.25:808][  0]LogRHI: GeForceNow SDK initialized: 1
[2023.12.23-15.09.26:220][  0]LogTargetPlatformManager: Display: Loaded TargetPlatform 'AllDesktop'
[2023.12.23-15.09.26:248][  0]LogTargetPlatformManager: Display: Loaded TargetPlatform 'Android'
[2023.12.23-15.09.26:248][  0]LogTargetPlatformManager: Display: Loaded TargetPlatform 'Android_ASTC'
[2023.12.23-15.09.26:248][  0]LogTargetPlatformManager: Display: Loaded TargetPlatform 'Android_DXT'
[2023.12.23-15.09.26:248][  0]LogTargetPlatformManager: Display: Loaded TargetPlatform 'Android_ETC2'
[2023.12.23-15.09.26:248][  0]LogTargetPlatformManager: Display: Loaded TargetPlatform 'AndroidClient'
[2023.12.23-15.09.26:248][  0]LogTargetPlatformManager: Display: Loaded TargetPlatform 'Android_ASTCClient'
[2023.12.23-15.09.26:248][  0]LogTargetPlatformManager: Display: Loaded TargetPlatform 'Android_DXTClient'
[2023.12.23-15.09.26:248][  0]LogTargetPlatformManager: Display: Loaded TargetPlatform 'Android_ETC2Client'
[2023.12.23-15.09.26:248][  0]LogTargetPlatformManager: Display: Loaded TargetPlatform 'Android_Multi'
[2023.12.23-15.09.26:248][  0]LogTargetPlatformManager: Display: Loaded TargetPlatform 'Android_MultiClient'
[2023.12.23-15.09.26:272][  0]LogTargetPlatformManager: Display: Loaded TargetPlatform 'IOSClient'
[2023.12.23-15.09.26:272][  0]LogTargetPlatformManager: Display: Loaded TargetPlatform 'IOS'
[2023.12.23-15.09.26:296][  0]LogTargetPlatformManager: Display: Loaded TargetPlatform 'Linux'
[2023.12.23-15.09.26:302][  0]LogTargetPlatformManager: Display: Loaded TargetPlatform 'LinuxNoEditor'
[2023.12.23-15.09.26:308][  0]LogTargetPlatformManager: Display: Loaded TargetPlatform 'LinuxClient'
[2023.12.23-15.09.26:313][  0]LogTargetPlatformManager: Display: Loaded TargetPlatform 'LinuxServer'
[2023.12.23-15.09.26:332][  0]LogTargetPlatformManager: Display: Loaded TargetPlatform 'LinuxAArch64NoEditor'
[2023.12.23-15.09.26:338][  0]LogTargetPlatformManager: Display: Loaded TargetPlatform 'LinuxAArch64Client'
[2023.12.23-15.09.26:344][  0]LogTargetPlatformManager: Display: Loaded TargetPlatform 'LinuxAArch64Server'
[2023.12.23-15.09.26:381][  0]LogTargetPlatformManager: Display: Loaded TargetPlatform 'Lumin'
[2023.12.23-15.09.26:381][  0]LogTargetPlatformManager: Display: Loaded TargetPlatform 'LuminClient'
[2023.12.23-15.09.26:403][  0]LogTargetPlatformManager: Display: Loaded TargetPlatform 'MacNoEditor'
[2023.12.23-15.09.26:409][  0]LogTargetPlatformManager: Display: Loaded TargetPlatform 'Mac'
[2023.12.23-15.09.26:415][  0]LogTargetPlatformManager: Display: Loaded TargetPlatform 'MacClient'
[2023.12.23-15.09.26:423][  0]LogTargetPlatformManager: Display: Loaded TargetPlatform 'MacServer'
[2023.12.23-15.09.26:436][  0]LogTargetPlatformManager: Display: Loaded TargetPlatform 'TVOSClient'
[2023.12.23-15.09.26:436][  0]LogTargetPlatformManager: Display: Loaded TargetPlatform 'TVOS'
[2023.12.23-15.09.26:448][  0]LogTargetPlatformManager: Display: Loaded TargetPlatform 'WindowsNoEditor'
[2023.12.23-15.09.26:454][  0]LogTargetPlatformManager: Display: Loaded TargetPlatform 'Windows'
[2023.12.23-15.09.26:460][  0]LogTargetPlatformManager: Display: Loaded TargetPlatform 'WindowsClient'
[2023.12.23-15.09.26:466][  0]LogTargetPlatformManager: Display: Loaded TargetPlatform 'WindowsServer'
[2023.12.23-15.09.26:466][  0]LogTargetPlatformManager: Display: Building Assets For Windows
[2023.12.23-15.09.26:541][  0]LogAudioDebug: Display: Lib vorbis DLL was dynamically loaded.
[2023.12.23-15.09.26:641][  0]LogTextureFormatOodle: Display: Oodle Texture 2.9.0 init RDO Off
[2023.12.23-15.09.26:750][  0]LogRendererCore: Ray tracing is disabled. Reason: r.RayTracing=0.
[2023.12.23-15.09.26:750][  0]LogShaderCompilers: Guid format shader working directory is -23 characters bigger than the processId version (B:/University Projects/GSP-Tech-Demo-4-Assessment-Project/Tech_Demo_4/Intermediate/Shaders/WorkingDirectory/8072/).
[2023.12.23-15.09.26:750][  0]LogShaderCompilers: Cleaned the shader compiler working directory 'C:/Users/matej/AppData/Local/Temp/UnrealShaderWorkingDir/85FBA3BD48F0BD02A3732EA42F464F7D/'.
[2023.12.23-15.09.26:751][  0]LogXGEController: Cannot use XGE Controller as Incredibuild is not installed on this machine.
[2023.12.23-15.09.26:751][  0]LogShaderCompilers: Cannot use XGE Shader Compiler as Incredibuild is not installed on this machine.
[2023.12.23-15.09.26:751][  0]LogShaderCompilers: Display: Using Local Shader Compiler.
[2023.12.23-15.09.31:342][  0]LogDerivedDataCache: Display: Max Cache Size: 512 MB
[2023.12.23-15.09.31:415][  0]LogDerivedDataCache: Loaded boot cache 0.07s 80MB C:/Users/matej/AppData/Local/UnrealEngine/4.27/DerivedDataCache/Boot.ddc.
[2023.12.23-15.09.31:415][  0]LogDerivedDataCache: Display: Loaded Boot cache: C:/Users/matej/AppData/Local/UnrealEngine/4.27/DerivedDataCache/Boot.ddc
[2023.12.23-15.09.31:415][  0]LogDerivedDataCache: FDerivedDataBackendGraph:  Pak pak cache file B:/University Projects/GSP-Tech-Demo-4-Assessment-Project/Tech_Demo_4/DerivedDataCache/DDC.ddp not found, will not use a pak cache.
[2023.12.23-15.09.31:415][  0]LogDerivedDataCache: Unable to find inner node Pak for hierarchical cache Hierarchy.
[2023.12.23-15.09.31:416][  0]LogDerivedDataCache: FDerivedDataBackendGraph:  CompressedPak pak cache file B:/University Projects/GSP-Tech-Demo-4-Assessment-Project/Tech_Demo_4/DerivedDataCache/Compressed.ddp not found, will not use a pak cache.
[2023.12.23-15.09.31:416][  0]LogDerivedDataCache: Unable to find inner node CompressedPak for hierarchical cache Hierarchy.
[2023.12.23-15.09.31:453][  0]LogDerivedDataCache: Display: Pak cache opened for reading ../../../Engine/DerivedDataCache/Compressed.ddp.
[2023.12.23-15.09.31:453][  0]LogDerivedDataCache: FDerivedDataBackendGraph:  EnterprisePak pak cache file ../../../Enterprise/DerivedDataCache/Compressed.ddp not found, will not use a pak cache.
[2023.12.23-15.09.31:453][  0]LogDerivedDataCache: Unable to find inner node EnterprisePak for hierarchical cache Hierarchy.
[2023.12.23-15.09.31:529][  0]LogDerivedDataCache: Speed tests for C:/Users/matej/AppData/Local/UnrealEngine/Common/DerivedDataCache took 0.08 seconds
[2023.12.23-15.09.31:529][  0]LogDerivedDataCache: Display: Performance to C:/Users/matej/AppData/Local/UnrealEngine/Common/DerivedDataCache: Latency=0.07ms. RandomReadSpeed=14.05MBs, RandomWriteSpeed=110.76MBs. Assigned SpeedClass 'Local'
[2023.12.23-15.09.31:529][  0]LogDerivedDataCache: Using Local data cache path C:/Users/matej/AppData/Local/UnrealEngine/Common/DerivedDataCache: Writable
[2023.12.23-15.09.31:530][  0]LogDerivedDataCache: Shared data cache path not found in *engine.ini, will not use an Shared cache.
[2023.12.23-15.09.31:530][  0]LogDerivedDataCache: Unable to find inner node Shared for hierarchical cache Hierarchy.
[2023.12.23-15.09.31:594][  0]LogSlate: Using FreeType 2.10.0
[2023.12.23-15.09.31:611][  0]LogSlate: SlateFontServices - WITH_FREETYPE: 1, WITH_HARFBUZZ: 1
[2023.12.23-15.09.31:712][  0]LogAssetRegistry: FAssetRegistry took 0.0030 seconds to start up
[2023.12.23-15.09.32:010][  0]LogInit: Selected Device Profile: [Windows]
[2023.12.23-15.09.32:010][  0]LogInit: Active device profile: [000002BA53A1AE00][000002BA4962C400 49] Windows
[2023.12.23-15.09.32:010][  0]LogInit: Profiles: [000002BA53A1AE00][000002BA4962C400 49] Windows, [000002BA539D1400][000002BA51562580 49] WindowsNoEditor, [000002BA53A19400][000002BA51566700 49] WindowsServer, [000002BA539D2600][000002BA44A46880 49] WindowsClient, [000002BA53A1A500][000002BA44A4AA00 49] IOS, [000002BA539D1D00][000002BA5155EB40 49] iPadAir, [000002BA53A19C00][000002BA44A4EC80 49] iPadAir2, [000002BA53983500][000002BA51490EC0 49] IPadPro, [000002BA53983600][000002BA5148CF00 49] iPadAir3, [000002BA53A1B000][000002BA51499080 49] iPadAir4, [000002BA53981900][000002BA5149D200 49] iPadMini2, [000002BA53A1AB00][000002BA51737380 49] iPadMini3, [000002BA53983700][000002BA5173B500 49] iPadMini4, [000002BA53A18100][000002BA5173F680 49] iPadMini5, [000002BA539BEE00][000002BA51747940 49] iPhone6, [000002BA539BEF00][000002BA51743980 49] iPodTouch6, [000002BA53980A00][000002BA52B1A0C0 49] iPhone7, [000002BA53980900][000002BA5174A100 49] iPodTouch7, [000002BA539BD800][000002BA52B1E280 49] iPhone5S, [000002BA53982E00][000002BA52B22400 49] iPhone6Plus, [000002BA539BE100][000002BA52B26580 49] iPhone6S, [000002BA53982400][000002BA52B2A700 49] iPhone6SPlus, [000002BA539BD700][000002BA52B2E880 49] iPhone7Plus, [000002BA53983A00][000002BA52B32A00 49] iPhoneSE, [000002BA539BDA00][000002BA52B36B80 49] iPhone8, [000002BA53982C00][000002BA52B3AD00 49] iPhone8Plus, [000002BA539BE000][000002BA51494E40 49] iPhoneX, [000002BA53982500][000002BA52B3EF80 49] iPhoneXS, [000002BA539BE900][000002BA52B430C0 49] iPhoneXSMax, [000002BA53983300][000002BA52B4B240 49] iPhoneXR, [000002BA539BF700][000002BA52B4F3C0 49] iPhone11, [000002BA53980E00][000002BA52B53540 49] iPhone11Pro, [000002BA539BF500][000002BA52B576C0 49] iPhone11ProMax, [000002BA53981A00][000002BA52B5B840 49] iPhoneSE2, [000002BA539BD200][000002BA493A19C0 49] iPhone12Mini, [000002BA53981E00][000002BA493A5B40 49] iPhone12, [000002BA539BE200][000002BA493A8140 49] iPhone12Pro, [000002BA53980700][000002BA493AC2C0 49] iPhone12ProMax, [000002BA539BF800][000002BA493B0440 49] iPadPro105, [000002BA53982A00][000002BA493B45C0 49] iPadPro129, [000002BA539BCB00][000002BA493B8740 49] iPadPro97, [000002BA53983800][000002BA493BC8C0 49] iPadPro2_129, [000002BA539BFD00][000002BA493C0A40 49] iPad5, [000002BA53983D00][000002BA493C4BC0 49] iPad6, [000002BA539BE500][000002BA493C8D40 49] iPad7, [000002BA53980400][000002BA493CCEC0 49] iPad8, [000002BA539BFF00][000002BA52B47000 49] iPadPro11, [000002BA53983B00][000002BA493D1140 49] iPadPro2_11, [000002BA539BE400][000002BA493D5280 49] iPadPro3_129, [000002BA53983E00][000002BA493D93C0 49] iPadPro4_129, [000002BA539BD300][000002BA493E1540 49] AppleTV, [000002BA53982600][000002BA493E56C0 49] AppleTV4K, [000002BA539D3600][000002BA493E9840 49] TVOS, [000002BA53A4D100][000002BA493ED9C0 49] Mac, [000002BA539D3A00][000002BA493F1B40 49] MacClient, [000002BA53A4D900][000002BA493F4140 49] MacNoEditor, [000002BA539D2500][000002BA493F82C0 49] MacServer, [000002BA53A4D800][000002BA493FC440 49] Linux, [000002BA539D0A00][000002BA494005C0 49] LinuxAArch64, [000002BA53A4CC00][000002BA49404740 49] LinuxNoEditor, [000002BA539D2300][000002BA494088C0 49] LinuxAArch64NoEditor, [000002BA53A4D600][000002BA4940CA40 49] LinuxClient, [000002BA539D1F00][000002BA49410BC0 49] LinuxAArch64Client, [000002BA53A4C200][000002BA49414D40 49] LinuxServer, [000002BA539D0200][000002BA49418EC0 49] LinuxAArch64Server, [000002BA53A4DC00][000002BA52761040 49] Android, [000002BA539D0B00][000002BA493DD180 49] Android_Low, [000002BA53A4DA00][000002BA53F5B2C0 49] Android_Mid, [000002BA539D1C00][000002BA53F63400 49] Android_High, [000002BA53A4DE00][000002BA53F6B540 49] Android_Default, [000002BA539D3F00][000002BA527F96C0 49] Android_Adreno4xx, [000002BA53A4CF00][000002BA528B3840 49] Android_Adreno5xx_Low, [000002BA53981D00][000002BA528F19C0 49] Android_Adreno5xx, [000002BA539BC100][000002BA52945B40 49] Android_Adreno6xx, [000002BA53983C00][000002BA52948140 49] Android_Adreno6xx_Vulkan, [000002BA539BEB00][000002BA5294C2C0 49] Android_Mali_T6xx, [000002BA53982900][000002BA52950440 49] Android_Mali_T7xx, [000002BA539BCF00][000002BA529545C0 49] Android_Mali_T8xx, [000002BA53981800][000002BA52958740 49] Android_Mali_G71, [000002BA539BC300][000002BA517088C0 49] Android_Mali_G72, [000002BA53981200][000002BA5170CA40 49] Android_Mali_G72_Vulkan, [000002BA539BC800][000002BA51710BC0 49] Android_Mali_G76, [000002BA53981400][000002BA51714D40 49] Android_Mali_G76_Vulkan, [000002BA539BE700][000002BA53C58EC0 49] Android_Mali_G77, [000002BA53982200][000002BA53C61040 49] Android_Mali_G77_Vulkan, [000002BA539BE300][000002BA53C651C0 49] Android_Mali_G78, [000002BA53982700][000002BA53C6D340 49] Android_Mali_G78_Vulkan, [000002BA539BF000][000002BA527F5480 49] Android_Mali_G710, [000002BA53980C00][000002BA53C715C0 49] Android_Mali_G710_Vulkan, [000002BA53A4C300][000002BA53CA9700 49] Android_Vulkan_SM5, [000002BA53982100][000002BA53CB1880 49] Android_PowerVR_G6xxx, [000002BA53A4E100][000002BA53CCBA00 49] Android_PowerVR_GT7xxx, [000002BA53980600][000002BA53CCFB80 49] Android_PowerVR_GE8xxx, [000002BA53A4C600][000002BA53CD2180 49] Android_PowerVR_GM9xxx, [000002BA53980200][000002BA53CD6300 49] Android_PowerVR_GM9xxx_Vulkan, [000002BA53A4C700][000002BA53CDA480 49] Android_TegraK1, [000002BA53981000][000002BA53CE4600 49] Android_Unknown_Vulkan, [000002BA539BCC00][000002BA53CE8780 49] Lumin, [000002BA53980300][000002BA53CEC900 49] Lumin_Desktop, [000002BA539BDD00][000002BA53CF0A80 49] HoloLens, 
[2023.12.23-15.09.32:269][  0]LogMeshReduction: Using QuadricMeshReduction for automatic static mesh reduction
[2023.12.23-15.09.32:269][  0]LogMeshReduction: Using SimplygonMeshReduction for automatic skeletal mesh reduction
[2023.12.23-15.09.32:269][  0]LogMeshReduction: Using ProxyLODMeshReduction for automatic mesh merging
[2023.12.23-15.09.32:269][  0]LogMeshReduction: No distributed automatic mesh merging module available
[2023.12.23-15.09.32:269][  0]LogMeshMerging: No distributed automatic mesh merging module available
[2023.12.23-15.09.32:327][  0]LogNetVersion: Tech_Demo_4 1.0.0, NetCL: 17155196, EngineNetVer: 17, GameNetVer: 0 (Checksum: 4260629819)
[2023.12.23-15.09.33:687][  0]LogTexture: Default maximum texture size for cubemaps generated from long-lat sources has been changed from 512 to unlimited. In order to preserve old behaiour for '/Engine/MapTemplates/Sky/DaylightAmbientCubemap.DaylightAmbientCubemap', its maximum texture size has been explicitly set to 512.
[2023.12.23-15.09.33:832][  0]LogUObjectArray: 16878 objects as part of root set at end of initial load.
[2023.12.23-15.09.33:832][  0]LogUObjectAllocator: 4218224 out of 0 bytes used by permanent object pool.
[2023.12.23-15.09.33:832][  0]LogUObjectArray: CloseDisregardForGC: 0/0 objects in disregard for GC pool
[2023.12.23-15.09.34:467][  0]LogPython: Using Python 3.7.7
[2023.12.23-15.09.35:383][  0]LogNiagaraDebuggerClient: Niagara Debugger Client Initialized | Session: 3F4DADD147CBAF43CA4B8EBB953EA2DC | Instance: F2C539EF46D5EDC71A2DC99CD83D4FEC (DESKTOP-AC6PBN4-8072).
[2023.12.23-15.09.35:633][  0]LogTcpMessaging: Initializing TcpMessaging bridge
[2023.12.23-15.09.35:639][  0]LogUdpMessaging: Initializing bridge on interface 0.0.0.0:0 to multicast group 230.0.0.1:6666.
[2023.12.23-15.09.35:982][  0]SourceControl: Source control is disabled
[2023.12.23-15.09.35:982][  0]SourceControl: Source control is disabled
[2023.12.23-15.09.35:987][  0]SourceControl: Source control is disabled
[2023.12.23-15.09.35:991][  0]SourceControl: Source control is disabled
[2023.12.23-15.09.36:019][  0]SourceControl: Source control is disabled
[2023.12.23-15.09.36:029][  0]LogUProjectInfo: Found projects:
[2023.12.23-15.09.36:446][  0]LogOpenImageDenoise: OIDN starting up
[2023.12.23-15.09.36:521][  0]LogAndroidPermission: UAndroidPermissionCallbackProxy::GetInstance
[2023.12.23-15.09.36:552][  0]LogAudioCaptureCore: Display: No Audio Capture implementations found. Audio input will be silent.
[2023.12.23-15.09.36:552][  0]LogAudioCaptureCore: Display: No Audio Capture implementations found. Audio input will be silent.
[2023.12.23-15.09.36:655][  0]LogCollectionManager: Loaded 0 collections in 0.002814 seconds
[2023.12.23-15.09.36:787][  0]LogFileCache: Scanning file cache for directory 'B:/University Projects/GSP-Tech-Demo-4-Assessment-Project/Tech_Demo_4/Saved/Collections/' took 0.00s
[2023.12.23-15.09.36:787][  0]LogFileCache: Scanning file cache for directory 'B:/University Projects/GSP-Tech-Demo-4-Assessment-Project/Tech_Demo_4/Content/Developers/matej/Collections/' took 0.00s
[2023.12.23-15.09.36:787][  0]LogFileCache: Scanning file cache for directory 'B:/University Projects/GSP-Tech-Demo-4-Assessment-Project/Tech_Demo_4/Content/Collections/' took 0.00s
[2023.12.23-15.09.36:787][  0]LogEngine: Initializing Engine...
[2023.12.23-15.09.36:788][  0]LogMagicLeap: Warning: VR disabled because ZI is not enabled.  To enable, in the editor, Edit -> Project Settings -> Plugins -> Magic Leap Plugin -> Enable Zero Iteration
[2023.12.23-15.09.36:789][  0]LogStats: UGameplayTagsManager::InitializeManager -  0.000 s
[2023.12.23-15.09.37:171][  0]LogInit: Initializing FReadOnlyCVARCache
[2023.12.23-15.09.37:185][  0]LogAIModule: Creating AISystem for world Untitled
[2023.12.23-15.09.37:186][  0]LogAudio: Display: Initializing Audio Device Manager...
[2023.12.23-15.09.37:191][  0]LogAudio: Display: Loading Default Audio Settings Objects...
[2023.12.23-15.09.37:197][  0]LogAudio: Display: No default SoundConcurrencyObject specified (or failed to load).
[2023.12.23-15.09.37:197][  0]LogAudio: Display: Audio Device Manager Initialized
[2023.12.23-15.09.37:197][  0]LogAudio: Display: Creating Audio Device:                 Id: 1, Scope: Shared, Realtime: True
[2023.12.23-15.09.37:197][  0]LogAudioMixer: Display: Audio Mixer Platform Settings:
[2023.12.23-15.09.37:197][  0]LogAudioMixer: Display: 	Sample Rate:						  48000
[2023.12.23-15.09.37:197][  0]LogAudioMixer: Display: 	Callback Buffer Frame Size Requested: 1024
[2023.12.23-15.09.37:197][  0]LogAudioMixer: Display: 	Callback Buffer Frame Size To Use:	  1024
[2023.12.23-15.09.37:197][  0]LogAudioMixer: Display: 	Number of buffers to queue:			  2
[2023.12.23-15.09.37:197][  0]LogAudioMixer: Display: 	Max Channels (voices):				  32
[2023.12.23-15.09.37:198][  0]LogAudioMixer: Display: 	Number of Async Source Workers:		  0
[2023.12.23-15.09.37:198][  0]LogAudio: Display: AudioDevice MaxSources: 32
[2023.12.23-15.09.37:198][  0]LogAudio: Display: Audio Spatialization Plugin: None (built-in).
[2023.12.23-15.09.37:198][  0]LogAudio: Display: Audio Reverb Plugin: None (built-in).
[2023.12.23-15.09.37:198][  0]LogAudio: Display: Audio Occlusion Plugin: None (built-in).
[2023.12.23-15.09.37:198][  0]LogAudioMixer: Display: Initializing audio mixer.
[2023.12.23-15.09.37:220][  0]LogAudioMixer: Display: 0: FrontLeft
[2023.12.23-15.09.37:220][  0]LogAudioMixer: Display: 1: FrontRight
[2023.12.23-15.09.37:241][  0]LogAudioMixer: Display: Using Audio Device Speakers (Realtek High Definition Audio)
[2023.12.23-15.09.37:243][  0]LogAudioMixer: Display: Initializing Sound Submixes...
[2023.12.23-15.09.37:273][  0]LogAudioMixer: Display: Creating Master Submix 'MasterSubmixDefault'
[2023.12.23-15.09.37:273][  0]LogAudioMixer: Display: Creating Master Submix 'MasterReverbSubmixDefault'
[2023.12.23-15.09.37:274][  0]LogAudioMixer: Display: Creating Master Submix 'MasterEQSubmixDefault'
[2023.12.23-15.09.37:274][  0]LogAudioMixer: FMixerPlatformXAudio2::StartAudioStream() called
[2023.12.23-15.09.37:274][  0]LogAudioMixer: Display: Output buffers initialized: Frames=1024, Channels=2, Samples=2048
[2023.12.23-15.09.37:275][  0]LogAudioMixer: Display: Starting AudioMixerPlatformInterface::RunInternal()
[2023.12.23-15.09.37:276][  0]LogAudioMixer: Display: FMixerPlatformXAudio2::SubmitBuffer() called for the first time
[2023.12.23-15.09.37:276][  0]LogInit: FAudioDevice initialized.
[2023.12.23-15.09.37:276][  0]LogAudio: Display: Audio Device (ID: 1) registered with world 'Untitled'.
[2023.12.23-15.09.37:276][  0]LogNetVersion: Set ProjectVersion to 1.0.0.0. Version Checksum will be recalculated on next use.
[2023.12.23-15.09.37:354][  0]LogDerivedDataCache: Saved boot cache 0.08s 80MB C:/Users/matej/AppData/Local/UnrealEngine/4.27/DerivedDataCache/Boot.ddc.
[2023.12.23-15.09.37:354][  0]LogInit: Texture streaming: Enabled
[2023.12.23-15.09.37:370][  0]LogAnalytics: Display: [UEEditor.Rocket.Release] APIServer = https://datarouter.ol.epicgames.com/. AppVersion = 4.27.2-18319896+++UE4+Release-4.27
[2023.12.23-15.09.37:378][  0]LogEngineSessionManager: EngineSessionManager initialized
[2023.12.23-15.09.37:378][  0]LogEngineSessionManager: EngineSessionManager sent abnormal shutdown report. Type=AbnormalShutdown, SessionId={66B2EEA0-4468-B038-F488-418BEE228735}
[2023.12.23-15.09.37:378][  0]LogEditorSessionSummary: Verbose: Initializing EditorSessionSummaryWriter for editor session tracking
[2023.12.23-15.09.37:382][  0]LogEditorSessionSummary: EditorSessionSummaryWriter initialized
[2023.12.23-15.09.37:424][  0]LogInit: Transaction tracking system initialized
[2023.12.23-15.09.37:455][  0]BlueprintLog: New page: Editor Load
[2023.12.23-15.09.37:552][  0]LocalizationService: Localization service is disabled
[2023.12.23-15.09.37:584][  0]TimingProfiler: Initialize
[2023.12.23-15.09.37:585][  0]TimingProfiler: OnSessionChanged
[2023.12.23-15.09.37:585][  0]LoadingProfiler: Initialize
[2023.12.23-15.09.37:585][  0]LoadingProfiler: OnSessionChanged
[2023.12.23-15.09.37:585][  0]NetworkingProfiler: Initialize
[2023.12.23-15.09.37:585][  0]NetworkingProfiler: OnSessionChanged
[2023.12.23-15.09.37:585][  0]MemoryProfiler: Initialize
[2023.12.23-15.09.37:585][  0]MemoryProfiler: OnSessionChanged
[2023.12.23-15.09.38:061][  0]LogCook: Display: CookSettings for Memory: MemoryMaxUsedVirtual 0MiB, MemoryMaxUsedPhysical 16384MiB, MemoryMinFreeVirtual 0MiB, MemoryMinFreePhysical 1024MiB
[2023.12.23-15.09.38:061][  0]LogCook: Display: Mobile HDR setting 1
[2023.12.23-15.09.38:351][  0]LogFileCache: Scanning file cache for directory 'B:/University Projects/GSP-Tech-Demo-4-Assessment-Project/Tech_Demo_4/Content/' took 0.01s
[2023.12.23-15.09.38:351][  0]LogInit: Display: Engine is initialized. Leaving FEngineLoop::Init()
[2023.12.23-15.09.38:356][  0]SourceControl: Source control is disabled
[2023.12.23-15.09.38:356][  0]LogUnrealEdMisc: Loading editor; pre map load, took 20.154
[2023.12.23-15.09.38:356][  0]Cmd: MAP LOAD FILE="B:/University Projects/GSP-Tech-Demo-4-Assessment-Project/Tech_Demo_4/Content/Maps/TechDemo4_Map.umap" TEMPLATE=0 SHOWPROGRESS=1 FEATURELEVEL=3
[2023.12.23-15.09.38:356][  0]LightingResults: New page: Lighting Build
[2023.12.23-15.09.38:358][  0]LogWorld: UWorld::CleanupWorld for Untitled, bSessionEnded=true, bCleanupResources=true
[2023.12.23-15.09.38:358][  0]LogSlate: InvalidateAllWidgets triggered.  All widgets were invalidated
[2023.12.23-15.09.38:358][  0]MapCheck: New page: Map Check
[2023.12.23-15.09.38:358][  0]LightingResults: New page: Lighting Build
[2023.12.23-15.09.38:366][  0]LogAudio: Display: Audio Device unregistered from world 'None'.
[2023.12.23-15.09.38:369][  0]LogUObjectHash: Compacting FUObjectHashTables data took   0.90ms
[2023.12.23-15.09.40:339][  0]LogAudio: Display: Audio Device (ID: 1) registered with world 'TechDemo4_Map'.
[2023.12.23-15.09.40:340][  0]LogAIModule: Creating AISystem for world TechDemo4_Map
[2023.12.23-15.09.40:407][  0]LogEditorServer: Finished looking for orphan Actors (0.000 secs)
[2023.12.23-15.09.40:445][  0]LogUObjectHash: Compacting FUObjectHashTables data took   1.30ms
[2023.12.23-15.09.40:445][  0]Cmd: MAP CHECKDEP NOCLEARLOG
[2023.12.23-15.09.40:446][  0]MapCheck: Map check complete: 0 Error(s), 0 Warning(s), took 0.375ms to complete.
[2023.12.23-15.09.40:446][  0]LogFileHelpers: Loading map 'TechDemo4_Map' took 2.089
[2023.12.23-15.09.40:449][  0]LogUnrealEdMisc: Total Editor Startup Time, took 22.246
[2023.12.23-15.09.40:626][  0]LogSlate: Updating window title bar state: overlay mode, drag disabled, window buttons hidden, title bar hidden
[2023.12.23-15.09.40:636][  0]LogSlate: Updating window title bar state: overlay mode, drag disabled, window buttons hidden, title bar hidden
[2023.12.23-15.09.40:644][  0]LogSlate: Updating window title bar state: overlay mode, drag disabled, window buttons hidden, title bar hidden
[2023.12.23-15.09.40:652][  0]LogSlate: Updating window title bar state: overlay mode, drag disabled, window buttons hidden, title bar hidden
[2023.12.23-15.09.40:674][  0]LogNativeClassHierarchy: Verbose: Native class hierarchy populated in 0.0113 seconds. Added 3724 classes and 870 folders.
[2023.12.23-15.09.40:680][  0]LogNativeClassHierarchy: Verbose: Native class hierarchy updated for 'WidgetCarousel' in 0.0006 seconds. Added 0 classes and 0 folders.
[2023.12.23-15.09.40:691][  0]LogPakFile: PakFile PrimaryIndexSize=187
[2023.12.23-15.09.40:691][  0]LogPakFile: PakFile PathHashIndexSize=101
[2023.12.23-15.09.40:691][  0]LogPakFile: PakFile FullDirectoryIndexSize=148
[2023.12.23-15.09.40:691][  0]LogShaderLibrary: Display: ShaderCodeLibraryPakFileMountedCallback: PakFile 'C:/UE_4.27/FeaturePacks/FP_FirstPerson.upack' (chunk index -1, root 'root:/') mounted
[2023.12.23-15.09.40:692][  0]LogShaderLibrary: Display: ShaderCodeLibraryPakFileMountedCallback: pending pak file info (ChunkID:-1 Root:root:/ File:C:/UE_4.27/FeaturePacks/FP_FirstPerson.upack)
[2023.12.23-15.09.40:692][  0]LogPakFile: OnPakFileMounted2Time == 0.000103
[2023.12.23-15.09.40:702][  0]LogPakFile: PakFile PrimaryIndexSize=189
[2023.12.23-15.09.40:702][  0]LogPakFile: PakFile PathHashIndexSize=101
[2023.12.23-15.09.40:702][  0]LogPakFile: PakFile FullDirectoryIndexSize=152
[2023.12.23-15.09.40:702][  0]LogShaderLibrary: Display: ShaderCodeLibraryPakFileMountedCallback: PakFile 'C:/UE_4.27/FeaturePacks/FP_FirstPersonBP.upack' (chunk index -1, root 'root:/') mounted
[2023.12.23-15.09.40:702][  0]LogShaderLibrary: Display: ShaderCodeLibraryPakFileMountedCallback: pending pak file info (ChunkID:-1 Root:root:/ File:C:/UE_4.27/FeaturePacks/FP_FirstPersonBP.upack)
[2023.12.23-15.09.40:702][  0]LogPakFile: OnPakFileMounted2Time == 0.000093
[2023.12.23-15.09.40:710][  0]LogPakFile: PakFile PrimaryIndexSize=191
[2023.12.23-15.09.40:710][  0]LogPakFile: PakFile PathHashIndexSize=101
[2023.12.23-15.09.40:710][  0]LogPakFile: PakFile FullDirectoryIndexSize=160
[2023.12.23-15.09.40:710][  0]LogShaderLibrary: Display: ShaderCodeLibraryPakFileMountedCallback: PakFile 'C:/UE_4.27/FeaturePacks/MobileStarterContent.upack' (chunk index -1, root 'root:/') mounted
[2023.12.23-15.09.40:710][  0]LogShaderLibrary: Display: ShaderCodeLibraryPakFileMountedCallback: pending pak file info (ChunkID:-1 Root:root:/ File:C:/UE_4.27/FeaturePacks/MobileStarterContent.upack)
[2023.12.23-15.09.40:710][  0]LogPakFile: OnPakFileMounted2Time == 0.000069
[2023.12.23-15.09.40:717][  0]LogPakFile: PakFile PrimaryIndexSize=185
[2023.12.23-15.09.40:717][  0]LogPakFile: PakFile PathHashIndexSize=101
[2023.12.23-15.09.40:717][  0]LogPakFile: PakFile FullDirectoryIndexSize=148
[2023.12.23-15.09.40:717][  0]LogShaderLibrary: Display: ShaderCodeLibraryPakFileMountedCallback: PakFile 'C:/UE_4.27/FeaturePacks/StarterContent.upack' (chunk index -1, root 'root:/') mounted
[2023.12.23-15.09.40:717][  0]LogShaderLibrary: Display: ShaderCodeLibraryPakFileMountedCallback: pending pak file info (ChunkID:-1 Root:root:/ File:C:/UE_4.27/FeaturePacks/StarterContent.upack)
[2023.12.23-15.09.40:717][  0]LogPakFile: OnPakFileMounted2Time == 0.000056
[2023.12.23-15.09.40:725][  0]LogPakFile: PakFile PrimaryIndexSize=190
[2023.12.23-15.09.40:725][  0]LogPakFile: PakFile PathHashIndexSize=101
[2023.12.23-15.09.40:725][  0]LogPakFile: PakFile FullDirectoryIndexSize=154
[2023.12.23-15.09.40:725][  0]LogShaderLibrary: Display: ShaderCodeLibraryPakFileMountedCallback: PakFile 'C:/UE_4.27/FeaturePacks/TP_2DSideScroller.upack' (chunk index -1, root 'root:/') mounted
[2023.12.23-15.09.40:725][  0]LogShaderLibrary: Display: ShaderCodeLibraryPakFileMountedCallback: pending pak file info (ChunkID:-1 Root:root:/ File:C:/UE_4.27/FeaturePacks/TP_2DSideScroller.upack)
[2023.12.23-15.09.40:725][  0]LogPakFile: OnPakFileMounted2Time == 0.000067
[2023.12.23-15.09.40:732][  0]LogPakFile: PakFile PrimaryIndexSize=192
[2023.12.23-15.09.40:732][  0]LogPakFile: PakFile PathHashIndexSize=101
[2023.12.23-15.09.40:732][  0]LogPakFile: PakFile FullDirectoryIndexSize=158
[2023.12.23-15.09.40:732][  0]LogShaderLibrary: Display: ShaderCodeLibraryPakFileMountedCallback: PakFile 'C:/UE_4.27/FeaturePacks/TP_2DSideScrollerBP.upack' (chunk index -1, root 'root:/') mounted
[2023.12.23-15.09.40:732][  0]LogShaderLibrary: Display: ShaderCodeLibraryPakFileMountedCallback: pending pak file info (ChunkID:-1 Root:root:/ File:C:/UE_4.27/FeaturePacks/TP_2DSideScrollerBP.upack)
[2023.12.23-15.09.40:732][  0]LogPakFile: OnPakFileMounted2Time == 0.000068
[2023.12.23-15.09.40:739][  0]LogPakFile: PakFile PrimaryIndexSize=182
[2023.12.23-15.09.40:739][  0]LogPakFile: PakFile PathHashIndexSize=101
[2023.12.23-15.09.40:739][  0]LogPakFile: PakFile FullDirectoryIndexSize=138
[2023.12.23-15.09.40:739][  0]LogShaderLibrary: Display: ShaderCodeLibraryPakFileMountedCallback: PakFile 'C:/UE_4.27/FeaturePacks/TP_Flying.upack' (chunk index -1, root 'root:/') mounted
[2023.12.23-15.09.40:739][  0]LogShaderLibrary: Display: ShaderCodeLibraryPakFileMountedCallback: pending pak file info (ChunkID:-1 Root:root:/ File:C:/UE_4.27/FeaturePacks/TP_Flying.upack)
[2023.12.23-15.09.40:739][  0]LogPakFile: OnPakFileMounted2Time == 0.000054
[2023.12.23-15.09.40:747][  0]LogPakFile: PakFile PrimaryIndexSize=184
[2023.12.23-15.09.40:747][  0]LogPakFile: PakFile PathHashIndexSize=101
[2023.12.23-15.09.40:747][  0]LogPakFile: PakFile FullDirectoryIndexSize=142
[2023.12.23-15.09.40:747][  0]LogShaderLibrary: Display: ShaderCodeLibraryPakFileMountedCallback: PakFile 'C:/UE_4.27/FeaturePacks/TP_FlyingBP.upack' (chunk index -1, root 'root:/') mounted
[2023.12.23-15.09.40:747][  0]LogShaderLibrary: Display: ShaderCodeLibraryPakFileMountedCallback: pending pak file info (ChunkID:-1 Root:root:/ File:C:/UE_4.27/FeaturePacks/TP_FlyingBP.upack)
[2023.12.23-15.09.40:747][  0]LogPakFile: OnPakFileMounted2Time == 0.000133
[2023.12.23-15.09.40:757][  0]LogPakFile: PakFile PrimaryIndexSize=188
[2023.12.23-15.09.40:757][  0]LogPakFile: PakFile PathHashIndexSize=101
[2023.12.23-15.09.40:757][  0]LogPakFile: PakFile FullDirectoryIndexSize=150
[2023.12.23-15.09.40:757][  0]LogShaderLibrary: Display: ShaderCodeLibraryPakFileMountedCallback: PakFile 'C:/UE_4.27/FeaturePacks/TP_HandheldARBP.upack' (chunk index -1, root 'root:/') mounted
[2023.12.23-15.09.40:757][  0]LogShaderLibrary: Display: ShaderCodeLibraryPakFileMountedCallback: pending pak file info (ChunkID:-1 Root:root:/ File:C:/UE_4.27/FeaturePacks/TP_HandheldARBP.upack)
[2023.12.23-15.09.40:757][  0]LogPakFile: OnPakFileMounted2Time == 0.000077
[2023.12.23-15.09.40:765][  0]LogPakFile: PakFile PrimaryIndexSize=182
[2023.12.23-15.09.40:765][  0]LogPakFile: PakFile PathHashIndexSize=101
[2023.12.23-15.09.40:765][  0]LogPakFile: PakFile FullDirectoryIndexSize=138
[2023.12.23-15.09.40:765][  0]LogShaderLibrary: Display: ShaderCodeLibraryPakFileMountedCallback: PakFile 'C:/UE_4.27/FeaturePacks/TP_Puzzle.upack' (chunk index -1, root 'root:/') mounted
[2023.12.23-15.09.40:766][  0]LogShaderLibrary: Display: ShaderCodeLibraryPakFileMountedCallback: pending pak file info (ChunkID:-1 Root:root:/ File:C:/UE_4.27/FeaturePacks/TP_Puzzle.upack)
[2023.12.23-15.09.40:766][  0]LogPakFile: OnPakFileMounted2Time == 0.000082
[2023.12.23-15.09.40:773][  0]LogPakFile: PakFile PrimaryIndexSize=184
[2023.12.23-15.09.40:773][  0]LogPakFile: PakFile PathHashIndexSize=101
[2023.12.23-15.09.40:773][  0]LogPakFile: PakFile FullDirectoryIndexSize=142
[2023.12.23-15.09.40:773][  0]LogShaderLibrary: Display: ShaderCodeLibraryPakFileMountedCallback: PakFile 'C:/UE_4.27/FeaturePacks/TP_PuzzleBP.upack' (chunk index -1, root 'root:/') mounted
[2023.12.23-15.09.40:773][  0]LogShaderLibrary: Display: ShaderCodeLibraryPakFileMountedCallback: pending pak file info (ChunkID:-1 Root:root:/ File:C:/UE_4.27/FeaturePacks/TP_PuzzleBP.upack)
[2023.12.23-15.09.40:773][  0]LogPakFile: OnPakFileMounted2Time == 0.000068
[2023.12.23-15.09.40:781][  0]LogPakFile: PakFile PrimaryIndexSize=183
[2023.12.23-15.09.40:781][  0]LogPakFile: PakFile PathHashIndexSize=101
[2023.12.23-15.09.40:781][  0]LogPakFile: PakFile FullDirectoryIndexSize=140
[2023.12.23-15.09.40:781][  0]LogShaderLibrary: Display: ShaderCodeLibraryPakFileMountedCallback: PakFile 'C:/UE_4.27/FeaturePacks/TP_Rolling.upack' (chunk index -1, root 'root:/') mounted
[2023.12.23-15.09.40:781][  0]LogShaderLibrary: Display: ShaderCodeLibraryPakFileMountedCallback: pending pak file info (ChunkID:-1 Root:root:/ File:C:/UE_4.27/FeaturePacks/TP_Rolling.upack)
[2023.12.23-15.09.40:781][  0]LogPakFile: OnPakFileMounted2Time == 0.000056
[2023.12.23-15.09.40:788][  0]LogPakFile: PakFile PrimaryIndexSize=185
[2023.12.23-15.09.40:788][  0]LogPakFile: PakFile PathHashIndexSize=101
[2023.12.23-15.09.40:788][  0]LogPakFile: PakFile FullDirectoryIndexSize=144
[2023.12.23-15.09.40:788][  0]LogShaderLibrary: Display: ShaderCodeLibraryPakFileMountedCallback: PakFile 'C:/UE_4.27/FeaturePacks/TP_RollingBP.upack' (chunk index -1, root 'root:/') mounted
[2023.12.23-15.09.40:788][  0]LogShaderLibrary: Display: ShaderCodeLibraryPakFileMountedCallback: pending pak file info (ChunkID:-1 Root:root:/ File:C:/UE_4.27/FeaturePacks/TP_RollingBP.upack)
[2023.12.23-15.09.40:788][  0]LogPakFile: OnPakFileMounted2Time == 0.000096
[2023.12.23-15.09.40:795][  0]LogPakFile: PakFile PrimaryIndexSize=188
[2023.12.23-15.09.40:795][  0]LogPakFile: PakFile PathHashIndexSize=101
[2023.12.23-15.09.40:795][  0]LogPakFile: PakFile FullDirectoryIndexSize=150
[2023.12.23-15.09.40:795][  0]LogShaderLibrary: Display: ShaderCodeLibraryPakFileMountedCallback: PakFile 'C:/UE_4.27/FeaturePacks/TP_SideScroller.upack' (chunk index -1, root 'root:/') mounted
[2023.12.23-15.09.40:795][  0]LogShaderLibrary: Display: ShaderCodeLibraryPakFileMountedCallback: pending pak file info (ChunkID:-1 Root:root:/ File:C:/UE_4.27/FeaturePacks/TP_SideScroller.upack)
[2023.12.23-15.09.40:795][  0]LogPakFile: OnPakFileMounted2Time == 0.000069
[2023.12.23-15.09.40:803][  0]LogPakFile: PakFile PrimaryIndexSize=190
[2023.12.23-15.09.40:803][  0]LogPakFile: PakFile PathHashIndexSize=101
[2023.12.23-15.09.40:803][  0]LogPakFile: PakFile FullDirectoryIndexSize=154
[2023.12.23-15.09.40:803][  0]LogShaderLibrary: Display: ShaderCodeLibraryPakFileMountedCallback: PakFile 'C:/UE_4.27/FeaturePacks/TP_SideScrollerBP.upack' (chunk index -1, root 'root:/') mounted
[2023.12.23-15.09.40:803][  0]LogShaderLibrary: Display: ShaderCodeLibraryPakFileMountedCallback: pending pak file info (ChunkID:-1 Root:root:/ File:C:/UE_4.27/FeaturePacks/TP_SideScrollerBP.upack)
[2023.12.23-15.09.40:803][  0]LogPakFile: OnPakFileMounted2Time == 0.000070
[2023.12.23-15.09.40:810][  0]LogPakFile: PakFile PrimaryIndexSize=187
[2023.12.23-15.09.40:810][  0]LogPakFile: PakFile PathHashIndexSize=101
[2023.12.23-15.09.40:810][  0]LogPakFile: PakFile FullDirectoryIndexSize=148
[2023.12.23-15.09.40:810][  0]LogShaderLibrary: Display: ShaderCodeLibraryPakFileMountedCallback: PakFile 'C:/UE_4.27/FeaturePacks/TP_ThirdPerson.upack' (chunk index -1, root 'root:/') mounted
[2023.12.23-15.09.40:810][  0]LogShaderLibrary: Display: ShaderCodeLibraryPakFileMountedCallback: pending pak file info (ChunkID:-1 Root:root:/ File:C:/UE_4.27/FeaturePacks/TP_ThirdPerson.upack)
[2023.12.23-15.09.40:810][  0]LogPakFile: OnPakFileMounted2Time == 0.000056
[2023.12.23-15.09.40:818][  0]LogPakFile: PakFile PrimaryIndexSize=189
[2023.12.23-15.09.40:818][  0]LogPakFile: PakFile PathHashIndexSize=101
[2023.12.23-15.09.40:818][  0]LogPakFile: PakFile FullDirectoryIndexSize=152
[2023.12.23-15.09.40:818][  0]LogShaderLibrary: Display: ShaderCodeLibraryPakFileMountedCallback: PakFile 'C:/UE_4.27/FeaturePacks/TP_ThirdPersonBP.upack' (chunk index -1, root 'root:/') mounted
[2023.12.23-15.09.40:818][  0]LogShaderLibrary: Display: ShaderCodeLibraryPakFileMountedCallback: pending pak file info (ChunkID:-1 Root:root:/ File:C:/UE_4.27/FeaturePacks/TP_ThirdPersonBP.upack)
[2023.12.23-15.09.40:818][  0]LogPakFile: OnPakFileMounted2Time == 0.000069
[2023.12.23-15.09.40:825][  0]LogPakFile: PakFile PrimaryIndexSize=183
[2023.12.23-15.09.40:825][  0]LogPakFile: PakFile PathHashIndexSize=101
[2023.12.23-15.09.40:825][  0]LogPakFile: PakFile FullDirectoryIndexSize=140
[2023.12.23-15.09.40:825][  0]LogShaderLibrary: Display: ShaderCodeLibraryPakFileMountedCallback: PakFile 'C:/UE_4.27/FeaturePacks/TP_TopDown.upack' (chunk index -1, root 'root:/') mounted
[2023.12.23-15.09.40:825][  0]LogShaderLibrary: Display: ShaderCodeLibraryPakFileMountedCallback: pending pak file info (ChunkID:-1 Root:root:/ File:C:/UE_4.27/FeaturePacks/TP_TopDown.upack)
[2023.12.23-15.09.40:825][  0]LogPakFile: OnPakFileMounted2Time == 0.000078
[2023.12.23-15.09.40:834][  0]LogPakFile: PakFile PrimaryIndexSize=185
[2023.12.23-15.09.40:834][  0]LogPakFile: PakFile PathHashIndexSize=101
[2023.12.23-15.09.40:834][  0]LogPakFile: PakFile FullDirectoryIndexSize=144
[2023.12.23-15.09.40:834][  0]LogShaderLibrary: Display: ShaderCodeLibraryPakFileMountedCallback: PakFile 'C:/UE_4.27/FeaturePacks/TP_TopDownBP.upack' (chunk index -1, root 'root:/') mounted
[2023.12.23-15.09.40:834][  0]LogShaderLibrary: Display: ShaderCodeLibraryPakFileMountedCallback: pending pak file info (ChunkID:-1 Root:root:/ File:C:/UE_4.27/FeaturePacks/TP_TopDownBP.upack)
[2023.12.23-15.09.40:834][  0]LogPakFile: OnPakFileMounted2Time == 0.000071
[2023.12.23-15.09.40:848][  0]LogPakFile: PakFile PrimaryIndexSize=185
[2023.12.23-15.09.40:848][  0]LogPakFile: PakFile PathHashIndexSize=101
[2023.12.23-15.09.40:848][  0]LogPakFile: PakFile FullDirectoryIndexSize=144
[2023.12.23-15.09.40:848][  0]LogShaderLibrary: Display: ShaderCodeLibraryPakFileMountedCallback: PakFile 'C:/UE_4.27/FeaturePacks/TP_TwinStick.upack' (chunk index -1, root 'root:/') mounted
[2023.12.23-15.09.40:848][  0]LogShaderLibrary: Display: ShaderCodeLibraryPakFileMountedCallback: pending pak file info (ChunkID:-1 Root:root:/ File:C:/UE_4.27/FeaturePacks/TP_TwinStick.upack)
[2023.12.23-15.09.40:848][  0]LogPakFile: OnPakFileMounted2Time == 0.000071
[2023.12.23-15.09.40:856][  0]LogPakFile: PakFile PrimaryIndexSize=187
[2023.12.23-15.09.40:856][  0]LogPakFile: PakFile PathHashIndexSize=101
[2023.12.23-15.09.40:856][  0]LogPakFile: PakFile FullDirectoryIndexSize=148
[2023.12.23-15.09.40:856][  0]LogShaderLibrary: Display: ShaderCodeLibraryPakFileMountedCallback: PakFile 'C:/UE_4.27/FeaturePacks/TP_TwinStickBP.upack' (chunk index -1, root 'root:/') mounted
[2023.12.23-15.09.40:856][  0]LogShaderLibrary: Display: ShaderCodeLibraryPakFileMountedCallback: pending pak file info (ChunkID:-1 Root:root:/ File:C:/UE_4.27/FeaturePacks/TP_TwinStickBP.upack)
[2023.12.23-15.09.40:856][  0]LogPakFile: OnPakFileMounted2Time == 0.000056
[2023.12.23-15.09.40:864][  0]LogPakFile: PakFile PrimaryIndexSize=183
[2023.12.23-15.09.40:864][  0]LogPakFile: PakFile PathHashIndexSize=101
[2023.12.23-15.09.40:864][  0]LogPakFile: PakFile FullDirectoryIndexSize=140
[2023.12.23-15.09.40:864][  0]LogShaderLibrary: Display: ShaderCodeLibraryPakFileMountedCallback: PakFile 'C:/UE_4.27/FeaturePacks/TP_Vehicle.upack' (chunk index -1, root 'root:/') mounted
[2023.12.23-15.09.40:864][  0]LogShaderLibrary: Display: ShaderCodeLibraryPakFileMountedCallback: pending pak file info (ChunkID:-1 Root:root:/ File:C:/UE_4.27/FeaturePacks/TP_Vehicle.upack)
[2023.12.23-15.09.40:864][  0]LogPakFile: OnPakFileMounted2Time == 0.000062
[2023.12.23-15.09.40:874][  0]LogPakFile: PakFile PrimaryIndexSize=186
[2023.12.23-15.09.40:874][  0]LogPakFile: PakFile PathHashIndexSize=101
[2023.12.23-15.09.40:874][  0]LogPakFile: PakFile FullDirectoryIndexSize=146
[2023.12.23-15.09.40:874][  0]LogShaderLibrary: Display: ShaderCodeLibraryPakFileMountedCallback: PakFile 'C:/UE_4.27/FeaturePacks/TP_VehicleAdv.upack' (chunk index -1, root 'root:/') mounted
[2023.12.23-15.09.40:874][  0]LogShaderLibrary: Display: ShaderCodeLibraryPakFileMountedCallback: pending pak file info (ChunkID:-1 Root:root:/ File:C:/UE_4.27/FeaturePacks/TP_VehicleAdv.upack)
[2023.12.23-15.09.40:874][  0]LogPakFile: OnPakFileMounted2Time == 0.000059
[2023.12.23-15.09.40:883][  0]LogPakFile: PakFile PrimaryIndexSize=188
[2023.12.23-15.09.40:883][  0]LogPakFile: PakFile PathHashIndexSize=101
[2023.12.23-15.09.40:883][  0]LogPakFile: PakFile FullDirectoryIndexSize=150
[2023.12.23-15.09.40:883][  0]LogShaderLibrary: Display: ShaderCodeLibraryPakFileMountedCallback: PakFile 'C:/UE_4.27/FeaturePacks/TP_VehicleAdvBP.upack' (chunk index -1, root 'root:/') mounted
[2023.12.23-15.09.40:883][  0]LogShaderLibrary: Display: ShaderCodeLibraryPakFileMountedCallback: pending pak file info (ChunkID:-1 Root:root:/ File:C:/UE_4.27/FeaturePacks/TP_VehicleAdvBP.upack)
[2023.12.23-15.09.40:883][  0]LogPakFile: OnPakFileMounted2Time == 0.000080
[2023.12.23-15.09.40:891][  0]LogPakFile: PakFile PrimaryIndexSize=185
[2023.12.23-15.09.40:891][  0]LogPakFile: PakFile PathHashIndexSize=101
[2023.12.23-15.09.40:891][  0]LogPakFile: PakFile FullDirectoryIndexSize=144
[2023.12.23-15.09.40:891][  0]LogShaderLibrary: Display: ShaderCodeLibraryPakFileMountedCallback: PakFile 'C:/UE_4.27/FeaturePacks/TP_VehicleBP.upack' (chunk index -1, root 'root:/') mounted
[2023.12.23-15.09.40:891][  0]LogShaderLibrary: Display: ShaderCodeLibraryPakFileMountedCallback: pending pak file info (ChunkID:-1 Root:root:/ File:C:/UE_4.27/FeaturePacks/TP_VehicleBP.upack)
[2023.12.23-15.09.40:891][  0]LogPakFile: OnPakFileMounted2Time == 0.000074
[2023.12.23-15.09.40:901][  0]LogPakFile: PakFile PrimaryIndexSize=192
[2023.12.23-15.09.40:901][  0]LogPakFile: PakFile PathHashIndexSize=101
[2023.12.23-15.09.40:901][  0]LogPakFile: PakFile FullDirectoryIndexSize=158
[2023.12.23-15.09.40:901][  0]LogShaderLibrary: Display: ShaderCodeLibraryPakFileMountedCallback: PakFile 'C:/UE_4.27/FeaturePacks/TP_VirtualRealityBP.upack' (chunk index -1, root 'root:/') mounted
[2023.12.23-15.09.40:901][  0]LogShaderLibrary: Display: ShaderCodeLibraryPakFileMountedCallback: pending pak file info (ChunkID:-1 Root:root:/ File:C:/UE_4.27/FeaturePacks/TP_VirtualRealityBP.upack)
[2023.12.23-15.09.40:901][  0]LogPakFile: OnPakFileMounted2Time == 0.000059
[2023.12.23-15.09.41:143][  0]LogNativeClassHierarchy: Verbose: Native class hierarchy updated for 'AddContentDialog' in 0.0003 seconds. Added 0 classes and 0 folders.
[2023.12.23-15.09.41:150][  0]LogNativeClassHierarchy: Verbose: Native class hierarchy updated for 'SceneOutliner' in 0.0004 seconds. Added 2 classes and 0 folders.
[2023.12.23-15.09.41:328][  0]LogSlate: Took 0.006480 seconds to synchronously load lazily loaded font '../../../Engine/Content/Slate/Fonts/Roboto-Regular.ttf' (155K)
[2023.12.23-15.09.41:334][  0]LogSlate: Took 0.005366 seconds to synchronously load lazily loaded font '../../../Engine/Content/Editor/Slate/Fonts/FontAwesome.ttf' (139K)
[2023.12.23-15.09.41:340][  0]LogSlate: Took 0.004734 seconds to synchronously load lazily loaded font '../../../Engine/Content/Slate/Fonts/Roboto-Bold.ttf' (160K)
[2023.12.23-15.09.41:556][  0]LogRenderer: Reallocating scene render targets to support 1156x600 Format 10 NumSamples 1 (Frame:1).
[2023.12.23-15.09.42:158][  0]LogSlate: Took 0.004986 seconds to synchronously load lazily loaded font '../../../Engine/Content/Slate/Fonts/Roboto-Light.ttf' (167K)
[2023.12.23-15.09.42:235][  0]LogNativeClassHierarchy: Verbose: Native class hierarchy updated for 'HierarchicalLODOutliner' in 0.0004 seconds. Added 0 classes and 0 folders.
[2023.12.23-15.09.42:235][  0]LogLoad: (Engine Initialization) Total time: 24.03 seconds
[2023.12.23-15.09.42:235][  0]LogLoad: (Engine Initialization) Total Blueprint compile time: 0.00 seconds
[2023.12.23-15.09.42:291][  0]LogAssetRegistry: Asset discovery search completed in 10.5790 seconds
[2023.12.23-15.09.42:324][  0]LogCollectionManager: Fixed up redirectors for 0 collections in 0.000004 seconds (updated 0 objects)
[2023.12.23-15.09.42:330][  0]LogContentStreaming: Texture pool size now 1000 MB
[2023.12.23-15.09.43:297][ 17]LogSlate: Took 0.000221 seconds to synchronously load lazily loaded font '../../../Engine/Content/Slate/Fonts/Roboto-Light.ttf' (167K)
[2023.12.23-15.09.45:422][184]LogAssetEditorSubsystem: Opening Asset editor for Blueprint /Game/Blueprints/BP_Character.BP_Character
[2023.12.23-15.09.46:220][184]LogNativeClassHierarchy: Verbose: Native class hierarchy updated for 'BlueprintGraph' in 0.0006 seconds. Added 126 classes and 0 folders.
[2023.12.23-15.09.47:341][184]LogAssetEditorSubsystem: Opening Asset editor for Blueprint /Game/Blueprints/BP_Weapon.BP_Weapon
[2023.12.23-15.09.47:862][184]LogAssetEditorSubsystem: Opening Asset editor for ParticleSystem /Game/Particles/Laser_PS.Laser_PS
[2023.12.23-15.09.47:873][184]LogNativeClassHierarchy: Verbose: Native class hierarchy updated for 'Cascade' in 0.0003 seconds. Added 2 classes and 2 folders.
[2023.12.23-15.09.48:035][184]LogAssetEditorSubsystem: Opening Asset editor for WidgetBlueprint /Game/UI/CharacterHUD.CharacterHUD
[2023.12.23-15.09.48:838][184]LogSlate: Took 0.004928 seconds to synchronously load lazily loaded font '../../../Engine/Content/Slate/Fonts/Roboto-BoldCondensed.ttf' (158K)
[2023.12.23-15.10.12:373][779]LogEditorClassViewer: Warning: Class /Engine/Tutorial/InWorldBlueprintEditing/TutorialAssets/IWBE_Blutility.IWBE_Blutility_C has parent /Script/Blutility.PlacedEditorUtilityBase, but this parent is not found. The Class will not be shown in ClassViewer.
[2023.12.23-15.10.19:988][650]Running C:/UE_4.27/Engine/Binaries/DotNET/UnrealBuildTool.exe  -projectfiles -project="B:/University Projects/GSP-Tech-Demo-4-Assessment-Project/Tech_Demo_4/Tech_Demo_4.uproject" -game -rocket -progress
[2023.12.23-15.10.20:497][650]Discovering modules, targets and source code for project...
[2023.12.23-15.10.23:920][650]Binding IntelliSense data...
[2023.12.23-15.10.36:433][650]Binding IntelliSense data... 50%
[2023.12.23-15.10.36:433][650]Binding IntelliSense data... 100%
[2023.12.23-15.10.36:434][650]Writing project files...
[2023.12.23-15.10.40:565][650]Writing project files... 100%
[2023.12.23-15.10.40:690][650]Candidate modules for hot reload:
[2023.12.23-15.10.40:690][650]  Tech_Demo_4
[2023.12.23-15.10.40:690][650]Launching UnrealBuildTool... [C:/UE_4.27/Engine/Binaries/DotNET/UnrealBuildTool.exe  -ModuleWithSuffix=Tech_Demo_4,1272 Tech_Demo_4Editor Win64 Development -Project="B:/University Projects/GSP-Tech-Demo-4-Assessment-Project/Tech_Demo_4/Tech_Demo_4.uproject" "B:/University Projects/GSP-Tech-Demo-4-Assessment-Project/Tech_Demo_4/Tech_Demo_4.uproject"  -IgnoreJunk]
[2023.12.23-15.11.08:801][650]CompilerResultsLog: New page: Compilation - 23 Dec 2023, 15:11:08
[2023.12.23-15.11.08:801][650]CompilerResultsLog: Using 'git status' to determine working set for adaptive non-unity build (B:\University Projects\GSP-Tech-Demo-4-Assessment-Project).
[2023.12.23-15.11.08:801][650]CompilerResultsLog: Creating makefile for Tech_Demo_4Editor (no existing makefile)
[2023.12.23-15.11.08:801][650]CompilerResultsLog: Parsing headers for Tech_Demo_4Editor
[2023.12.23-15.11.08:801][650]CompilerResultsLog:   Running UnrealHeaderTool "B:\University Projects\GSP-Tech-Demo-4-Assessment-Project\Tech_Demo_4\Tech_Demo_4.uproject" "B:\University Projects\GSP-Tech-Demo-4-Assessment-Project\Tech_Demo_4\Intermediate\Build\Win64\Tech_Demo_4Editor\Development\Tech_Demo_4Editor.uhtmanifest" -LogCmds="loginit warning, logexit warning, logdatabase error" -Unattended -WarningsAsErrors -abslog="C:\Users\matej\AppData\Local\UnrealBuildTool\Log_UHT.txt" -installed
[2023.12.23-15.11.08:801][650]CompilerResultsLog: LogInit: Display: Loading text-based GConfig....
[2023.12.23-15.11.08:801][650]CompilerResultsLog: LogCompile: Error: Circular dependency detected for filename B:\University Projects\GSP-Tech-Demo-4-Assessment-Project\Tech_Demo_4\Source\Tech_Demo_4\Tech_Demo_4GameModeBase.h!
[2023.12.23-15.11.08:801][650]CompilerResultsLog: Reflection code generated for Tech_Demo_4Editor in 21.8484448 seconds
[2023.12.23-15.11.08:802][650]CompilerResultsLog: Building Tech_Demo_4Editor...
[2023.12.23-15.11.08:802][650]CompilerResultsLog: Using Visual Studio 2022 14.38.33130 toolchain (C:\Program Files\Microsoft Visual Studio\2022\Community\VC\Tools\MSVC\14.38.33130) and Windows 10.0.22621.0 SDK (C:\Program Files (x86)\Windows Kits\10).
[2023.12.23-15.11.08:802][650]CompilerResultsLog: Building 6 actions with 4 processes...
[2023.12.23-15.11.08:802][650]CompilerResultsLog:   [1/6] Tech_Demo_4.init.gen.cpp
[2023.12.23-15.11.08:802][650]CompilerResultsLog:   [2/6] GrenadeController.cpp
[2023.12.23-15.11.08:802][650]CompilerResultsLog:   [3/6] GrenadeController.gen.cpp
[2023.12.23-15.11.08:802][650]CompilerResultsLog:   [4/6] UE4Editor-Tech_Demo_4-1272.lib
[2023.12.23-15.11.08:802][650]CompilerResultsLog:      Creating library B:\University Projects\GSP-Tech-Demo-4-Assessment-Project\Tech_Demo_4\Intermediate\Build\Win64\UE4Editor\Development\Tech_Demo_4\UE4Editor-Tech_Demo_4-1272.lib and object B:\University Projects\GSP-Tech-Demo-4-Assessment-Project\Tech_Demo_4\Intermediate\Build\Win64\UE4Editor\Development\Tech_Demo_4\UE4Editor-Tech_Demo_4-1272.exp
[2023.12.23-15.11.08:802][650]CompilerResultsLog:   [5/6] UE4Editor-Tech_Demo_4-1272.dll
[2023.12.23-15.11.08:802][650]CompilerResultsLog:      Creating library B:\University Projects\GSP-Tech-Demo-4-Assessment-Project\Tech_Demo_4\Intermediate\Build\Win64\UE4Editor\Development\Tech_Demo_4\UE4Editor-Tech_Demo_4-1272.suppressed.lib and object B:\University Projects\GSP-Tech-Demo-4-Assessment-Project\Tech_Demo_4\Intermediate\Build\Win64\UE4Editor\Development\Tech_Demo_4\UE4Editor-Tech_Demo_4-1272.suppressed.exp
[2023.12.23-15.11.08:802][650]CompilerResultsLog:   [6/6] Tech_Demo_4Editor.target
[2023.12.23-15.11.08:802][650]CompilerResultsLog: Total time in Parallel executor: 2.50 seconds
[2023.12.23-15.11.08:802][650]CompilerResultsLog: Total execution time: 27.98 seconds
[2023.12.23-15.11.08:802][650]LogMainFrame: MainFrame: Module compiling took 28.135 seconds
[2023.12.23-15.11.08:826][650]LogClass: Could not find existing class GrenadeController in package /Script/Tech_Demo_4 for HotReload, assuming new class
[2023.12.23-15.11.08:840][650]LogClass: EPickups HotReload.
[2023.12.23-15.11.08:847][650]LogHotReload: Re-instancing PickupController after hot-reload.
[2023.12.23-15.11.08:886][650]LogNativeClassHierarchy: Verbose: Native class hierarchy updated for 'Tech_Demo_4' in 0.0003 seconds. Added 11 classes and 2 folders.
[2023.12.23-15.11.08:894][650]Display: HotReload successful (6 functions remapped  0 scriptstructs remapped)
[2023.12.23-15.11.09:042][650]LogNativeClassHierarchy: Verbose: Native class hierarchy populated in 0.0113 seconds. Added 3727 classes and 872 folders.
[2023.12.23-15.11.09:042][650]Display: HotReload took 28.4s.
[2023.12.23-15.11.09:056][650]Warning: HotReload operation took 28.4s.
[2023.12.23-15.11.09:178][650]LogSlate: Window 'Add C++ Class' being destroyed
[2023.12.23-15.11.09:560][650]LogHotReload: New module detected: UE4Editor-Tech_Demo_4-1272.dll
[2023.12.23-15.11.09:641][651]LogHotReload: Starting Hot-Reload from IDE
[2023.12.23-15.11.09:675][651]LogNativeClassHierarchy: Verbose: Native class hierarchy updated for 'Tech_Demo_4' in 0.0004 seconds. Added 11 classes and 2 folders.
[2023.12.23-15.11.09:684][651]Display: HotReload successful (0 functions remapped  0 scriptstructs remapped)
[2023.12.23-15.11.09:701][651]LogNativeClassHierarchy: Verbose: Native class hierarchy populated in 0.0108 seconds. Added 3727 classes and 872 folders.
[2023.12.23-15.11.09:706][651]Display: HotReload took  0.1s.
[2023.12.23-15.11.51:018][833]Candidate modules for hot reload:
[2023.12.23-15.11.51:018][833]  Tech_Demo_4
[2023.12.23-15.11.51:019][833]Launching UnrealBuildTool... [C:/UE_4.27/Engine/Binaries/DotNET/UnrealBuildTool.exe  -ModuleWithSuffix=Tech_Demo_4,9617 Tech_Demo_4Editor Win64 Development -Project="B:/University Projects/GSP-Tech-Demo-4-Assessment-Project/Tech_Demo_4/Tech_Demo_4.uproject" "B:/University Projects/GSP-Tech-Demo-4-Assessment-Project/Tech_Demo_4/Tech_Demo_4.uproject"  -IgnoreJunk]
[2023.12.23-15.11.51:024][833]Warning: Starting HotReload took  0.0s.
[2023.12.23-15.11.51:716][836]LogAudioMixer: Display: Audio Buffer Underrun (starvation) detected.
[2023.12.23-15.11.54:381][844]CompilerResultsLog: New page: Compilation - 23 Dec 2023, 15:11:54
[2023.12.23-15.11.54:381][844]CompilerResultsLog: Using 'git status' to determine working set for adaptive non-unity build (B:\University Projects\GSP-Tech-Demo-4-Assessment-Project).
[2023.12.23-15.11.54:381][844]CompilerResultsLog: Building Tech_Demo_4Editor...
[2023.12.23-15.11.54:381][844]CompilerResultsLog: Using Visual Studio 2022 14.38.33130 toolchain (C:\Program Files\Microsoft Visual Studio\2022\Community\VC\Tools\MSVC\14.38.33130) and Windows 10.0.22621.0 SDK (C:\Program Files (x86)\Windows Kits\10).
[2023.12.23-15.11.54:381][844]CompilerResultsLog: Building 3 actions with 4 processes...
[2023.12.23-15.11.54:381][844]CompilerResultsLog:   [1/3] UE4Editor-Tech_Demo_4-9617.lib
[2023.12.23-15.11.54:382][844]CompilerResultsLog:      Creating library B:\University Projects\GSP-Tech-Demo-4-Assessment-Project\Tech_Demo_4\Intermediate\Build\Win64\UE4Editor\Development\Tech_Demo_4\UE4Editor-Tech_Demo_4-9617.lib and object B:\University Projects\GSP-Tech-Demo-4-Assessment-Project\Tech_Demo_4\Intermediate\Build\Win64\UE4Editor\Development\Tech_Demo_4\UE4Editor-Tech_Demo_4-9617.exp
[2023.12.23-15.11.54:382][844]CompilerResultsLog:   [2/3] UE4Editor-Tech_Demo_4-9617.dll
[2023.12.23-15.11.54:382][844]CompilerResultsLog:      Creating library B:\University Projects\GSP-Tech-Demo-4-Assessment-Project\Tech_Demo_4\Intermediate\Build\Win64\UE4Editor\Development\Tech_Demo_4\UE4Editor-Tech_Demo_4-9617.suppressed.lib and object B:\University Projects\GSP-Tech-Demo-4-Assessment-Project\Tech_Demo_4\Intermediate\Build\Win64\UE4Editor\Development\Tech_Demo_4\UE4Editor-Tech_Demo_4-9617.suppressed.exp
[2023.12.23-15.11.54:382][844]CompilerResultsLog:   [3/3] Tech_Demo_4Editor.target
[2023.12.23-15.11.54:382][844]CompilerResultsLog: Total time in Parallel executor: 1.56 seconds
[2023.12.23-15.11.54:382][844]CompilerResultsLog: Total execution time: 3.00 seconds
[2023.12.23-15.11.54:382][844]LogMainFrame: MainFrame: Module compiling took 3.370 seconds
[2023.12.23-15.11.54:427][844]LogClass: EPickups HotReload.
[2023.12.23-15.11.54:438][844]LogNativeClassHierarchy: Verbose: Native class hierarchy updated for 'Tech_Demo_4' in 0.0003 seconds. Added 11 classes and 2 folders.
[2023.12.23-15.11.54:448][844]Display: HotReload successful (6 functions remapped  0 scriptstructs remapped)
[2023.12.23-15.11.54:630][844]LogNativeClassHierarchy: Verbose: Native class hierarchy populated in 0.0143 seconds. Added 3727 classes and 872 folders.
[2023.12.23-15.11.54:630][844]Display: HotReload took  3.6s.
