Log file open, 12/22/23 10:40:37
LogWindows: Failed to load 'aqProf.dll' (GetLastError=126)
LogWindows: File 'aqProf.dll' does not exist
LogWindows: Failed to load 'VtuneApi.dll' (GetLastError=126)
LogWindows: File 'VtuneApi.dll' does not exist
LogWindows: Failed to load 'VtuneApi32e.dll' (GetLastError=126)
LogWindows: File 'VtuneApi32e.dll' does not exist
LogConsoleResponse: Display: Failed to find resolution value strings in scalability ini. Falling back to default.
LogConsoleResponse: Display: Failed to find resolution value strings in scalability ini. Falling back to default.
LogInit: Display: Running engine for game: Tech_Demo_4
LogPlatformFile: Not using cached read wrapper
LogTaskGraph: Started task graph with 5 named threads and 14 total threads with 3 sets of task threads.
LogStats: Stats thread started at 0.491685
LogICUInternationalization: ICU TimeZone Detection - Raw Offset: +0:00, Platform Override: ''
LogInit: Display: Loading text-based GConfig....
LogPluginManager: Mounting plugin MeshPainting
LogPluginManager: Mounting plugin XGEController
LogPluginManager: Mounting plugin Paper2D
LogPluginManager: Mounting plugin AISupport
LogPluginManager: Mounting plugin EnvironmentQueryEditor
LogPluginManager: Mounting plugin CameraShakePreviewer
LogPluginManager: Mounting plugin GameplayCameras
LogPluginManager: Mounting plugin LightPropagationVolume
LogPluginManager: Mounting plugin OodleData
LogPluginManager: Mounting plugin OodleNetwork
LogPluginManager: Mounting plugin AnimationSharing
LogPluginManager: Mounting plugin CLionSourceCodeAccess
LogPluginManager: Mounting plugin CodeLiteSourceCodeAccess
LogPluginManager: Mounting plugin GitSourceControl
LogPluginManager: Mounting plugin KDevelopSourceCodeAccess
LogPluginManager: Mounting plugin NullSourceCodeAccess
LogPluginManager: Mounting plugin PerforceSourceControl
LogPluginManager: Mounting plugin PixWinPlugin
LogPluginManager: Mounting plugin PlasticSourceControl
LogPluginManager: Mounting plugin PluginUtils
LogPluginManager: Mounting plugin PropertyAccessNode
LogPluginManager: Mounting plugin RiderSourceCodeAccess
LogPluginManager: Mounting plugin SubversionSourceControl
LogPluginManager: Mounting plugin TextureFormatOodle
LogPluginManager: Mounting plugin UObjectPlugin
LogPluginManager: Mounting plugin VisualStudioCodeSourceCodeAccess
LogPluginManager: Mounting plugin VisualStudioSourceCodeAccess
LogPluginManager: Mounting plugin XCodeSourceCodeAccess
LogPluginManager: Mounting plugin AssetManagerEditor
LogPluginManager: Mounting plugin CryptoKeys
LogPluginManager: Mounting plugin CurveEditorTools
LogPluginManager: Mounting plugin DataValidation
LogPluginManager: Mounting plugin FacialAnimation
LogPluginManager: Mounting plugin GameplayTagsEditor
LogPluginManager: Mounting plugin GeometryMode
LogPluginManager: Mounting plugin MacGraphicsSwitching
LogPluginManager: Mounting plugin MaterialAnalyzer
LogPluginManager: Mounting plugin MobileLauncherProfileWizard
LogPluginManager: Mounting plugin PluginBrowser
LogPluginManager: Mounting plugin SpeedTreeImporter
LogPluginManager: Mounting plugin DatasmithContent
LogPluginManager: Mounting plugin VariantManagerContent
LogPluginManager: Mounting plugin AlembicImporter
LogPluginManager: Mounting plugin AutomationUtils
LogPluginManager: Mounting plugin BackChannel
LogPluginManager: Mounting plugin ChaosCloth
LogPluginManager: Mounting plugin ChaosClothEditor
LogPluginManager: Mounting plugin ChaosEditor
LogPluginManager: Mounting plugin ChaosNiagara
LogPluginManager: Mounting plugin ChaosSolverPlugin
LogPluginManager: Mounting plugin CharacterAI
LogPluginManager: Mounting plugin GeometryCache
LogPluginManager: Mounting plugin GeometryProcessing
LogPluginManager: Mounting plugin GeometryCollectionPlugin
LogPluginManager: Mounting plugin MotoSynth
LogPluginManager: Mounting plugin OpenImageDenoise
LogPluginManager: Mounting plugin PlanarCut
LogPluginManager: Mounting plugin PlatformCrypto
LogPluginManager: Mounting plugin ProxyLODPlugin
LogPluginManager: Mounting plugin PythonScriptPlugin
LogPluginManager: Mounting plugin SkeletalReduction
LogPluginManager: Mounting plugin Niagara
LogPluginManager: Mounting plugin LuminPlatformFeatures
LogPluginManager: Mounting plugin MagicLeap
LogPluginManager: Mounting plugin MagicLeapLightEstimation
LogPluginManager: Mounting plugin MagicLeapMedia
LogPluginManager: Mounting plugin MagicLeapPassableWorld
LogPluginManager: Mounting plugin MLSDK
LogPluginManager: Mounting plugin AndroidMedia
LogPluginManager: Mounting plugin ImgMedia
LogPluginManager: Mounting plugin MediaCompositing
LogPluginManager: Mounting plugin MediaPlayerEditor
LogPluginManager: Mounting plugin WebMMedia
LogPluginManager: Mounting plugin WmfMedia
LogPluginManager: Mounting plugin TcpMessaging
LogPluginManager: Mounting plugin UdpMessaging
LogPluginManager: Mounting plugin ActorSequence
LogPluginManager: Mounting plugin LevelSequenceEditor
LogPluginManager: Mounting plugin MatineeToLevelSequence
LogPluginManager: Mounting plugin TemplateSequence
LogPluginManager: Mounting plugin AvfMedia
LogPluginManager: Mounting plugin OnlineSubsystem
LogPluginManager: Mounting plugin OnlineSubsystemNull
LogPluginManager: Mounting plugin OnlineSubsystemUtils
LogPluginManager: Mounting plugin LauncherChunkInstaller
LogPluginManager: Mounting plugin ActorLayerUtilities
LogPluginManager: Mounting plugin AndroidDeviceProfileSelector
LogPluginManager: Mounting plugin AndroidMoviePlayer
LogPluginManager: Mounting plugin AndroidPermission
LogPluginManager: Mounting plugin AppleImageUtils
LogPluginManager: Mounting plugin AppleMoviePlayer
LogPluginManager: Mounting plugin ArchVisCharacter
LogPluginManager: Mounting plugin AssetTags
LogPluginManager: Mounting plugin AudioCapture
LogPluginManager: Mounting plugin AudioSynesthesia
LogPluginManager: Mounting plugin CableComponent
LogPluginManager: Mounting plugin ChunkDownloader
LogPluginManager: Mounting plugin CustomMeshComponent
LogPluginManager: Mounting plugin EditableMesh
LogPluginManager: Mounting plugin ExampleDeviceProfileSelector
LogPluginManager: Mounting plugin GoogleCloudMessaging
LogPluginManager: Mounting plugin GooglePAD
LogPluginManager: Mounting plugin IOSDeviceProfileSelector
LogPluginManager: Mounting plugin LinuxDeviceProfileSelector
LogPluginManager: Mounting plugin LocationServicesBPLibrary
LogPluginManager: Mounting plugin MobilePatchingUtils
LogPluginManager: Mounting plugin PhysXVehicles
LogPluginManager: Mounting plugin PostSplashScreen
LogPluginManager: Mounting plugin ProceduralMeshComponent
LogPluginManager: Mounting plugin PropertyAccessEditor
LogPluginManager: Mounting plugin RuntimePhysXCooking
LogPluginManager: Mounting plugin SignificanceManager
LogPluginManager: Mounting plugin SoundFields
LogPluginManager: Mounting plugin Synthesis
LogPluginManager: Mounting plugin WebMMoviePlayer
LogPluginManager: Mounting plugin WindowsMoviePlayer
LogPluginManager: Mounting plugin ScreenshotTools
LogPluginManager: Mounting plugin ContentBrowserAssetDataSource
LogPluginManager: Mounting plugin ContentBrowserFileDataSource
LogPluginManager: Mounting plugin ContentBrowserClassDataSource
LogPluginManager: Mounting plugin RiderLink
LogPluginManager: Mounting plugin OnlineSubsystemGooglePlay
LogPluginManager: Mounting plugin OnlineSubsystemIOS
PixWinPlugin: PIX capture plugin failed to initialize! Check that the process is launched from PIX.
LogInit: Using libcurl 7.55.1-DEV
LogInit:  - built for x86_64-pc-win32
LogInit:  - supports SSL with OpenSSL/1.1.1
LogInit:  - supports HTTP deflate (compression) using libz 1.2.8
LogInit:  - other features:
LogInit:      CURL_VERSION_SSL
LogInit:      CURL_VERSION_LIBZ
LogInit:      CURL_VERSION_IPV6
LogInit:      CURL_VERSION_ASYNCHDNS
LogInit:      CURL_VERSION_LARGEFILE
LogInit:      CURL_VERSION_IDN
LogInit:  CurlRequestOptions (configurable via config and command line):
LogInit:  - bVerifyPeer = true  - Libcurl will verify peer certificate
LogInit:  - bUseHttpProxy = false  - Libcurl will NOT use HTTP proxy
LogInit:  - bDontReuseConnections = false  - Libcurl will reuse connections
LogInit:  - MaxHostConnections = 16  - Libcurl will limit the number of connections to a host
LogInit:  - LocalHostAddr = Default
LogInit:  - BufferSize = 65536
LogOnline: OSS: Creating online subsystem instance for: NULL
LogInit: WinSock: version 1.1 (2.2), MaxSocks=32767, MaxUdp=65467
LogOnline: OSS: TryLoadSubsystemAndSetDefault: Loaded subsystem for module [NULL]
LogInit: Build: ++UE4+Release-4.27-CL-18319896
LogInit: Engine Version: 4.27.2-18319896+++UE4+Release-4.27
LogInit: Compatible Engine Version: 4.27.0-17155196+++UE4+Release-4.27
LogInit: Net CL: 17155196
LogInit: OS: Windows 10 (Release 2009) (), CPU: Intel(R) Core(TM) i5-6400 CPU @ 2.70GHz, GPU: NVIDIA GeForce GTX 1050 Ti
LogInit: Compiled (64-bit): Nov 30 2021 07:12:08
LogInit: Compiled with Visual C++: 19.24.28315.00
LogInit: Build Configuration: Development
LogInit: Branch Name: ++UE4+Release-4.27
LogInit: Command Line:  -skipcompile
LogInit: Base Directory: C:/UE_4.27/Engine/Binaries/Win64/
LogInit: Allocator: TBB
LogInit: Installed Engine Build: 1
LogDevObjectVersion: Number of dev versions registered: 29
LogDevObjectVersion:   Dev-Blueprints (B0D832E4-1F89-4F0D-ACCF-7EB736FD4AA2): 10
LogDevObjectVersion:   Dev-Build (E1C64328-A22C-4D53-A36C-8E866417BD8C): 0
LogDevObjectVersion:   Dev-Core (375EC13C-06E4-48FB-B500-84F0262A717E): 4
LogDevObjectVersion:   Dev-Editor (E4B068ED-F494-42E9-A231-DA0B2E46BB41): 40
LogDevObjectVersion:   Dev-Framework (CFFC743F-43B0-4480-9391-14DF171D2073): 37
LogDevObjectVersion:   Dev-Mobile (B02B49B5-BB20-44E9-A304-32B752E40360): 3
LogDevObjectVersion:   Dev-Networking (A4E4105C-59A1-49B5-A7C5-40C4547EDFEE): 0
LogDevObjectVersion:   Dev-Online (39C831C9-5AE6-47DC-9A44-9C173E1C8E7C): 0
LogDevObjectVersion:   Dev-Physics (78F01B33-EBEA-4F98-B9B4-84EACCB95AA2): 14
LogDevObjectVersion:   Dev-Platform (6631380F-2D4D-43E0-8009-CF276956A95A): 0
LogDevObjectVersion:   Dev-Rendering (12F88B9F-8875-4AFC-A67C-D90C383ABD29): 45
LogDevObjectVersion:   Dev-Sequencer (7B5AE74C-D270-4C10-A958-57980B212A5A): 13
LogDevObjectVersion:   Dev-VR (D7296918-1DD6-4BDD-9DE2-64A83CC13884): 3
LogDevObjectVersion:   Dev-LoadTimes (C2A15278-BFE7-4AFE-6C17-90FF531DF755): 1
LogDevObjectVersion:   Private-Geometry (6EACA3D4-40EC-4CC1-B786-8BED09428FC5): 3
LogDevObjectVersion:   Dev-AnimPhys (29E575DD-E0A3-4627-9D10-D276232CDCEA): 17
LogDevObjectVersion:   Dev-Anim (AF43A65D-7FD3-4947-9873-3E8ED9C1BB05): 15
LogDevObjectVersion:   Dev-ReflectionCapture (6B266CEC-1EC7-4B8F-A30B-E4D90942FC07): 1
LogDevObjectVersion:   Dev-Automation (0DF73D61-A23F-47EA-B727-89E90C41499A): 1
LogDevObjectVersion:   FortniteMain (601D1886-AC64-4F84-AA16-D3DE0DEAC7D6): 47
LogDevObjectVersion:   FortniteRelease (E7086368-6B23-4C58-8439-1B7016265E91): 1
LogDevObjectVersion:   Dev-Enterprise (9DFFBCD6-494F-0158-E221-12823C92A888): 10
LogDevObjectVersion:   Dev-Niagara (F2AED0AC-9AFE-416F-8664-AA7FFA26D6FC): 1
LogDevObjectVersion:   Dev-Destruction (174F1F0B-B4C6-45A5-B13F-2EE8D0FB917D): 10
LogDevObjectVersion:   Dev-Physics-Ext (35F94A83-E258-406C-A318-09F59610247C): 41
LogDevObjectVersion:   Dev-PhysicsMaterial-Chaos (B68FC16E-8B1B-42E2-B453-215C058844FE): 1
LogDevObjectVersion:   Dev-CineCamera (B2E18506-4273-CFC2-A54E-F4BB758BBA07): 1
LogDevObjectVersion:   Dev-VirtualProduction (64F58936-FD1B-42BA-BA96-7289D5D0FA4E): 1
LogDevObjectVersion:   Dev-MediaFramework (6F0ED827-A609-4895-9C91-998D90180EA4): 2
LogInit: Presizing for max 25165824 objects, including 0 objects not considered by GC, pre-allocating 0 bytes for permanent pool.
LogConfig: Applying CVar settings from Section [/Script/Engine.StreamingSettings] File [B:/University Projects/GSP-Tech-Demo-4-Assessment-Project/Tech_Demo_4/Saved/Config/Windows/Engine.ini]
LogConfig: Setting CVar [[s.MinBulkDataSizeForAsyncLoading:131072]]
LogConfig: Setting CVar [[s.AsyncLoadingThreadEnabled:0]]
LogConfig: Setting CVar [[s.EventDrivenLoaderEnabled:1]]
LogConfig: Setting CVar [[s.WarnIfTimeLimitExceeded:0]]
LogConfig: Setting CVar [[s.TimeLimitExceededMultiplier:1.5]]
LogConfig: Setting CVar [[s.TimeLimitExceededMinTime:0.005]]
LogConfig: Setting CVar [[s.UseBackgroundLevelStreaming:1]]
LogConfig: Setting CVar [[s.PriorityAsyncLoadingExtraTime:15.0]]
LogConfig: Setting CVar [[s.LevelStreamingActorsUpdateTimeLimit:5.0]]
LogConfig: Setting CVar [[s.PriorityLevelStreamingActorsUpdateExtraTime:5.0]]
LogConfig: Setting CVar [[s.LevelStreamingComponentsRegistrationGranularity:10]]
LogConfig: Setting CVar [[s.UnregisterComponentsTimeLimit:1.0]]
LogConfig: Setting CVar [[s.LevelStreamingComponentsUnregistrationGranularity:5]]
LogConfig: Setting CVar [[s.FlushStreamingOnExit:1]]
LogInit: Object subsystem initialized
LogConfig: Setting CVar [[con.DebugEarlyDefault:1]]
LogConfig: Setting CVar [[r.setres:1280x720]]
[2023.12.22-10.40.38:893][  0]LogConfig: Setting CVar [[r.VSync:0]]
[2023.12.22-10.40.38:893][  0]LogConfig: Setting CVar [[r.RHICmdBypass:0]]
[2023.12.22-10.40.38:893][  0]LogConfig: Applying CVar settings from Section [/Script/Engine.RendererSettings] File [B:/University Projects/GSP-Tech-Demo-4-Assessment-Project/Tech_Demo_4/Saved/Config/Windows/Engine.ini]
[2023.12.22-10.40.38:893][  0]LogConfig: Setting CVar [[r.GPUCrashDebugging:0]]
[2023.12.22-10.40.38:893][  0]LogConfig: Applying CVar settings from Section [/Script/Engine.RendererOverrideSettings] File [B:/University Projects/GSP-Tech-Demo-4-Assessment-Project/Tech_Demo_4/Saved/Config/Windows/Engine.ini]
[2023.12.22-10.40.38:893][  0]LogConfig: Applying CVar settings from Section [/Script/Engine.StreamingSettings] File [B:/University Projects/GSP-Tech-Demo-4-Assessment-Project/Tech_Demo_4/Saved/Config/Windows/Engine.ini]
[2023.12.22-10.40.38:893][  0]LogConfig: Setting CVar [[s.MinBulkDataSizeForAsyncLoading:131072]]
[2023.12.22-10.40.38:893][  0]LogConfig: Setting CVar [[s.AsyncLoadingThreadEnabled:0]]
[2023.12.22-10.40.38:893][  0]LogConfig: Setting CVar [[s.EventDrivenLoaderEnabled:1]]
[2023.12.22-10.40.38:893][  0]LogConfig: Setting CVar [[s.WarnIfTimeLimitExceeded:0]]
[2023.12.22-10.40.38:893][  0]LogConfig: Setting CVar [[s.TimeLimitExceededMultiplier:1.5]]
[2023.12.22-10.40.38:893][  0]LogConfig: Setting CVar [[s.TimeLimitExceededMinTime:0.005]]
[2023.12.22-10.40.38:893][  0]LogConfig: Setting CVar [[s.UseBackgroundLevelStreaming:1]]
[2023.12.22-10.40.38:893][  0]LogConfig: Setting CVar [[s.PriorityAsyncLoadingExtraTime:15.0]]
[2023.12.22-10.40.38:893][  0]LogConfig: Setting CVar [[s.LevelStreamingActorsUpdateTimeLimit:5.0]]
[2023.12.22-10.40.38:893][  0]LogConfig: Setting CVar [[s.PriorityLevelStreamingActorsUpdateExtraTime:5.0]]
[2023.12.22-10.40.38:893][  0]LogConfig: Setting CVar [[s.LevelStreamingComponentsRegistrationGranularity:10]]
[2023.12.22-10.40.38:893][  0]LogConfig: Setting CVar [[s.UnregisterComponentsTimeLimit:1.0]]
[2023.12.22-10.40.38:893][  0]LogConfig: Setting CVar [[s.LevelStreamingComponentsUnregistrationGranularity:5]]
[2023.12.22-10.40.38:893][  0]LogConfig: Setting CVar [[s.FlushStreamingOnExit:1]]
[2023.12.22-10.40.38:893][  0]LogConfig: Applying CVar settings from Section [/Script/Engine.GarbageCollectionSettings] File [B:/University Projects/GSP-Tech-Demo-4-Assessment-Project/Tech_Demo_4/Saved/Config/Windows/Engine.ini]
[2023.12.22-10.40.38:893][  0]LogConfig: Setting CVar [[gc.MaxObjectsNotConsideredByGC:1]]
[2023.12.22-10.40.38:893][  0]LogConfig: Setting CVar [[gc.SizeOfPermanentObjectPool:0]]
[2023.12.22-10.40.38:893][  0]LogConfig: Setting CVar [[gc.FlushStreamingOnGC:0]]
[2023.12.22-10.40.38:893][  0]LogConfig: Setting CVar [[gc.NumRetriesBeforeForcingGC:10]]
[2023.12.22-10.40.38:893][  0]LogConfig: Setting CVar [[gc.AllowParallelGC:1]]
[2023.12.22-10.40.38:893][  0]LogConfig: Setting CVar [[gc.TimeBetweenPurgingPendingKillObjects:61.1]]
[2023.12.22-10.40.38:893][  0]LogConfig: Setting CVar [[gc.MaxObjectsInEditor:25165824]]
[2023.12.22-10.40.38:893][  0]LogConfig: Setting CVar [[gc.IncrementalBeginDestroyEnabled:1]]
[2023.12.22-10.40.38:893][  0]LogConfig: Setting CVar [[gc.CreateGCClusters:1]]
[2023.12.22-10.40.38:893][  0]LogConfig: Setting CVar [[gc.MinGCClusterSize:5]]
[2023.12.22-10.40.38:893][  0]LogConfig: Setting CVar [[gc.ActorClusteringEnabled:0]]
[2023.12.22-10.40.38:893][  0]LogConfig: Setting CVar [[gc.BlueprintClusteringEnabled:0]]
[2023.12.22-10.40.38:893][  0]LogConfig: Setting CVar [[gc.UseDisregardForGCOnDedicatedServers:0]]
[2023.12.22-10.40.38:893][  0]LogConfig: Setting CVar [[gc.MultithreadedDestructionEnabled:1]]
[2023.12.22-10.40.38:893][  0]LogConfig: Applying CVar settings from Section [/Script/Engine.NetworkSettings] File [B:/University Projects/GSP-Tech-Demo-4-Assessment-Project/Tech_Demo_4/Saved/Config/Windows/Engine.ini]
[2023.12.22-10.40.38:893][  0]LogConfig: Applying CVar settings from Section [/Script/UnrealEd.CookerSettings] File [B:/University Projects/GSP-Tech-Demo-4-Assessment-Project/Tech_Demo_4/Saved/Config/Windows/Engine.ini]
[2023.12.22-10.40.38:923][  0]LogConfig: Applying CVar settings from Section [ViewDistanceQuality@3] File [B:/University Projects/GSP-Tech-Demo-4-Assessment-Project/Tech_Demo_4/Saved/Config/Windows/Scalability.ini]
[2023.12.22-10.40.38:923][  0]LogConfig: Setting CVar [[r.SkeletalMeshLODBias:0]]
[2023.12.22-10.40.38:923][  0]LogConfig: Setting CVar [[r.ViewDistanceScale:1.0]]
[2023.12.22-10.40.38:923][  0]LogConfig: Applying CVar settings from Section [AntiAliasingQuality@3] File [B:/University Projects/GSP-Tech-Demo-4-Assessment-Project/Tech_Demo_4/Saved/Config/Windows/Scalability.ini]
[2023.12.22-10.40.38:923][  0]LogConfig: Setting CVar [[r.PostProcessAAQuality:4]]
[2023.12.22-10.40.38:923][  0]LogConfig: Applying CVar settings from Section [ShadowQuality@3] File [B:/University Projects/GSP-Tech-Demo-4-Assessment-Project/Tech_Demo_4/Saved/Config/Windows/Scalability.ini]
[2023.12.22-10.40.38:923][  0]LogConfig: Setting CVar [[r.LightFunctionQuality:1]]
[2023.12.22-10.40.38:923][  0]LogConfig: Setting CVar [[r.ShadowQuality:5]]
[2023.12.22-10.40.38:923][  0]LogConfig: Setting CVar [[r.Shadow.CSM.MaxCascades:10]]
[2023.12.22-10.40.38:923][  0]LogConfig: Setting CVar [[r.Shadow.MaxResolution:2048]]
[2023.12.22-10.40.38:923][  0]LogConfig: Setting CVar [[r.Shadow.MaxCSMResolution:2048]]
[2023.12.22-10.40.38:923][  0]LogConfig: Setting CVar [[r.Shadow.RadiusThreshold:0.01]]
[2023.12.22-10.40.38:923][  0]LogConfig: Setting CVar [[r.Shadow.DistanceScale:1.0]]
[2023.12.22-10.40.38:923][  0]LogConfig: Setting CVar [[r.Shadow.CSM.TransitionScale:1.0]]
[2023.12.22-10.40.38:923][  0]LogConfig: Setting CVar [[r.Shadow.PreShadowResolutionFactor:1.0]]
[2023.12.22-10.40.38:923][  0]LogConfig: Setting CVar [[r.DistanceFieldShadowing:1]]
[2023.12.22-10.40.38:923][  0]LogConfig: Setting CVar [[r.DistanceFieldAO:1]]
[2023.12.22-10.40.38:923][  0]LogConfig: Setting CVar [[r.AOQuality:2]]
[2023.12.22-10.40.38:923][  0]LogConfig: Setting CVar [[r.VolumetricFog:1]]
[2023.12.22-10.40.38:923][  0]LogConfig: Setting CVar [[r.VolumetricFog.GridPixelSize:8]]
[2023.12.22-10.40.38:923][  0]LogConfig: Setting CVar [[r.VolumetricFog.GridSizeZ:128]]
[2023.12.22-10.40.38:923][  0]LogConfig: Setting CVar [[r.VolumetricFog.HistoryMissSupersampleCount:4]]
[2023.12.22-10.40.38:923][  0]LogConfig: Setting CVar [[r.LightMaxDrawDistanceScale:1]]
[2023.12.22-10.40.38:923][  0]LogConfig: Setting CVar [[r.CapsuleShadows:1]]
[2023.12.22-10.40.38:923][  0]LogConfig: Applying CVar settings from Section [PostProcessQuality@3] File [B:/University Projects/GSP-Tech-Demo-4-Assessment-Project/Tech_Demo_4/Saved/Config/Windows/Scalability.ini]
[2023.12.22-10.40.38:923][  0]LogConfig: Setting CVar [[r.MotionBlurQuality:4]]
[2023.12.22-10.40.38:923][  0]LogConfig: Setting CVar [[r.AmbientOcclusionMipLevelFactor:0.4]]
[2023.12.22-10.40.38:923][  0]LogConfig: Setting CVar [[r.AmbientOcclusionMaxQuality:100]]
[2023.12.22-10.40.38:923][  0]LogConfig: Setting CVar [[r.AmbientOcclusionLevels:-1]]
[2023.12.22-10.40.38:923][  0]LogConfig: Setting CVar [[r.AmbientOcclusionRadiusScale:1.0]]
[2023.12.22-10.40.38:923][  0]LogConfig: Setting CVar [[r.DepthOfFieldQuality:2]]
[2023.12.22-10.40.38:923][  0]LogConfig: Setting CVar [[r.RenderTargetPoolMin:400]]
[2023.12.22-10.40.38:924][  0]LogConfig: Setting CVar [[r.LensFlareQuality:2]]
[2023.12.22-10.40.38:924][  0]LogConfig: Setting CVar [[r.SceneColorFringeQuality:1]]
[2023.12.22-10.40.38:924][  0]LogConfig: Setting CVar [[r.EyeAdaptationQuality:2]]
[2023.12.22-10.40.38:924][  0]LogConfig: Setting CVar [[r.BloomQuality:5]]
[2023.12.22-10.40.38:924][  0]LogConfig: Setting CVar [[r.FastBlurThreshold:100]]
[2023.12.22-10.40.38:924][  0]LogConfig: Setting CVar [[r.Upscale.Quality:3]]
[2023.12.22-10.40.38:924][  0]LogConfig: Setting CVar [[r.Tonemapper.GrainQuantization:1]]
[2023.12.22-10.40.38:924][  0]LogConfig: Setting CVar [[r.LightShaftQuality:1]]
[2023.12.22-10.40.38:924][  0]LogConfig: Setting CVar [[r.Filter.SizeScale:1]]
[2023.12.22-10.40.38:924][  0]LogConfig: Setting CVar [[r.Tonemapper.Quality:5]]
[2023.12.22-10.40.38:924][  0]LogConfig: Setting CVar [[r.DOF.Gather.AccumulatorQuality:1        ; higher gathering accumulator quality]]
[2023.12.22-10.40.38:924][  0]LogConfig: Setting CVar [[r.DOF.Gather.PostfilterMethod:1          ; Median3x3 postfilering method]]
[2023.12.22-10.40.38:924][  0]LogConfig: Setting CVar [[r.DOF.Gather.EnableBokehSettings:0       ; no bokeh simulation when gathering]]
[2023.12.22-10.40.38:924][  0]LogConfig: Setting CVar [[r.DOF.Gather.RingCount:4                 ; medium number of samples when gathering]]
[2023.12.22-10.40.38:924][  0]LogConfig: Setting CVar [[r.DOF.Scatter.ForegroundCompositing:1    ; additive foreground scattering]]
[2023.12.22-10.40.38:924][  0]LogConfig: Setting CVar [[r.DOF.Scatter.BackgroundCompositing:2    ; additive background scattering]]
[2023.12.22-10.40.38:924][  0]LogConfig: Setting CVar [[r.DOF.Scatter.EnableBokehSettings:1      ; bokeh simulation when scattering]]
[2023.12.22-10.40.38:924][  0]LogConfig: Setting CVar [[r.DOF.Scatter.MaxSpriteRatio:0.1         ; only a maximum of 10% of scattered bokeh]]
[2023.12.22-10.40.38:924][  0]LogConfig: Setting CVar [[r.DOF.Recombine.Quality:1                ; cheap slight out of focus]]
[2023.12.22-10.40.38:924][  0]LogConfig: Setting CVar [[r.DOF.Recombine.EnableBokehSettings:0    ; no bokeh simulation on slight out of focus]]
[2023.12.22-10.40.38:924][  0]LogConfig: Setting CVar [[r.DOF.TemporalAAQuality:1                ; more stable temporal accumulation]]
[2023.12.22-10.40.38:924][  0]LogConfig: Setting CVar [[r.DOF.Kernel.MaxForegroundRadius:0.025]]
[2023.12.22-10.40.38:924][  0]LogConfig: Setting CVar [[r.DOF.Kernel.MaxBackgroundRadius:0.025]]
[2023.12.22-10.40.38:924][  0]LogConfig: Applying CVar settings from Section [TextureQuality@3] File [B:/University Projects/GSP-Tech-Demo-4-Assessment-Project/Tech_Demo_4/Saved/Config/Windows/Scalability.ini]
[2023.12.22-10.40.38:924][  0]LogConfig: Setting CVar [[r.Streaming.MipBias:0]]
[2023.12.22-10.40.38:924][  0]LogConfig: Setting CVar [[r.Streaming.AmortizeCPUToGPUCopy:0]]
[2023.12.22-10.40.38:924][  0]LogConfig: Setting CVar [[r.Streaming.MaxNumTexturesToStreamPerFrame:0]]
[2023.12.22-10.40.38:924][  0]LogConfig: Setting CVar [[r.Streaming.Boost:1]]
[2023.12.22-10.40.38:924][  0]LogConfig: Setting CVar [[r.MaxAnisotropy:8]]
[2023.12.22-10.40.38:924][  0]LogConfig: Setting CVar [[r.VT.MaxAnisotropy:8]]
[2023.12.22-10.40.38:924][  0]LogConfig: Setting CVar [[r.Streaming.LimitPoolSizeToVRAM:0]]
[2023.12.22-10.40.38:924][  0]LogConfig: Setting CVar [[r.Streaming.PoolSize:1000]]
[2023.12.22-10.40.38:924][  0]LogConfig: Setting CVar [[r.Streaming.MaxEffectiveScreenSize:0]]
[2023.12.22-10.40.38:924][  0]LogConfig: Applying CVar settings from Section [EffectsQuality@3] File [B:/University Projects/GSP-Tech-Demo-4-Assessment-Project/Tech_Demo_4/Saved/Config/Windows/Scalability.ini]
[2023.12.22-10.40.38:924][  0]LogConfig: Setting CVar [[r.TranslucencyLightingVolumeDim:64]]
[2023.12.22-10.40.38:924][  0]LogConfig: Setting CVar [[r.RefractionQuality:2]]
[2023.12.22-10.40.38:924][  0]LogConfig: Setting CVar [[r.SSR.Quality:3]]
[2023.12.22-10.40.38:924][  0]LogConfig: Setting CVar [[r.SSR.HalfResSceneColor:0]]
[2023.12.22-10.40.38:924][  0]LogConfig: Setting CVar [[r.SceneColorFormat:4]]
[2023.12.22-10.40.38:924][  0]LogConfig: Setting CVar [[r.DetailMode:2]]
[2023.12.22-10.40.38:924][  0]LogConfig: Setting CVar [[r.TranslucencyVolumeBlur:1]]
[2023.12.22-10.40.38:924][  0]LogConfig: Setting CVar [[r.MaterialQualityLevel:1 ; High quality]]
[2023.12.22-10.40.38:924][  0]LogConfig: Setting CVar [[r.AnisotropicMaterials:1]]
[2023.12.22-10.40.38:924][  0]LogConfig: Setting CVar [[r.SSS.Scale:1]]
[2023.12.22-10.40.38:924][  0]LogConfig: Setting CVar [[r.SSS.SampleSet:2]]
[2023.12.22-10.40.38:924][  0]LogConfig: Setting CVar [[r.SSS.Quality:1]]
[2023.12.22-10.40.38:924][  0]LogConfig: Setting CVar [[r.SSS.HalfRes:0]]
[2023.12.22-10.40.38:924][  0]LogConfig: Setting CVar [[r.SSGI.Quality:3]]
[2023.12.22-10.40.38:924][  0]LogConfig: Setting CVar [[r.EmitterSpawnRateScale:1.0]]
[2023.12.22-10.40.38:924][  0]LogConfig: Setting CVar [[r.ParticleLightQuality:2]]
[2023.12.22-10.40.38:924][  0]LogConfig: Setting CVar [[r.SkyAtmosphere.AerialPerspectiveLUT.FastApplyOnOpaque:1 ; Always have FastSkyLUT 1 in this case to avoid wrong sky]]
[2023.12.22-10.40.38:924][  0]LogConfig: Setting CVar [[r.SkyAtmosphere.AerialPerspectiveLUT.SampleCountMaxPerSlice:4]]
[2023.12.22-10.40.38:924][  0]LogConfig: Setting CVar [[r.SkyAtmosphere.AerialPerspectiveLUT.DepthResolution:16.0]]
[2023.12.22-10.40.38:924][  0]LogConfig: Setting CVar [[r.SkyAtmosphere.FastSkyLUT:1]]
[2023.12.22-10.40.38:924][  0]LogConfig: Setting CVar [[r.SkyAtmosphere.FastSkyLUT.SampleCountMin:4.0]]
[2023.12.22-10.40.38:924][  0]LogConfig: Setting CVar [[r.SkyAtmosphere.FastSkyLUT.SampleCountMax:128.0]]
[2023.12.22-10.40.38:924][  0]LogConfig: Setting CVar [[r.SkyAtmosphere.SampleCountMin:4.0]]
[2023.12.22-10.40.38:924][  0]LogConfig: Setting CVar [[r.SkyAtmosphere.SampleCountMax:128.0]]
[2023.12.22-10.40.38:925][  0]LogConfig: Setting CVar [[r.SkyAtmosphere.TransmittanceLUT.UseSmallFormat:0]]
[2023.12.22-10.40.38:925][  0]LogConfig: Setting CVar [[r.SkyAtmosphere.TransmittanceLUT.SampleCount:10.0]]
[2023.12.22-10.40.38:925][  0]LogConfig: Setting CVar [[r.SkyAtmosphere.MultiScatteringLUT.SampleCount:15.0]]
[2023.12.22-10.40.38:925][  0]LogConfig: Setting CVar [[r.SkyLight.RealTimeReflectionCapture:1]]
[2023.12.22-10.40.38:925][  0]LogConfig: Applying CVar settings from Section [FoliageQuality@3] File [B:/University Projects/GSP-Tech-Demo-4-Assessment-Project/Tech_Demo_4/Saved/Config/Windows/Scalability.ini]
[2023.12.22-10.40.38:925][  0]LogConfig: Setting CVar [[foliage.DensityScale:1.0]]
[2023.12.22-10.40.38:925][  0]LogConfig: Setting CVar [[grass.DensityScale:1.0]]
[2023.12.22-10.40.38:925][  0]LogConfig: Applying CVar settings from Section [ShadingQuality@3] File [B:/University Projects/GSP-Tech-Demo-4-Assessment-Project/Tech_Demo_4/Saved/Config/Windows/Scalability.ini]
[2023.12.22-10.40.38:925][  0]LogConfig: Setting CVar [[r.HairStrands.SkyLighting.IntegrationType:2]]
[2023.12.22-10.40.38:925][  0]LogConfig: Setting CVar [[r.HairStrands.SkyAO.SampleCount:4]]
[2023.12.22-10.40.38:925][  0]LogConfig: Setting CVar [[r.HairStrands.Visibility.MSAA.SamplePerPixel:4]]
[2023.12.22-10.40.38:926][  0]LogInit: Selected Device Profile: [Windows]
[2023.12.22-10.40.38:926][  0]LogInit: Applying CVar settings loaded from the selected device profile: [Windows]
[2023.12.22-10.40.38:927][  0]LogHAL: Display: Platform has ~ 24 GB [25726513152 / 34359738368 / 24], which maps to Larger [LargestMinGB=32, LargerMinGB=12, DefaultMinGB=8, SmallerMinGB=6, SmallestMinGB=0)
[2023.12.22-10.40.38:927][  0]LogInit: Going up to parent DeviceProfile []
[2023.12.22-10.40.38:928][  0]LogConfig: Applying CVar settings from Section [ViewDistanceQuality@3] File [B:/University Projects/GSP-Tech-Demo-4-Assessment-Project/Tech_Demo_4/Saved/Config/Windows/Scalability.ini]
[2023.12.22-10.40.38:928][  0]LogConfig: Setting CVar [[r.SkeletalMeshLODBias:0]]
[2023.12.22-10.40.38:928][  0]LogConfig: Setting CVar [[r.ViewDistanceScale:1.0]]
[2023.12.22-10.40.38:928][  0]LogConfig: Applying CVar settings from Section [AntiAliasingQuality@3] File [B:/University Projects/GSP-Tech-Demo-4-Assessment-Project/Tech_Demo_4/Saved/Config/Windows/Scalability.ini]
[2023.12.22-10.40.38:928][  0]LogConfig: Setting CVar [[r.PostProcessAAQuality:4]]
[2023.12.22-10.40.38:928][  0]LogConfig: Applying CVar settings from Section [ShadowQuality@3] File [B:/University Projects/GSP-Tech-Demo-4-Assessment-Project/Tech_Demo_4/Saved/Config/Windows/Scalability.ini]
[2023.12.22-10.40.38:928][  0]LogConfig: Setting CVar [[r.LightFunctionQuality:1]]
[2023.12.22-10.40.38:928][  0]LogConfig: Setting CVar [[r.ShadowQuality:5]]
[2023.12.22-10.40.38:928][  0]LogConfig: Setting CVar [[r.Shadow.CSM.MaxCascades:10]]
[2023.12.22-10.40.38:928][  0]LogConfig: Setting CVar [[r.Shadow.MaxResolution:2048]]
[2023.12.22-10.40.38:928][  0]LogConfig: Setting CVar [[r.Shadow.MaxCSMResolution:2048]]
[2023.12.22-10.40.38:928][  0]LogConfig: Setting CVar [[r.Shadow.RadiusThreshold:0.01]]
[2023.12.22-10.40.38:928][  0]LogConfig: Setting CVar [[r.Shadow.DistanceScale:1.0]]
[2023.12.22-10.40.38:928][  0]LogConfig: Setting CVar [[r.Shadow.CSM.TransitionScale:1.0]]
[2023.12.22-10.40.38:928][  0]LogConfig: Setting CVar [[r.Shadow.PreShadowResolutionFactor:1.0]]
[2023.12.22-10.40.38:928][  0]LogConfig: Setting CVar [[r.DistanceFieldShadowing:1]]
[2023.12.22-10.40.38:928][  0]LogConfig: Setting CVar [[r.DistanceFieldAO:1]]
[2023.12.22-10.40.38:928][  0]LogConfig: Setting CVar [[r.AOQuality:2]]
[2023.12.22-10.40.38:928][  0]LogConfig: Setting CVar [[r.VolumetricFog:1]]
[2023.12.22-10.40.38:928][  0]LogConfig: Setting CVar [[r.VolumetricFog.GridPixelSize:8]]
[2023.12.22-10.40.38:928][  0]LogConfig: Setting CVar [[r.VolumetricFog.GridSizeZ:128]]
[2023.12.22-10.40.38:928][  0]LogConfig: Setting CVar [[r.VolumetricFog.HistoryMissSupersampleCount:4]]
[2023.12.22-10.40.38:928][  0]LogConfig: Setting CVar [[r.LightMaxDrawDistanceScale:1]]
[2023.12.22-10.40.38:928][  0]LogConfig: Setting CVar [[r.CapsuleShadows:1]]
[2023.12.22-10.40.38:928][  0]LogConfig: Applying CVar settings from Section [PostProcessQuality@3] File [B:/University Projects/GSP-Tech-Demo-4-Assessment-Project/Tech_Demo_4/Saved/Config/Windows/Scalability.ini]
[2023.12.22-10.40.38:928][  0]LogConfig: Setting CVar [[r.MotionBlurQuality:4]]
[2023.12.22-10.40.38:928][  0]LogConfig: Setting CVar [[r.AmbientOcclusionMipLevelFactor:0.4]]
[2023.12.22-10.40.38:928][  0]LogConfig: Setting CVar [[r.AmbientOcclusionMaxQuality:100]]
[2023.12.22-10.40.38:928][  0]LogConfig: Setting CVar [[r.AmbientOcclusionLevels:-1]]
[2023.12.22-10.40.38:928][  0]LogConfig: Setting CVar [[r.AmbientOcclusionRadiusScale:1.0]]
[2023.12.22-10.40.38:928][  0]LogConfig: Setting CVar [[r.DepthOfFieldQuality:2]]
[2023.12.22-10.40.38:928][  0]LogConfig: Setting CVar [[r.RenderTargetPoolMin:400]]
[2023.12.22-10.40.38:928][  0]LogConfig: Setting CVar [[r.LensFlareQuality:2]]
[2023.12.22-10.40.38:928][  0]LogConfig: Setting CVar [[r.SceneColorFringeQuality:1]]
[2023.12.22-10.40.38:928][  0]LogConfig: Setting CVar [[r.EyeAdaptationQuality:2]]
[2023.12.22-10.40.38:928][  0]LogConfig: Setting CVar [[r.BloomQuality:5]]
[2023.12.22-10.40.38:928][  0]LogConfig: Setting CVar [[r.FastBlurThreshold:100]]
[2023.12.22-10.40.38:928][  0]LogConfig: Setting CVar [[r.Upscale.Quality:3]]
[2023.12.22-10.40.38:928][  0]LogConfig: Setting CVar [[r.Tonemapper.GrainQuantization:1]]
[2023.12.22-10.40.38:929][  0]LogConfig: Setting CVar [[r.LightShaftQuality:1]]
[2023.12.22-10.40.38:929][  0]LogConfig: Setting CVar [[r.Filter.SizeScale:1]]
[2023.12.22-10.40.38:929][  0]LogConfig: Setting CVar [[r.Tonemapper.Quality:5]]
[2023.12.22-10.40.38:929][  0]LogConfig: Setting CVar [[r.DOF.Gather.AccumulatorQuality:1        ; higher gathering accumulator quality]]
[2023.12.22-10.40.38:929][  0]LogConfig: Setting CVar [[r.DOF.Gather.PostfilterMethod:1          ; Median3x3 postfilering method]]
[2023.12.22-10.40.38:929][  0]LogConfig: Setting CVar [[r.DOF.Gather.EnableBokehSettings:0       ; no bokeh simulation when gathering]]
[2023.12.22-10.40.38:929][  0]LogConfig: Setting CVar [[r.DOF.Gather.RingCount:4                 ; medium number of samples when gathering]]
[2023.12.22-10.40.38:929][  0]LogConfig: Setting CVar [[r.DOF.Scatter.ForegroundCompositing:1    ; additive foreground scattering]]
[2023.12.22-10.40.38:929][  0]LogConfig: Setting CVar [[r.DOF.Scatter.BackgroundCompositing:2    ; additive background scattering]]
[2023.12.22-10.40.38:929][  0]LogConfig: Setting CVar [[r.DOF.Scatter.EnableBokehSettings:1      ; bokeh simulation when scattering]]
[2023.12.22-10.40.38:929][  0]LogConfig: Setting CVar [[r.DOF.Scatter.MaxSpriteRatio:0.1         ; only a maximum of 10% of scattered bokeh]]
[2023.12.22-10.40.38:929][  0]LogConfig: Setting CVar [[r.DOF.Recombine.Quality:1                ; cheap slight out of focus]]
[2023.12.22-10.40.38:929][  0]LogConfig: Setting CVar [[r.DOF.Recombine.EnableBokehSettings:0    ; no bokeh simulation on slight out of focus]]
[2023.12.22-10.40.38:929][  0]LogConfig: Setting CVar [[r.DOF.TemporalAAQuality:1                ; more stable temporal accumulation]]
[2023.12.22-10.40.38:929][  0]LogConfig: Setting CVar [[r.DOF.Kernel.MaxForegroundRadius:0.025]]
[2023.12.22-10.40.38:929][  0]LogConfig: Setting CVar [[r.DOF.Kernel.MaxBackgroundRadius:0.025]]
[2023.12.22-10.40.38:929][  0]LogConfig: Applying CVar settings from Section [TextureQuality@3] File [B:/University Projects/GSP-Tech-Demo-4-Assessment-Project/Tech_Demo_4/Saved/Config/Windows/Scalability.ini]
[2023.12.22-10.40.38:929][  0]LogConfig: Setting CVar [[r.Streaming.MipBias:0]]
[2023.12.22-10.40.38:929][  0]LogConfig: Setting CVar [[r.Streaming.AmortizeCPUToGPUCopy:0]]
[2023.12.22-10.40.38:929][  0]LogConfig: Setting CVar [[r.Streaming.MaxNumTexturesToStreamPerFrame:0]]
[2023.12.22-10.40.38:929][  0]LogConfig: Setting CVar [[r.Streaming.Boost:1]]
[2023.12.22-10.40.38:929][  0]LogConfig: Setting CVar [[r.MaxAnisotropy:8]]
[2023.12.22-10.40.38:929][  0]LogConfig: Setting CVar [[r.VT.MaxAnisotropy:8]]
[2023.12.22-10.40.38:929][  0]LogConfig: Setting CVar [[r.Streaming.LimitPoolSizeToVRAM:0]]
[2023.12.22-10.40.38:929][  0]LogConfig: Setting CVar [[r.Streaming.PoolSize:1000]]
[2023.12.22-10.40.38:929][  0]LogConfig: Setting CVar [[r.Streaming.MaxEffectiveScreenSize:0]]
[2023.12.22-10.40.38:929][  0]LogConfig: Applying CVar settings from Section [EffectsQuality@3] File [B:/University Projects/GSP-Tech-Demo-4-Assessment-Project/Tech_Demo_4/Saved/Config/Windows/Scalability.ini]
[2023.12.22-10.40.38:929][  0]LogConfig: Setting CVar [[r.TranslucencyLightingVolumeDim:64]]
[2023.12.22-10.40.38:929][  0]LogConfig: Setting CVar [[r.RefractionQuality:2]]
[2023.12.22-10.40.38:929][  0]LogConfig: Setting CVar [[r.SSR.Quality:3]]
[2023.12.22-10.40.38:929][  0]LogConfig: Setting CVar [[r.SSR.HalfResSceneColor:0]]
[2023.12.22-10.40.38:929][  0]LogConfig: Setting CVar [[r.SceneColorFormat:4]]
[2023.12.22-10.40.38:929][  0]LogConfig: Setting CVar [[r.DetailMode:2]]
[2023.12.22-10.40.38:929][  0]LogConfig: Setting CVar [[r.TranslucencyVolumeBlur:1]]
[2023.12.22-10.40.38:929][  0]LogConfig: Setting CVar [[r.MaterialQualityLevel:1 ; High quality]]
[2023.12.22-10.40.38:929][  0]LogConfig: Setting CVar [[r.AnisotropicMaterials:1]]
[2023.12.22-10.40.38:929][  0]LogConfig: Setting CVar [[r.SSS.Scale:1]]
[2023.12.22-10.40.38:929][  0]LogConfig: Setting CVar [[r.SSS.SampleSet:2]]
[2023.12.22-10.40.38:929][  0]LogConfig: Setting CVar [[r.SSS.Quality:1]]
[2023.12.22-10.40.38:929][  0]LogConfig: Setting CVar [[r.SSS.HalfRes:0]]
[2023.12.22-10.40.38:929][  0]LogConfig: Setting CVar [[r.SSGI.Quality:3]]
[2023.12.22-10.40.38:929][  0]LogConfig: Setting CVar [[r.EmitterSpawnRateScale:1.0]]
[2023.12.22-10.40.38:929][  0]LogConfig: Setting CVar [[r.ParticleLightQuality:2]]
[2023.12.22-10.40.38:929][  0]LogConfig: Setting CVar [[r.SkyAtmosphere.AerialPerspectiveLUT.FastApplyOnOpaque:1 ; Always have FastSkyLUT 1 in this case to avoid wrong sky]]
[2023.12.22-10.40.38:929][  0]LogConfig: Setting CVar [[r.SkyAtmosphere.AerialPerspectiveLUT.SampleCountMaxPerSlice:4]]
[2023.12.22-10.40.38:929][  0]LogConfig: Setting CVar [[r.SkyAtmosphere.AerialPerspectiveLUT.DepthResolution:16.0]]
[2023.12.22-10.40.38:929][  0]LogConfig: Setting CVar [[r.SkyAtmosphere.FastSkyLUT:1]]
[2023.12.22-10.40.38:929][  0]LogConfig: Setting CVar [[r.SkyAtmosphere.FastSkyLUT.SampleCountMin:4.0]]
[2023.12.22-10.40.38:929][  0]LogConfig: Setting CVar [[r.SkyAtmosphere.FastSkyLUT.SampleCountMax:128.0]]
[2023.12.22-10.40.38:929][  0]LogConfig: Setting CVar [[r.SkyAtmosphere.SampleCountMin:4.0]]
[2023.12.22-10.40.38:929][  0]LogConfig: Setting CVar [[r.SkyAtmosphere.SampleCountMax:128.0]]
[2023.12.22-10.40.38:929][  0]LogConfig: Setting CVar [[r.SkyAtmosphere.TransmittanceLUT.UseSmallFormat:0]]
[2023.12.22-10.40.38:929][  0]LogConfig: Setting CVar [[r.SkyAtmosphere.TransmittanceLUT.SampleCount:10.0]]
[2023.12.22-10.40.38:929][  0]LogConfig: Setting CVar [[r.SkyAtmosphere.MultiScatteringLUT.SampleCount:15.0]]
[2023.12.22-10.40.38:929][  0]LogConfig: Setting CVar [[r.SkyLight.RealTimeReflectionCapture:1]]
[2023.12.22-10.40.38:930][  0]LogConfig: Applying CVar settings from Section [FoliageQuality@3] File [B:/University Projects/GSP-Tech-Demo-4-Assessment-Project/Tech_Demo_4/Saved/Config/Windows/Scalability.ini]
[2023.12.22-10.40.38:930][  0]LogConfig: Setting CVar [[foliage.DensityScale:1.0]]
[2023.12.22-10.40.38:930][  0]LogConfig: Setting CVar [[grass.DensityScale:1.0]]
[2023.12.22-10.40.38:930][  0]LogConfig: Applying CVar settings from Section [ShadingQuality@3] File [B:/University Projects/GSP-Tech-Demo-4-Assessment-Project/Tech_Demo_4/Saved/Config/Windows/Scalability.ini]
[2023.12.22-10.40.38:930][  0]LogConfig: Setting CVar [[r.HairStrands.SkyLighting.IntegrationType:2]]
[2023.12.22-10.40.38:930][  0]LogConfig: Setting CVar [[r.HairStrands.SkyAO.SampleCount:4]]
[2023.12.22-10.40.38:930][  0]LogConfig: Setting CVar [[r.HairStrands.Visibility.MSAA.SamplePerPixel:4]]
[2023.12.22-10.40.38:930][  0]LogConfig: Applying CVar settings from Section [Startup] File [../../../Engine/Config/ConsoleVariables.ini]
[2023.12.22-10.40.38:930][  0]LogConfig: Setting CVar [[net.UseAdaptiveNetUpdateFrequency:0]]
[2023.12.22-10.40.38:930][  0]LogConfig: Setting CVar [[p.chaos.AllowCreatePhysxBodies:1]]
[2023.12.22-10.40.38:930][  0]LogConfig: Setting CVar [[fx.SkipVectorVMBackendOptimizations:1]]
[2023.12.22-10.40.38:930][  0]LogConfig: Applying CVar settings from Section [ConsoleVariables] File [B:/University Projects/GSP-Tech-Demo-4-Assessment-Project/Tech_Demo_4/Saved/Config/Windows/Engine.ini]
[2023.12.22-10.40.38:930][  0]LogConfig: Applying CVar settings from Section [ConsoleVariables] File [B:/University Projects/GSP-Tech-Demo-4-Assessment-Project/Tech_Demo_4/Saved/Config/Windows/Editor.ini]
[2023.12.22-10.40.38:931][  0]LogInit: Computer: DESKTOP-AC6PBN4
[2023.12.22-10.40.38:931][  0]LogInit: User: matej
[2023.12.22-10.40.38:931][  0]LogInit: CPU Page size=4096, Cores=4
[2023.12.22-10.40.38:931][  0]LogInit: High frequency timer resolution =10.000000 MHz
[2023.12.22-10.40.38:931][  0]LogMemory: Memory total: Physical=24.0GB (24GB approx)
[2023.12.22-10.40.38:931][  0]LogMemory: Platform Memory Stats for Windows
[2023.12.22-10.40.38:931][  0]LogMemory: Process Physical Memory: 136.42 MB used, 136.42 MB peak
[2023.12.22-10.40.38:931][  0]LogMemory: Process Virtual Memory: 118.29 MB used, 118.29 MB peak
[2023.12.22-10.40.38:931][  0]LogMemory: Physical Memory: 11483.81 MB used,  13050.91 MB free, 24534.71 MB total
[2023.12.22-10.40.38:931][  0]LogMemory: Virtual Memory: 134203544.00 MB used,  14180.87 MB free, 134217728.00 MB total
[2023.12.22-10.40.38:940][  0]LogWindows: WindowsPlatformFeatures enabled
[2023.12.22-10.40.39:283][  0]LogInit: Physics initialised using underlying interface: PhysX
[2023.12.22-10.40.39:288][  0]LogInit: Using OS detected language (en-GB).
[2023.12.22-10.40.39:288][  0]LogInit: Using OS detected locale (en-GB).
[2023.12.22-10.40.39:309][  0]LogTextLocalizationManager: No specific localization for 'en-GB' exists, so the 'en' localization will be used.
[2023.12.22-10.40.39:750][  0]LogInit: Setting process to per monitor DPI aware
[2023.12.22-10.40.39:787][  0]LogWindowsTextInputMethodSystem: Display: IME system deactivated.
[2023.12.22-10.40.39:864][  0]LogSlate: New Slate User Created.  User Index 0, Is Virtual User: 0
[2023.12.22-10.40.39:864][  0]LogSlate: Slate User Registered.  User Index 0, Is Virtual User: 0
[2023.12.22-10.40.43:296][  0]LogD3D11RHI: Loaded GFSDK_Aftermath_Lib.x64.dll
[2023.12.22-10.40.43:301][  0]LogD3D11RHI: D3D11 min allowed feature level: 11_0
[2023.12.22-10.40.43:301][  0]LogD3D11RHI: D3D11 max allowed feature level: 11_0
[2023.12.22-10.40.43:301][  0]LogD3D11RHI: D3D11 adapters:
[2023.12.22-10.40.43:516][  0]LogD3D11RHI:    0. 'NVIDIA GeForce GTX 1050 Ti' (Feature Level 11_0)
[2023.12.22-10.40.43:516][  0]LogD3D11RHI:       4017/0/12267 MB DedicatedVideo/DedicatedSystem/SharedSystem, Outputs:2, VendorId:0x10de
[2023.12.22-10.40.43:520][  0]LogD3D11RHI:    1. 'Microsoft Basic Render Driver' (Feature Level 11_0)
[2023.12.22-10.40.43:520][  0]LogD3D11RHI:       0/0/12267 MB DedicatedVideo/DedicatedSystem/SharedSystem, Outputs:0, VendorId:0x1414
[2023.12.22-10.40.43:520][  0]LogD3D11RHI: Chosen D3D11 Adapter:
[2023.12.22-10.40.43:520][  0]LogD3D11RHI:     Description : NVIDIA GeForce GTX 1050 Ti
[2023.12.22-10.40.43:520][  0]LogD3D11RHI:     VendorId    : 10de
[2023.12.22-10.40.43:520][  0]LogD3D11RHI:     DeviceId    : 1c82
[2023.12.22-10.40.43:520][  0]LogD3D11RHI:     SubSysId    : 245419da
[2023.12.22-10.40.43:520][  0]LogD3D11RHI:     Revision    : 00a1
[2023.12.22-10.40.43:520][  0]LogD3D11RHI:     DedicatedVideoMemory : 4212129792 bytes
[2023.12.22-10.40.43:520][  0]LogD3D11RHI:     DedicatedSystemMemory : 0 bytes
[2023.12.22-10.40.43:520][  0]LogD3D11RHI:     SharedSystemMemory : 12863256576 bytes
[2023.12.22-10.40.43:520][  0]LogD3D11RHI:     AdapterLuid : 0 48552
[2023.12.22-10.40.43:527][  0]LogD3D11RHI: Creating new Direct3DDevice
[2023.12.22-10.40.43:527][  0]LogD3D11RHI:     GPU DeviceId: 0x1c82 (for the marketing name, search the web for "GPU Device Id")
[2023.12.22-10.40.43:527][  0]LogWindows: EnumDisplayDevices:
[2023.12.22-10.40.43:527][  0]LogWindows:    0. 'NVIDIA GeForce GTX 1050 Ti' (P:1 D:1)
[2023.12.22-10.40.43:528][  0]LogWindows:    1. 'NVIDIA GeForce GTX 1050 Ti' (P:0 D:1)
[2023.12.22-10.40.43:528][  0]LogWindows:    2. 'NVIDIA GeForce GTX 1050 Ti' (P:0 D:0)
[2023.12.22-10.40.43:529][  0]LogWindows:    3. 'NVIDIA GeForce GTX 1050 Ti' (P:0 D:0)
[2023.12.22-10.40.43:529][  0]LogWindows: DebugString: FoundDriverCount:4 
[2023.12.22-10.40.43:529][  0]LogD3D11RHI:     Adapter Name: NVIDIA GeForce GTX 1050 Ti
[2023.12.22-10.40.43:529][  0]LogD3D11RHI:   Driver Version: 546.33 (internal:31.0.15.4633, unified:546.33)
[2023.12.22-10.40.43:529][  0]LogD3D11RHI:      Driver Date: 12-6-2023
[2023.12.22-10.40.43:529][  0]LogRHI: Texture pool is 2811 MB (70% of 4017 MB)
[2023.12.22-10.40.43:529][  0]LogD3D11RHI: Creating D3DDevice using adapter:
[2023.12.22-10.40.43:529][  0]LogD3D11RHI:     Description : NVIDIA GeForce GTX 1050 Ti
[2023.12.22-10.40.43:529][  0]LogD3D11RHI:     VendorId    : 10de
[2023.12.22-10.40.43:529][  0]LogD3D11RHI:     DeviceId    : 1c82
[2023.12.22-10.40.43:529][  0]LogD3D11RHI:     SubSysId    : 245419da
[2023.12.22-10.40.43:530][  0]LogD3D11RHI:     Revision    : 00a1
[2023.12.22-10.40.43:530][  0]LogD3D11RHI:     DedicatedVideoMemory : 4212129792 bytes
[2023.12.22-10.40.43:530][  0]LogD3D11RHI:     DedicatedSystemMemory : 0 bytes
[2023.12.22-10.40.43:530][  0]LogD3D11RHI:     SharedSystemMemory : 12863256576 bytes
[2023.12.22-10.40.43:530][  0]LogD3D11RHI:     AdapterLuid : 0 48552
[2023.12.22-10.40.43:678][  0]LogD3D11RHI: RHI has support for 64 bit atomics
[2023.12.22-10.40.43:679][  0]LogD3D11RHI: Async texture creation enabled
[2023.12.22-10.40.43:679][  0]LogD3D11RHI: Array index from any shader is supported
[2023.12.22-10.40.43:775][  0]LogD3D11RHI: GPU Timing Frequency: 1000.000000 (Debug: 2 1)
[2023.12.22-10.40.43:852][  0]LogRHI: GeForceNow SDK initialized: 1
[2023.12.22-10.40.44:240][  0]LogTargetPlatformManager: Display: Loaded TargetPlatform 'AllDesktop'
[2023.12.22-10.40.44:281][  0]LogTargetPlatformManager: Display: Loaded TargetPlatform 'Android'
[2023.12.22-10.40.44:281][  0]LogTargetPlatformManager: Display: Loaded TargetPlatform 'Android_ASTC'
[2023.12.22-10.40.44:281][  0]LogTargetPlatformManager: Display: Loaded TargetPlatform 'Android_DXT'
[2023.12.22-10.40.44:281][  0]LogTargetPlatformManager: Display: Loaded TargetPlatform 'Android_ETC2'
[2023.12.22-10.40.44:281][  0]LogTargetPlatformManager: Display: Loaded TargetPlatform 'AndroidClient'
[2023.12.22-10.40.44:281][  0]LogTargetPlatformManager: Display: Loaded TargetPlatform 'Android_ASTCClient'
[2023.12.22-10.40.44:281][  0]LogTargetPlatformManager: Display: Loaded TargetPlatform 'Android_DXTClient'
[2023.12.22-10.40.44:281][  0]LogTargetPlatformManager: Display: Loaded TargetPlatform 'Android_ETC2Client'
[2023.12.22-10.40.44:281][  0]LogTargetPlatformManager: Display: Loaded TargetPlatform 'Android_Multi'
[2023.12.22-10.40.44:281][  0]LogTargetPlatformManager: Display: Loaded TargetPlatform 'Android_MultiClient'
[2023.12.22-10.40.44:308][  0]LogTargetPlatformManager: Display: Loaded TargetPlatform 'IOSClient'
[2023.12.22-10.40.44:308][  0]LogTargetPlatformManager: Display: Loaded TargetPlatform 'IOS'
[2023.12.22-10.40.44:322][  0]LogTargetPlatformManager: Display: Loaded TargetPlatform 'Linux'
[2023.12.22-10.40.44:330][  0]LogTargetPlatformManager: Display: Loaded TargetPlatform 'LinuxNoEditor'
[2023.12.22-10.40.44:339][  0]LogTargetPlatformManager: Display: Loaded TargetPlatform 'LinuxClient'
[2023.12.22-10.40.44:347][  0]LogTargetPlatformManager: Display: Loaded TargetPlatform 'LinuxServer'
[2023.12.22-10.40.44:363][  0]LogTargetPlatformManager: Display: Loaded TargetPlatform 'LinuxAArch64NoEditor'
[2023.12.22-10.40.44:373][  0]LogTargetPlatformManager: Display: Loaded TargetPlatform 'LinuxAArch64Client'
[2023.12.22-10.40.44:381][  0]LogTargetPlatformManager: Display: Loaded TargetPlatform 'LinuxAArch64Server'
[2023.12.22-10.40.44:414][  0]LogTargetPlatformManager: Display: Loaded TargetPlatform 'Lumin'
[2023.12.22-10.40.44:414][  0]LogTargetPlatformManager: Display: Loaded TargetPlatform 'LuminClient'
[2023.12.22-10.40.44:427][  0]LogTargetPlatformManager: Display: Loaded TargetPlatform 'MacNoEditor'
[2023.12.22-10.40.44:436][  0]LogTargetPlatformManager: Display: Loaded TargetPlatform 'Mac'
[2023.12.22-10.40.44:447][  0]LogTargetPlatformManager: Display: Loaded TargetPlatform 'MacClient'
[2023.12.22-10.40.44:455][  0]LogTargetPlatformManager: Display: Loaded TargetPlatform 'MacServer'
[2023.12.22-10.40.44:470][  0]LogTargetPlatformManager: Display: Loaded TargetPlatform 'TVOSClient'
[2023.12.22-10.40.44:470][  0]LogTargetPlatformManager: Display: Loaded TargetPlatform 'TVOS'
[2023.12.22-10.40.44:484][  0]LogTargetPlatformManager: Display: Loaded TargetPlatform 'WindowsNoEditor'
[2023.12.22-10.40.44:492][  0]LogTargetPlatformManager: Display: Loaded TargetPlatform 'Windows'
[2023.12.22-10.40.44:501][  0]LogTargetPlatformManager: Display: Loaded TargetPlatform 'WindowsClient'
[2023.12.22-10.40.44:510][  0]LogTargetPlatformManager: Display: Loaded TargetPlatform 'WindowsServer'
[2023.12.22-10.40.44:510][  0]LogTargetPlatformManager: Display: Building Assets For Windows
[2023.12.22-10.40.44:586][  0]LogAudioDebug: Display: Lib vorbis DLL was dynamically loaded.
[2023.12.22-10.40.44:722][  0]LogTextureFormatOodle: Display: Oodle Texture 2.9.0 init RDO Off
[2023.12.22-10.40.44:941][  0]LogRendererCore: Ray tracing is disabled. Reason: r.RayTracing=0.
[2023.12.22-10.40.44:945][  0]LogShaderCompilers: Guid format shader working directory is -24 characters bigger than the processId version (B:/University Projects/GSP-Tech-Demo-4-Assessment-Project/Tech_Demo_4/Intermediate/Shaders/WorkingDirectory/13692/).
[2023.12.22-10.40.44:946][  0]LogShaderCompilers: Cleaned the shader compiler working directory 'C:/Users/matej/AppData/Local/Temp/UnrealShaderWorkingDir/1091D29541EBD610695CC2A2438D4F30/'.
[2023.12.22-10.40.44:948][  0]LogXGEController: Cannot use XGE Controller as Incredibuild is not installed on this machine.
[2023.12.22-10.40.44:948][  0]LogShaderCompilers: Cannot use XGE Shader Compiler as Incredibuild is not installed on this machine.
[2023.12.22-10.40.44:948][  0]LogShaderCompilers: Display: Using Local Shader Compiler.
[2023.12.22-10.40.49:369][  0]LogDerivedDataCache: Display: Max Cache Size: 512 MB
[2023.12.22-10.40.49:606][  0]LogDerivedDataCache: Loaded boot cache 0.24s 80MB C:/Users/matej/AppData/Local/UnrealEngine/4.27/DerivedDataCache/Boot.ddc.
[2023.12.22-10.40.49:606][  0]LogDerivedDataCache: Display: Loaded Boot cache: C:/Users/matej/AppData/Local/UnrealEngine/4.27/DerivedDataCache/Boot.ddc
[2023.12.22-10.40.49:607][  0]LogDerivedDataCache: FDerivedDataBackendGraph:  Pak pak cache file B:/University Projects/GSP-Tech-Demo-4-Assessment-Project/Tech_Demo_4/DerivedDataCache/DDC.ddp not found, will not use a pak cache.
[2023.12.22-10.40.49:607][  0]LogDerivedDataCache: Unable to find inner node Pak for hierarchical cache Hierarchy.
[2023.12.22-10.40.49:607][  0]LogDerivedDataCache: FDerivedDataBackendGraph:  CompressedPak pak cache file B:/University Projects/GSP-Tech-Demo-4-Assessment-Project/Tech_Demo_4/DerivedDataCache/Compressed.ddp not found, will not use a pak cache.
[2023.12.22-10.40.49:607][  0]LogDerivedDataCache: Unable to find inner node CompressedPak for hierarchical cache Hierarchy.
[2023.12.22-10.40.49:643][  0]LogDerivedDataCache: Display: Pak cache opened for reading ../../../Engine/DerivedDataCache/Compressed.ddp.
[2023.12.22-10.40.49:643][  0]LogDerivedDataCache: FDerivedDataBackendGraph:  EnterprisePak pak cache file ../../../Enterprise/DerivedDataCache/Compressed.ddp not found, will not use a pak cache.
[2023.12.22-10.40.49:643][  0]LogDerivedDataCache: Unable to find inner node EnterprisePak for hierarchical cache Hierarchy.
[2023.12.22-10.40.49:811][  0]LogDerivedDataCache: Speed tests for C:/Users/matej/AppData/Local/UnrealEngine/Common/DerivedDataCache took 0.17 seconds
[2023.12.22-10.40.49:811][  0]LogDerivedDataCache: Display: Performance to C:/Users/matej/AppData/Local/UnrealEngine/Common/DerivedDataCache: Latency=0.67ms. RandomReadSpeed=6.36MBs, RandomWriteSpeed=63.87MBs. Assigned SpeedClass 'Local'
[2023.12.22-10.40.49:812][  0]LogDerivedDataCache: Using Local data cache path C:/Users/matej/AppData/Local/UnrealEngine/Common/DerivedDataCache: Writable
[2023.12.22-10.40.49:812][  0]LogDerivedDataCache: Shared data cache path not found in *engine.ini, will not use an Shared cache.
[2023.12.22-10.40.49:812][  0]LogDerivedDataCache: Unable to find inner node Shared for hierarchical cache Hierarchy.
[2023.12.22-10.40.49:886][  0]LogSlate: Using FreeType 2.10.0
[2023.12.22-10.40.49:906][  0]LogSlate: SlateFontServices - WITH_FREETYPE: 1, WITH_HARFBUZZ: 1
[2023.12.22-10.40.49:986][  0]LogAssetRegistry: FAssetRegistry took 0.0097 seconds to start up
[2023.12.22-10.40.50:544][  0]LogInit: Selected Device Profile: [Windows]
[2023.12.22-10.40.50:544][  0]LogInit: Active device profile: [0000020CBF808F00][0000020CBE656D00 49] Windows
[2023.12.22-10.40.50:544][  0]LogInit: Profiles: [0000020CBF808F00][0000020CBE656D00 49] Windows, [0000020CBF7C6300][0000020CBE504E80 49] WindowsNoEditor, [0000020CBF809F00][0000020CBE509000 49] WindowsServer, [0000020CBF7C5500][0000020CBE50D180 49] WindowsClient, [0000020CBF809000][0000020CBE511300 49] IOS, [0000020CBF7C7C00][0000020CBE515480 49] iPadAir, [0000020CBF80B300][0000020CBE3F9600 49] iPadAir2, [0000020CBF775300][0000020CBE4018C0 49] IPadPro, [0000020CBF775400][0000020CBE3FD900 49] iPadAir3, [0000020CBF7C4B00][0000020CBE405A80 49] iPadAir4, [0000020CBF776100][0000020CBE409C00 49] iPadMini2, [0000020CBF7C7300][0000020CBE40C200 49] iPadMini3, [0000020CBF776C00][0000020CBE410380 49] iPadMini4, [0000020CBF7C6600][0000020CBE414500 49] iPadMini5, [0000020CBF7A4E00][0000020CBE41C7C0 49] iPhone6, [0000020CBF7A4F00][0000020CBE418800 49] iPodTouch6, [0000020CBF80A800][0000020CB3DD4AC0 49] iPhone7, [0000020CBF80A900][0000020CB3DD0B00 49] iPodTouch7, [0000020CBF774C00][0000020CBE65AC40 49] iPhone5S, [0000020CBF809300][0000020CB3DD8D80 49] iPhone6Plus, [0000020CBF776A00][0000020CB3DDCEC0 49] iPhone6S, [0000020CBF80AD00][0000020CB3DE5040 49] iPhone6SPlus, [0000020CBF7A4100][0000020CB3DE91C0 49] iPhone7Plus, [0000020CBF775D00][0000020CB3DED340 49] iPhoneSE, [0000020CBF7A4C00][0000020CB3DF14C0 49] iPhone8, [0000020CBF774400][0000020CB3DF5640 49] iPhone8Plus, [0000020CBF7A6A00][0000020CB3DF97C0 49] iPhoneX, [0000020CBF777C00][0000020CB3DFD940 49] iPhoneXS, [0000020CBF7A6900][0000020CB3E01AC0 49] iPhoneXSMax, [0000020CBF774B00][0000020CB3E040C0 49] iPhoneXR, [0000020CBF80B800][0000020CBE696240 49] iPhone11, [0000020CBF777D00][0000020CBE69A3C0 49] iPhone11Pro, [0000020CBF809C00][0000020CBE69E540 49] iPhone11ProMax, [0000020CBF775100][0000020CBE6A26C0 49] iPhoneSE2, [0000020CBF809200][0000020CBE6A6840 49] iPhone12Mini, [0000020CBF777100][0000020CBE6AA9C0 49] iPhone12, [0000020CBF808900][0000020CBE6AEB40 49] iPhone12Pro, [0000020CBF774D00][0000020CBE6B2CC0 49] iPhone12ProMax, [0000020CBF80BC00][0000020CB3DE0E00 49] iPadPro105, [0000020CBF777700][0000020CBE6B6F40 49] iPadPro129, [0000020CBF80B000][0000020CBE6BB080 49] iPadPro97, [0000020CBF774F00][0000020CBE6BF1C0 49] iPadPro2_129, [0000020CBF808C00][0000020CBE6C7340 49] iPad5, [0000020CBF777B00][0000020CBE6CB4C0 49] iPad6, [0000020CBF808400][0000020CBE6CF640 49] iPad7, [0000020CBF777E00][0000020CBE6D37C0 49] iPad8, [0000020CBF809B00][0000020CBE6D7940 49] iPadPro11, [0000020CBF776400][0000020CBEAEFAC0 49] iPadPro2_11, [0000020CBF808800][0000020CBEAF20C0 49] iPadPro3_129, [0000020CBF776800][0000020CBEAF6240 49] iPadPro4_129, [0000020CBF80AF00][0000020CBEAFA3C0 49] AppleTV, [0000020CBF775200][0000020CBEAFE540 49] AppleTV4K, [0000020CBF809700][0000020CBEB026C0 49] TVOS, [0000020CBF777600][0000020CBEB06840 49] Mac, [0000020CBF80BA00][0000020CBEB0A9C0 49] MacClient, [0000020CBF776500][0000020CBEB0EB40 49] MacNoEditor, [0000020CBF808500][0000020CBEB12CC0 49] MacServer, [0000020CBF776000][0000020CBEB16E40 49] Linux, [0000020CBF80BB00][0000020CBE6C2F80 49] LinuxAArch64, [0000020CBF774300][0000020CBEB1B0C0 49] LinuxNoEditor, [0000020CBF80B700][0000020CBEB1F200 49] LinuxAArch64NoEditor, [0000020CBF776600][0000020CBEB23340 49] LinuxClient, [0000020CBF80A600][0000020CBEB2B4C0 49] LinuxAArch64Client, [0000020CBF775A00][0000020CBEB2F640 49] LinuxServer, [0000020CBF808200][0000020CBEB337C0 49] LinuxAArch64Server, [0000020CBF775600][0000020CBEB37940 49] Android, [0000020CBF80A100][0000020CBE8EFAC0 49] Android_Low, [0000020CBF777800][0000020CBE8F20C0 49] Android_Mid, [0000020CBF808600][0000020CBE8F6240 49] Android_High, [0000020CBF776300][0000020CBE8FA3C0 49] Android_Default, [0000020CBF80A300][0000020CBE8FE540 49] Android_Adreno4xx, [0000020CBF777000][0000020CBE9026C0 49] Android_Adreno5xx_Low, [0000020CBF80AA00][0000020CBE906840 49] Android_Adreno5xx, [0000020CBF774100][0000020CBE90A9C0 49] Android_Adreno6xx, [0000020CBF808B00][0000020CBE90EB40 49] Android_Adreno6xx_Vulkan, [0000020CBF774A00][0000020CBE912CC0 49] Android_Mali_T6xx, [0000020CBF808700][0000020CBE916E40 49] Android_Mali_T7xx, [0000020CBF7C5900][0000020CBE91AFC0 49] Android_Mali_T8xx, [0000020CBF7A4300][0000020CBE91F140 49] Android_Mali_G71, [0000020CBF7C4600][0000020CBEB27280 49] Android_Mali_G72, [0000020CBF7A5200][0000020CBE9233C0 49] Android_Mali_G72_Vulkan, [0000020CBF7C7A00][0000020CBE927500 49] Android_Mali_G76, [0000020CBF7A4700][0000020CBE92F680 49] Android_Mali_G76_Vulkan, [0000020CBF7C7900][0000020CBE933800 49] Android_Mali_G77, [0000020CBF7A7B00][0000020CBE937980 49] Android_Mali_G77_Vulkan, [0000020CBF7C5A00][0000020CBE93BB00 49] Android_Mali_G78, [0000020CBF7A7100][0000020CBE93E100 49] Android_Mali_G78_Vulkan, [0000020CBF7C7800][0000020CBE942280 49] Android_Mali_G710, [0000020CBF7A6C00][0000020CBE946400 49] Android_Mali_G710_Vulkan, [0000020CBF7C7500][0000020CBE94A580 49] Android_Vulkan_SM5, [0000020CBF7A7800][0000020CBE94E700 49] Android_PowerVR_G6xxx, [0000020CBF7C5800][0000020CBE952880 49] Android_PowerVR_GT7xxx, [0000020CBF7A5D00][0000020CBE956A00 49] Android_PowerVR_GE8xxx, [0000020CBF7C6C00][0000020CBE95AB80 49] Android_PowerVR_GM9xxx, [0000020CBF7A4800][0000020CBE83ED00 49] Android_PowerVR_GM9xxx_Vulkan, [0000020CBF7C5B00][0000020CBE842E80 49] Android_TegraK1, [0000020CBF7A5000][0000020CBE847000 49] Android_Unknown_Vulkan, [0000020CBF7C6200][0000020CBE84B180 49] Lumin, [0000020CBF7A7E00][0000020CBE84F300 49] Lumin_Desktop, [0000020CBF7C6A00][0000020CBE92B440 49] HoloLens, 
[2023.12.22-10.40.50:971][  0]LogMeshReduction: Using QuadricMeshReduction for automatic static mesh reduction
[2023.12.22-10.40.50:971][  0]LogMeshReduction: Using SimplygonMeshReduction for automatic skeletal mesh reduction
[2023.12.22-10.40.50:971][  0]LogMeshReduction: Using ProxyLODMeshReduction for automatic mesh merging
[2023.12.22-10.40.50:971][  0]LogMeshReduction: No distributed automatic mesh merging module available
[2023.12.22-10.40.50:973][  0]LogMeshMerging: No distributed automatic mesh merging module available
[2023.12.22-10.40.51:083][  0]LogNetVersion: Tech_Demo_4 1.0.0, NetCL: 17155196, EngineNetVer: 17, GameNetVer: 0 (Checksum: 4260629819)
[2023.12.22-10.40.52:908][  0]LogTexture: Default maximum texture size for cubemaps generated from long-lat sources has been changed from 512 to unlimited. In order to preserve old behaiour for '/Engine/MapTemplates/Sky/DaylightAmbientCubemap.DaylightAmbientCubemap', its maximum texture size has been explicitly set to 512.
[2023.12.22-10.40.53:102][  0]LogUObjectArray: 16878 objects as part of root set at end of initial load.
[2023.12.22-10.40.53:102][  0]LogUObjectAllocator: 4218224 out of 0 bytes used by permanent object pool.
[2023.12.22-10.40.53:102][  0]LogUObjectArray: CloseDisregardForGC: 0/0 objects in disregard for GC pool
[2023.12.22-10.40.54:218][  0]LogPython: Using Python 3.7.7
[2023.12.22-10.40.55:164][  0]LogNiagaraDebuggerClient: Niagara Debugger Client Initialized | Session: 7FE3C3F64BB1FE3B583DEAB744B32291 | Instance: F543B5824D238B18AA7D4EAA2B813840 (DESKTOP-AC6PBN4-13692).
[2023.12.22-10.40.55:656][  0]LogTcpMessaging: Initializing TcpMessaging bridge
[2023.12.22-10.40.55:671][  0]LogUdpMessaging: Initializing bridge on interface 0.0.0.0:0 to multicast group 230.0.0.1:6666.
[2023.12.22-10.40.56:106][  0]SourceControl: Source control is disabled
[2023.12.22-10.40.56:106][  0]SourceControl: Source control is disabled
[2023.12.22-10.40.56:120][  0]SourceControl: Source control is disabled
[2023.12.22-10.40.56:128][  0]SourceControl: Source control is disabled
[2023.12.22-10.40.56:168][  0]SourceControl: Source control is disabled
[2023.12.22-10.40.56:178][  0]LogUProjectInfo: Found projects:
[2023.12.22-10.40.56:755][  0]LogOpenImageDenoise: OIDN starting up
[2023.12.22-10.40.56:883][  0]LogAndroidPermission: UAndroidPermissionCallbackProxy::GetInstance
[2023.12.22-10.40.56:924][  0]LogAudioCaptureCore: Display: No Audio Capture implementations found. Audio input will be silent.
[2023.12.22-10.40.56:925][  0]LogAudioCaptureCore: Display: No Audio Capture implementations found. Audio input will be silent.
[2023.12.22-10.40.57:083][  0]LogCollectionManager: Loaded 0 collections in 0.002787 seconds
[2023.12.22-10.40.57:250][  0]LogFileCache: Scanning file cache for directory 'B:/University Projects/GSP-Tech-Demo-4-Assessment-Project/Tech_Demo_4/Saved/Collections/' took 0.00s
[2023.12.22-10.40.57:250][  0]LogFileCache: Scanning file cache for directory 'B:/University Projects/GSP-Tech-Demo-4-Assessment-Project/Tech_Demo_4/Content/Developers/matej/Collections/' took 0.00s
[2023.12.22-10.40.57:250][  0]LogFileCache: Scanning file cache for directory 'B:/University Projects/GSP-Tech-Demo-4-Assessment-Project/Tech_Demo_4/Content/Collections/' took 0.00s
[2023.12.22-10.40.57:304][  0]LogEngine: Initializing Engine...
[2023.12.22-10.40.57:307][  0]LogMagicLeap: Warning: VR disabled because ZI is not enabled.  To enable, in the editor, Edit -> Project Settings -> Plugins -> Magic Leap Plugin -> Enable Zero Iteration
[2023.12.22-10.40.57:311][  0]LogStats: UGameplayTagsManager::InitializeManager -  0.002 s
[2023.12.22-10.40.57:699][  0]LogInit: Initializing FReadOnlyCVARCache
[2023.12.22-10.40.57:742][  0]LogAIModule: Creating AISystem for world Untitled
[2023.12.22-10.40.57:747][  0]LogAudio: Display: Initializing Audio Device Manager...
[2023.12.22-10.40.57:753][  0]LogAudio: Display: Loading Default Audio Settings Objects...
[2023.12.22-10.40.57:759][  0]LogAudio: Display: No default SoundConcurrencyObject specified (or failed to load).
[2023.12.22-10.40.57:760][  0]LogAudio: Display: Audio Device Manager Initialized
[2023.12.22-10.40.57:761][  0]LogAudio: Display: Creating Audio Device:                 Id: 1, Scope: Shared, Realtime: True
[2023.12.22-10.40.57:762][  0]LogAudioMixer: Display: Audio Mixer Platform Settings:
[2023.12.22-10.40.57:762][  0]LogAudioMixer: Display: 	Sample Rate:						  48000
[2023.12.22-10.40.57:762][  0]LogAudioMixer: Display: 	Callback Buffer Frame Size Requested: 1024
[2023.12.22-10.40.57:762][  0]LogAudioMixer: Display: 	Callback Buffer Frame Size To Use:	  1024
[2023.12.22-10.40.57:762][  0]LogAudioMixer: Display: 	Number of buffers to queue:			  2
[2023.12.22-10.40.57:762][  0]LogAudioMixer: Display: 	Max Channels (voices):				  32
[2023.12.22-10.40.57:762][  0]LogAudioMixer: Display: 	Number of Async Source Workers:		  0
[2023.12.22-10.40.57:763][  0]LogAudio: Display: AudioDevice MaxSources: 32
[2023.12.22-10.40.57:764][  0]LogAudio: Display: Audio Spatialization Plugin: None (built-in).
[2023.12.22-10.40.57:764][  0]LogAudio: Display: Audio Reverb Plugin: None (built-in).
[2023.12.22-10.40.57:764][  0]LogAudio: Display: Audio Occlusion Plugin: None (built-in).
[2023.12.22-10.40.57:764][  0]LogAudioMixer: Display: Initializing audio mixer.
[2023.12.22-10.40.57:802][  0]LogAudioMixer: Display: 0: FrontLeft
[2023.12.22-10.40.57:802][  0]LogAudioMixer: Display: 1: FrontRight
[2023.12.22-10.40.57:849][  0]LogAudioMixer: Display: Using Audio Device Speakers (Realtek High Definition Audio)
[2023.12.22-10.40.57:851][  0]LogAudioMixer: Display: Initializing Sound Submixes...
[2023.12.22-10.40.57:882][  0]LogAudioMixer: Display: Creating Master Submix 'MasterSubmixDefault'
[2023.12.22-10.40.57:882][  0]LogAudioMixer: Display: Creating Master Submix 'MasterReverbSubmixDefault'
[2023.12.22-10.40.57:885][  0]LogAudioMixer: Display: Creating Master Submix 'MasterEQSubmixDefault'
[2023.12.22-10.40.57:886][  0]LogAudioMixer: FMixerPlatformXAudio2::StartAudioStream() called
[2023.12.22-10.40.57:886][  0]LogAudioMixer: Display: Output buffers initialized: Frames=1024, Channels=2, Samples=2048
[2023.12.22-10.40.57:887][  0]LogAudioMixer: Display: Starting AudioMixerPlatformInterface::RunInternal()
[2023.12.22-10.40.57:887][  0]LogAudioMixer: Display: FMixerPlatformXAudio2::SubmitBuffer() called for the first time
[2023.12.22-10.40.57:887][  0]LogInit: FAudioDevice initialized.
[2023.12.22-10.40.57:888][  0]LogAudio: Display: Audio Device (ID: 1) registered with world 'Untitled'.
[2023.12.22-10.40.57:889][  0]LogNetVersion: Set ProjectVersion to 1.0.0.0. Version Checksum will be recalculated on next use.
[2023.12.22-10.40.57:977][  0]LogDerivedDataCache: Saved boot cache 0.09s 80MB C:/Users/matej/AppData/Local/UnrealEngine/4.27/DerivedDataCache/Boot.ddc.
[2023.12.22-10.40.57:977][  0]LogInit: Texture streaming: Enabled
[2023.12.22-10.40.58:062][  0]LogAnalytics: Display: [UEEditor.Rocket.Release] APIServer = https://datarouter.ol.epicgames.com/. AppVersion = 4.27.2-18319896+++UE4+Release-4.27
[2023.12.22-10.40.58:069][  0]LogEngineSessionManager: EngineSessionManager initialized
[2023.12.22-10.40.58:069][  0]LogEngineSessionManager: EngineSessionManager sent abnormal shutdown report. Type=AbnormalShutdown, SessionId={29A3D4DD-489A-358E-9EAD-58B0B1ED6043}
[2023.12.22-10.40.58:069][  0]LogEditorSessionSummary: Verbose: Initializing EditorSessionSummaryWriter for editor session tracking
[2023.12.22-10.40.58:074][  0]LogEditorSessionSummary: EditorSessionSummaryWriter initialized
[2023.12.22-10.40.58:549][  0]LogInit: Transaction tracking system initialized
[2023.12.22-10.40.58:604][  0]BlueprintLog: New page: Editor Load
[2023.12.22-10.40.58:792][  0]LocalizationService: Localization service is disabled
[2023.12.22-10.40.58:861][  0]TimingProfiler: Initialize
[2023.12.22-10.40.58:864][  0]TimingProfiler: OnSessionChanged
[2023.12.22-10.40.58:865][  0]LoadingProfiler: Initialize
[2023.12.22-10.40.58:865][  0]LoadingProfiler: OnSessionChanged
[2023.12.22-10.40.58:866][  0]NetworkingProfiler: Initialize
[2023.12.22-10.40.58:867][  0]NetworkingProfiler: OnSessionChanged
[2023.12.22-10.40.58:867][  0]MemoryProfiler: Initialize
[2023.12.22-10.40.58:867][  0]MemoryProfiler: OnSessionChanged
[2023.12.22-10.40.59:623][  0]LogFileCache: Scanning file cache for directory 'B:/University Projects/GSP-Tech-Demo-4-Assessment-Project/Tech_Demo_4/Content/' took 0.01s
[2023.12.22-10.40.59:623][  0]LogCook: Display: CookSettings for Memory: MemoryMaxUsedVirtual 0MiB, MemoryMaxUsedPhysical 16384MiB, MemoryMinFreeVirtual 0MiB, MemoryMinFreePhysical 1024MiB
[2023.12.22-10.40.59:623][  0]LogCook: Display: Mobile HDR setting 1
[2023.12.22-10.41.00:510][  0]LogInit: Display: Engine is initialized. Leaving FEngineLoop::Init()
[2023.12.22-10.41.00:520][  0]SourceControl: Source control is disabled
[2023.12.22-10.41.00:521][  0]LogUnrealEdMisc: Loading editor; pre map load, took 24.122
[2023.12.22-10.41.00:522][  0]Cmd: MAP LOAD FILE="B:/University Projects/GSP-Tech-Demo-4-Assessment-Project/Tech_Demo_4/Content/Maps/TechDemo4_Map.umap" TEMPLATE=0 SHOWPROGRESS=1 FEATURELEVEL=3
[2023.12.22-10.41.00:564][  0]LightingResults: New page: Lighting Build
[2023.12.22-10.41.00:573][  0]LogWorld: UWorld::CleanupWorld for Untitled, bSessionEnded=true, bCleanupResources=true
[2023.12.22-10.41.00:574][  0]LogSlate: InvalidateAllWidgets triggered.  All widgets were invalidated
[2023.12.22-10.41.00:577][  0]MapCheck: New page: Map Check
[2023.12.22-10.41.00:577][  0]LightingResults: New page: Lighting Build
[2023.12.22-10.41.00:592][  0]LogAudio: Display: Audio Device unregistered from world 'None'.
[2023.12.22-10.41.00:624][  0]LogUObjectHash: Compacting FUObjectHashTables data took   0.89ms
[2023.12.22-10.41.06:313][  0]LogAudio: Display: Audio Device (ID: 1) registered with world 'TechDemo4_Map'.
[2023.12.22-10.41.06:314][  0]LogAIModule: Creating AISystem for world TechDemo4_Map
[2023.12.22-10.41.06:391][  0]LogEditorServer: Finished looking for orphan Actors (0.000 secs)
[2023.12.22-10.41.06:435][  0]LogUObjectHash: Compacting FUObjectHashTables data took   1.03ms
[2023.12.22-10.41.06:436][  0]Cmd: MAP CHECKDEP NOCLEARLOG
[2023.12.22-10.41.06:436][  0]MapCheck: Map check complete: 0 Error(s), 0 Warning(s), took 0.6ms to complete.
[2023.12.22-10.41.06:436][  0]LogFileHelpers: Loading map 'TechDemo4_Map' took 5.915
[2023.12.22-10.41.06:465][  0]LogUnrealEdMisc: Total Editor Startup Time, took 30.066
[2023.12.22-10.41.06:675][  0]LogSlate: Updating window title bar state: overlay mode, drag disabled, window buttons hidden, title bar hidden
[2023.12.22-10.41.06:684][  0]LogSlate: Updating window title bar state: overlay mode, drag disabled, window buttons hidden, title bar hidden
[2023.12.22-10.41.06:692][  0]LogSlate: Updating window title bar state: overlay mode, drag disabled, window buttons hidden, title bar hidden
[2023.12.22-10.41.06:700][  0]LogSlate: Updating window title bar state: overlay mode, drag disabled, window buttons hidden, title bar hidden
[2023.12.22-10.41.06:748][  0]LogNativeClassHierarchy: Verbose: Native class hierarchy populated in 0.0110 seconds. Added 3724 classes and 870 folders.
[2023.12.22-10.41.06:758][  0]LogNativeClassHierarchy: Verbose: Native class hierarchy updated for 'WidgetCarousel' in 0.0003 seconds. Added 0 classes and 0 folders.
[2023.12.22-10.41.06:774][  0]LogPakFile: PakFile PrimaryIndexSize=187
[2023.12.22-10.41.06:774][  0]LogPakFile: PakFile PathHashIndexSize=101
[2023.12.22-10.41.06:774][  0]LogPakFile: PakFile FullDirectoryIndexSize=148
[2023.12.22-10.41.06:775][  0]LogShaderLibrary: Display: ShaderCodeLibraryPakFileMountedCallback: PakFile 'C:/UE_4.27/FeaturePacks/FP_FirstPerson.upack' (chunk index -1, root 'root:/') mounted
[2023.12.22-10.41.06:775][  0]LogShaderLibrary: Display: ShaderCodeLibraryPakFileMountedCallback: pending pak file info (ChunkID:-1 Root:root:/ File:C:/UE_4.27/FeaturePacks/FP_FirstPerson.upack)
[2023.12.22-10.41.06:775][  0]LogPakFile: OnPakFileMounted2Time == 0.000426
[2023.12.22-10.41.06:787][  0]LogPakFile: PakFile PrimaryIndexSize=189
[2023.12.22-10.41.06:787][  0]LogPakFile: PakFile PathHashIndexSize=101
[2023.12.22-10.41.06:787][  0]LogPakFile: PakFile FullDirectoryIndexSize=152
[2023.12.22-10.41.06:787][  0]LogShaderLibrary: Display: ShaderCodeLibraryPakFileMountedCallback: PakFile 'C:/UE_4.27/FeaturePacks/FP_FirstPersonBP.upack' (chunk index -1, root 'root:/') mounted
[2023.12.22-10.41.06:787][  0]LogShaderLibrary: Display: ShaderCodeLibraryPakFileMountedCallback: pending pak file info (ChunkID:-1 Root:root:/ File:C:/UE_4.27/FeaturePacks/FP_FirstPersonBP.upack)
[2023.12.22-10.41.06:787][  0]LogPakFile: OnPakFileMounted2Time == 0.000078
[2023.12.22-10.41.06:795][  0]LogPakFile: PakFile PrimaryIndexSize=191
[2023.12.22-10.41.06:795][  0]LogPakFile: PakFile PathHashIndexSize=101
[2023.12.22-10.41.06:795][  0]LogPakFile: PakFile FullDirectoryIndexSize=160
[2023.12.22-10.41.06:795][  0]LogShaderLibrary: Display: ShaderCodeLibraryPakFileMountedCallback: PakFile 'C:/UE_4.27/FeaturePacks/MobileStarterContent.upack' (chunk index -1, root 'root:/') mounted
[2023.12.22-10.41.06:795][  0]LogShaderLibrary: Display: ShaderCodeLibraryPakFileMountedCallback: pending pak file info (ChunkID:-1 Root:root:/ File:C:/UE_4.27/FeaturePacks/MobileStarterContent.upack)
[2023.12.22-10.41.06:795][  0]LogPakFile: OnPakFileMounted2Time == 0.000069
[2023.12.22-10.41.06:804][  0]LogPakFile: PakFile PrimaryIndexSize=185
[2023.12.22-10.41.06:804][  0]LogPakFile: PakFile PathHashIndexSize=101
[2023.12.22-10.41.06:804][  0]LogPakFile: PakFile FullDirectoryIndexSize=148
[2023.12.22-10.41.06:804][  0]LogShaderLibrary: Display: ShaderCodeLibraryPakFileMountedCallback: PakFile 'C:/UE_4.27/FeaturePacks/StarterContent.upack' (chunk index -1, root 'root:/') mounted
[2023.12.22-10.41.06:804][  0]LogShaderLibrary: Display: ShaderCodeLibraryPakFileMountedCallback: pending pak file info (ChunkID:-1 Root:root:/ File:C:/UE_4.27/FeaturePacks/StarterContent.upack)
[2023.12.22-10.41.06:804][  0]LogPakFile: OnPakFileMounted2Time == 0.000070
[2023.12.22-10.41.06:812][  0]LogPakFile: PakFile PrimaryIndexSize=190
[2023.12.22-10.41.06:812][  0]LogPakFile: PakFile PathHashIndexSize=101
[2023.12.22-10.41.06:812][  0]LogPakFile: PakFile FullDirectoryIndexSize=154
[2023.12.22-10.41.06:812][  0]LogShaderLibrary: Display: ShaderCodeLibraryPakFileMountedCallback: PakFile 'C:/UE_4.27/FeaturePacks/TP_2DSideScroller.upack' (chunk index -1, root 'root:/') mounted
[2023.12.22-10.41.06:812][  0]LogShaderLibrary: Display: ShaderCodeLibraryPakFileMountedCallback: pending pak file info (ChunkID:-1 Root:root:/ File:C:/UE_4.27/FeaturePacks/TP_2DSideScroller.upack)
[2023.12.22-10.41.06:812][  0]LogPakFile: OnPakFileMounted2Time == 0.000069
[2023.12.22-10.41.06:820][  0]LogPakFile: PakFile PrimaryIndexSize=192
[2023.12.22-10.41.06:820][  0]LogPakFile: PakFile PathHashIndexSize=101
[2023.12.22-10.41.06:820][  0]LogPakFile: PakFile FullDirectoryIndexSize=158
[2023.12.22-10.41.06:820][  0]LogShaderLibrary: Display: ShaderCodeLibraryPakFileMountedCallback: PakFile 'C:/UE_4.27/FeaturePacks/TP_2DSideScrollerBP.upack' (chunk index -1, root 'root:/') mounted
[2023.12.22-10.41.06:820][  0]LogShaderLibrary: Display: ShaderCodeLibraryPakFileMountedCallback: pending pak file info (ChunkID:-1 Root:root:/ File:C:/UE_4.27/FeaturePacks/TP_2DSideScrollerBP.upack)
[2023.12.22-10.41.06:820][  0]LogPakFile: OnPakFileMounted2Time == 0.000081
[2023.12.22-10.41.06:827][  0]LogPakFile: PakFile PrimaryIndexSize=182
[2023.12.22-10.41.06:827][  0]LogPakFile: PakFile PathHashIndexSize=101
[2023.12.22-10.41.06:827][  0]LogPakFile: PakFile FullDirectoryIndexSize=138
[2023.12.22-10.41.06:827][  0]LogShaderLibrary: Display: ShaderCodeLibraryPakFileMountedCallback: PakFile 'C:/UE_4.27/FeaturePacks/TP_Flying.upack' (chunk index -1, root 'root:/') mounted
[2023.12.22-10.41.06:827][  0]LogShaderLibrary: Display: ShaderCodeLibraryPakFileMountedCallback: pending pak file info (ChunkID:-1 Root:root:/ File:C:/UE_4.27/FeaturePacks/TP_Flying.upack)
[2023.12.22-10.41.06:827][  0]LogPakFile: OnPakFileMounted2Time == 0.000070
[2023.12.22-10.41.06:836][  0]LogPakFile: PakFile PrimaryIndexSize=184
[2023.12.22-10.41.06:836][  0]LogPakFile: PakFile PathHashIndexSize=101
[2023.12.22-10.41.06:836][  0]LogPakFile: PakFile FullDirectoryIndexSize=142
[2023.12.22-10.41.06:836][  0]LogShaderLibrary: Display: ShaderCodeLibraryPakFileMountedCallback: PakFile 'C:/UE_4.27/FeaturePacks/TP_FlyingBP.upack' (chunk index -1, root 'root:/') mounted
[2023.12.22-10.41.06:836][  0]LogShaderLibrary: Display: ShaderCodeLibraryPakFileMountedCallback: pending pak file info (ChunkID:-1 Root:root:/ File:C:/UE_4.27/FeaturePacks/TP_FlyingBP.upack)
[2023.12.22-10.41.06:836][  0]LogPakFile: OnPakFileMounted2Time == 0.000069
[2023.12.22-10.41.06:846][  0]LogPakFile: PakFile PrimaryIndexSize=188
[2023.12.22-10.41.06:846][  0]LogPakFile: PakFile PathHashIndexSize=101
[2023.12.22-10.41.06:846][  0]LogPakFile: PakFile FullDirectoryIndexSize=150
[2023.12.22-10.41.06:846][  0]LogShaderLibrary: Display: ShaderCodeLibraryPakFileMountedCallback: PakFile 'C:/UE_4.27/FeaturePacks/TP_HandheldARBP.upack' (chunk index -1, root 'root:/') mounted
[2023.12.22-10.41.06:846][  0]LogShaderLibrary: Display: ShaderCodeLibraryPakFileMountedCallback: pending pak file info (ChunkID:-1 Root:root:/ File:C:/UE_4.27/FeaturePacks/TP_HandheldARBP.upack)
[2023.12.22-10.41.06:846][  0]LogPakFile: OnPakFileMounted2Time == 0.000067
[2023.12.22-10.41.06:858][  0]LogPakFile: PakFile PrimaryIndexSize=182
[2023.12.22-10.41.06:858][  0]LogPakFile: PakFile PathHashIndexSize=101
[2023.12.22-10.41.06:858][  0]LogPakFile: PakFile FullDirectoryIndexSize=138
[2023.12.22-10.41.06:858][  0]LogShaderLibrary: Display: ShaderCodeLibraryPakFileMountedCallback: PakFile 'C:/UE_4.27/FeaturePacks/TP_Puzzle.upack' (chunk index -1, root 'root:/') mounted
[2023.12.22-10.41.06:858][  0]LogShaderLibrary: Display: ShaderCodeLibraryPakFileMountedCallback: pending pak file info (ChunkID:-1 Root:root:/ File:C:/UE_4.27/FeaturePacks/TP_Puzzle.upack)
[2023.12.22-10.41.06:858][  0]LogPakFile: OnPakFileMounted2Time == 0.000070
[2023.12.22-10.41.06:865][  0]LogPakFile: PakFile PrimaryIndexSize=184
[2023.12.22-10.41.06:865][  0]LogPakFile: PakFile PathHashIndexSize=101
[2023.12.22-10.41.06:865][  0]LogPakFile: PakFile FullDirectoryIndexSize=142
[2023.12.22-10.41.06:865][  0]LogShaderLibrary: Display: ShaderCodeLibraryPakFileMountedCallback: PakFile 'C:/UE_4.27/FeaturePacks/TP_PuzzleBP.upack' (chunk index -1, root 'root:/') mounted
[2023.12.22-10.41.06:865][  0]LogShaderLibrary: Display: ShaderCodeLibraryPakFileMountedCallback: pending pak file info (ChunkID:-1 Root:root:/ File:C:/UE_4.27/FeaturePacks/TP_PuzzleBP.upack)
[2023.12.22-10.41.06:865][  0]LogPakFile: OnPakFileMounted2Time == 0.000071
[2023.12.22-10.41.06:873][  0]LogPakFile: PakFile PrimaryIndexSize=183
[2023.12.22-10.41.06:873][  0]LogPakFile: PakFile PathHashIndexSize=101
[2023.12.22-10.41.06:873][  0]LogPakFile: PakFile FullDirectoryIndexSize=140
[2023.12.22-10.41.06:873][  0]LogShaderLibrary: Display: ShaderCodeLibraryPakFileMountedCallback: PakFile 'C:/UE_4.27/FeaturePacks/TP_Rolling.upack' (chunk index -1, root 'root:/') mounted
[2023.12.22-10.41.06:873][  0]LogShaderLibrary: Display: ShaderCodeLibraryPakFileMountedCallback: pending pak file info (ChunkID:-1 Root:root:/ File:C:/UE_4.27/FeaturePacks/TP_Rolling.upack)
[2023.12.22-10.41.06:873][  0]LogPakFile: OnPakFileMounted2Time == 0.000067
[2023.12.22-10.41.06:884][  0]LogPakFile: PakFile PrimaryIndexSize=185
[2023.12.22-10.41.06:884][  0]LogPakFile: PakFile PathHashIndexSize=101
[2023.12.22-10.41.06:884][  0]LogPakFile: PakFile FullDirectoryIndexSize=144
[2023.12.22-10.41.06:884][  0]LogShaderLibrary: Display: ShaderCodeLibraryPakFileMountedCallback: PakFile 'C:/UE_4.27/FeaturePacks/TP_RollingBP.upack' (chunk index -1, root 'root:/') mounted
[2023.12.22-10.41.06:884][  0]LogShaderLibrary: Display: ShaderCodeLibraryPakFileMountedCallback: pending pak file info (ChunkID:-1 Root:root:/ File:C:/UE_4.27/FeaturePacks/TP_RollingBP.upack)
[2023.12.22-10.41.06:884][  0]LogPakFile: OnPakFileMounted2Time == 0.000060
[2023.12.22-10.41.06:893][  0]LogPakFile: PakFile PrimaryIndexSize=188
[2023.12.22-10.41.06:893][  0]LogPakFile: PakFile PathHashIndexSize=101
[2023.12.22-10.41.06:893][  0]LogPakFile: PakFile FullDirectoryIndexSize=150
[2023.12.22-10.41.06:893][  0]LogShaderLibrary: Display: ShaderCodeLibraryPakFileMountedCallback: PakFile 'C:/UE_4.27/FeaturePacks/TP_SideScroller.upack' (chunk index -1, root 'root:/') mounted
[2023.12.22-10.41.06:893][  0]LogShaderLibrary: Display: ShaderCodeLibraryPakFileMountedCallback: pending pak file info (ChunkID:-1 Root:root:/ File:C:/UE_4.27/FeaturePacks/TP_SideScroller.upack)
[2023.12.22-10.41.06:893][  0]LogPakFile: OnPakFileMounted2Time == 0.000058
[2023.12.22-10.41.06:902][  0]LogPakFile: PakFile PrimaryIndexSize=190
[2023.12.22-10.41.06:902][  0]LogPakFile: PakFile PathHashIndexSize=101
[2023.12.22-10.41.06:902][  0]LogPakFile: PakFile FullDirectoryIndexSize=154
[2023.12.22-10.41.06:902][  0]LogShaderLibrary: Display: ShaderCodeLibraryPakFileMountedCallback: PakFile 'C:/UE_4.27/FeaturePacks/TP_SideScrollerBP.upack' (chunk index -1, root 'root:/') mounted
[2023.12.22-10.41.06:902][  0]LogShaderLibrary: Display: ShaderCodeLibraryPakFileMountedCallback: pending pak file info (ChunkID:-1 Root:root:/ File:C:/UE_4.27/FeaturePacks/TP_SideScrollerBP.upack)
[2023.12.22-10.41.06:902][  0]LogPakFile: OnPakFileMounted2Time == 0.000064
[2023.12.22-10.41.06:911][  0]LogPakFile: PakFile PrimaryIndexSize=187
[2023.12.22-10.41.06:911][  0]LogPakFile: PakFile PathHashIndexSize=101
[2023.12.22-10.41.06:911][  0]LogPakFile: PakFile FullDirectoryIndexSize=148
[2023.12.22-10.41.06:911][  0]LogShaderLibrary: Display: ShaderCodeLibraryPakFileMountedCallback: PakFile 'C:/UE_4.27/FeaturePacks/TP_ThirdPerson.upack' (chunk index -1, root 'root:/') mounted
[2023.12.22-10.41.06:911][  0]LogShaderLibrary: Display: ShaderCodeLibraryPakFileMountedCallback: pending pak file info (ChunkID:-1 Root:root:/ File:C:/UE_4.27/FeaturePacks/TP_ThirdPerson.upack)
[2023.12.22-10.41.06:911][  0]LogPakFile: OnPakFileMounted2Time == 0.000060
[2023.12.22-10.41.06:920][  0]LogPakFile: PakFile PrimaryIndexSize=189
[2023.12.22-10.41.06:920][  0]LogPakFile: PakFile PathHashIndexSize=101
[2023.12.22-10.41.06:920][  0]LogPakFile: PakFile FullDirectoryIndexSize=152
[2023.12.22-10.41.06:920][  0]LogShaderLibrary: Display: ShaderCodeLibraryPakFileMountedCallback: PakFile 'C:/UE_4.27/FeaturePacks/TP_ThirdPersonBP.upack' (chunk index -1, root 'root:/') mounted
[2023.12.22-10.41.06:920][  0]LogShaderLibrary: Display: ShaderCodeLibraryPakFileMountedCallback: pending pak file info (ChunkID:-1 Root:root:/ File:C:/UE_4.27/FeaturePacks/TP_ThirdPersonBP.upack)
[2023.12.22-10.41.06:920][  0]LogPakFile: OnPakFileMounted2Time == 0.000062
[2023.12.22-10.41.06:931][  0]LogPakFile: PakFile PrimaryIndexSize=183
[2023.12.22-10.41.06:931][  0]LogPakFile: PakFile PathHashIndexSize=101
[2023.12.22-10.41.06:931][  0]LogPakFile: PakFile FullDirectoryIndexSize=140
[2023.12.22-10.41.06:931][  0]LogShaderLibrary: Display: ShaderCodeLibraryPakFileMountedCallback: PakFile 'C:/UE_4.27/FeaturePacks/TP_TopDown.upack' (chunk index -1, root 'root:/') mounted
[2023.12.22-10.41.06:931][  0]LogShaderLibrary: Display: ShaderCodeLibraryPakFileMountedCallback: pending pak file info (ChunkID:-1 Root:root:/ File:C:/UE_4.27/FeaturePacks/TP_TopDown.upack)
[2023.12.22-10.41.06:931][  0]LogPakFile: OnPakFileMounted2Time == 0.000068
[2023.12.22-10.41.06:940][  0]LogPakFile: PakFile PrimaryIndexSize=185
[2023.12.22-10.41.06:940][  0]LogPakFile: PakFile PathHashIndexSize=101
[2023.12.22-10.41.06:940][  0]LogPakFile: PakFile FullDirectoryIndexSize=144
[2023.12.22-10.41.06:940][  0]LogShaderLibrary: Display: ShaderCodeLibraryPakFileMountedCallback: PakFile 'C:/UE_4.27/FeaturePacks/TP_TopDownBP.upack' (chunk index -1, root 'root:/') mounted
[2023.12.22-10.41.06:940][  0]LogShaderLibrary: Display: ShaderCodeLibraryPakFileMountedCallback: pending pak file info (ChunkID:-1 Root:root:/ File:C:/UE_4.27/FeaturePacks/TP_TopDownBP.upack)
[2023.12.22-10.41.06:940][  0]LogPakFile: OnPakFileMounted2Time == 0.000057
[2023.12.22-10.41.06:954][  0]LogPakFile: PakFile PrimaryIndexSize=185
[2023.12.22-10.41.06:955][  0]LogPakFile: PakFile PathHashIndexSize=101
[2023.12.22-10.41.06:955][  0]LogPakFile: PakFile FullDirectoryIndexSize=144
[2023.12.22-10.41.06:955][  0]LogShaderLibrary: Display: ShaderCodeLibraryPakFileMountedCallback: PakFile 'C:/UE_4.27/FeaturePacks/TP_TwinStick.upack' (chunk index -1, root 'root:/') mounted
[2023.12.22-10.41.06:955][  0]LogShaderLibrary: Display: ShaderCodeLibraryPakFileMountedCallback: pending pak file info (ChunkID:-1 Root:root:/ File:C:/UE_4.27/FeaturePacks/TP_TwinStick.upack)
[2023.12.22-10.41.06:955][  0]LogPakFile: OnPakFileMounted2Time == 0.000069
[2023.12.22-10.41.06:965][  0]LogPakFile: PakFile PrimaryIndexSize=187
[2023.12.22-10.41.06:965][  0]LogPakFile: PakFile PathHashIndexSize=101
[2023.12.22-10.41.06:965][  0]LogPakFile: PakFile FullDirectoryIndexSize=148
[2023.12.22-10.41.06:965][  0]LogShaderLibrary: Display: ShaderCodeLibraryPakFileMountedCallback: PakFile 'C:/UE_4.27/FeaturePacks/TP_TwinStickBP.upack' (chunk index -1, root 'root:/') mounted
[2023.12.22-10.41.06:965][  0]LogShaderLibrary: Display: ShaderCodeLibraryPakFileMountedCallback: pending pak file info (ChunkID:-1 Root:root:/ File:C:/UE_4.27/FeaturePacks/TP_TwinStickBP.upack)
[2023.12.22-10.41.06:965][  0]LogPakFile: OnPakFileMounted2Time == 0.000058
[2023.12.22-10.41.06:973][  0]LogPakFile: PakFile PrimaryIndexSize=183
[2023.12.22-10.41.06:973][  0]LogPakFile: PakFile PathHashIndexSize=101
[2023.12.22-10.41.06:973][  0]LogPakFile: PakFile FullDirectoryIndexSize=140
[2023.12.22-10.41.06:973][  0]LogShaderLibrary: Display: ShaderCodeLibraryPakFileMountedCallback: PakFile 'C:/UE_4.27/FeaturePacks/TP_Vehicle.upack' (chunk index -1, root 'root:/') mounted
[2023.12.22-10.41.06:973][  0]LogShaderLibrary: Display: ShaderCodeLibraryPakFileMountedCallback: pending pak file info (ChunkID:-1 Root:root:/ File:C:/UE_4.27/FeaturePacks/TP_Vehicle.upack)
[2023.12.22-10.41.06:973][  0]LogPakFile: OnPakFileMounted2Time == 0.000063
[2023.12.22-10.41.06:982][  0]LogPakFile: PakFile PrimaryIndexSize=186
[2023.12.22-10.41.06:982][  0]LogPakFile: PakFile PathHashIndexSize=101
[2023.12.22-10.41.06:983][  0]LogPakFile: PakFile FullDirectoryIndexSize=146
[2023.12.22-10.41.06:983][  0]LogShaderLibrary: Display: ShaderCodeLibraryPakFileMountedCallback: PakFile 'C:/UE_4.27/FeaturePacks/TP_VehicleAdv.upack' (chunk index -1, root 'root:/') mounted
[2023.12.22-10.41.06:983][  0]LogShaderLibrary: Display: ShaderCodeLibraryPakFileMountedCallback: pending pak file info (ChunkID:-1 Root:root:/ File:C:/UE_4.27/FeaturePacks/TP_VehicleAdv.upack)
[2023.12.22-10.41.06:983][  0]LogPakFile: OnPakFileMounted2Time == 0.000058
[2023.12.22-10.41.06:992][  0]LogPakFile: PakFile PrimaryIndexSize=188
[2023.12.22-10.41.06:992][  0]LogPakFile: PakFile PathHashIndexSize=101
[2023.12.22-10.41.06:992][  0]LogPakFile: PakFile FullDirectoryIndexSize=150
[2023.12.22-10.41.06:992][  0]LogShaderLibrary: Display: ShaderCodeLibraryPakFileMountedCallback: PakFile 'C:/UE_4.27/FeaturePacks/TP_VehicleAdvBP.upack' (chunk index -1, root 'root:/') mounted
[2023.12.22-10.41.06:992][  0]LogShaderLibrary: Display: ShaderCodeLibraryPakFileMountedCallback: pending pak file info (ChunkID:-1 Root:root:/ File:C:/UE_4.27/FeaturePacks/TP_VehicleAdvBP.upack)
[2023.12.22-10.41.06:992][  0]LogPakFile: OnPakFileMounted2Time == 0.000064
[2023.12.22-10.41.07:000][  0]LogPakFile: PakFile PrimaryIndexSize=185
[2023.12.22-10.41.07:000][  0]LogPakFile: PakFile PathHashIndexSize=101
[2023.12.22-10.41.07:000][  0]LogPakFile: PakFile FullDirectoryIndexSize=144
[2023.12.22-10.41.07:000][  0]LogShaderLibrary: Display: ShaderCodeLibraryPakFileMountedCallback: PakFile 'C:/UE_4.27/FeaturePacks/TP_VehicleBP.upack' (chunk index -1, root 'root:/') mounted
[2023.12.22-10.41.07:000][  0]LogShaderLibrary: Display: ShaderCodeLibraryPakFileMountedCallback: pending pak file info (ChunkID:-1 Root:root:/ File:C:/UE_4.27/FeaturePacks/TP_VehicleBP.upack)
[2023.12.22-10.41.07:000][  0]LogPakFile: OnPakFileMounted2Time == 0.000057
[2023.12.22-10.41.07:009][  0]LogPakFile: PakFile PrimaryIndexSize=192
[2023.12.22-10.41.07:009][  0]LogPakFile: PakFile PathHashIndexSize=101
[2023.12.22-10.41.07:009][  0]LogPakFile: PakFile FullDirectoryIndexSize=158
[2023.12.22-10.41.07:009][  0]LogShaderLibrary: Display: ShaderCodeLibraryPakFileMountedCallback: PakFile 'C:/UE_4.27/FeaturePacks/TP_VirtualRealityBP.upack' (chunk index -1, root 'root:/') mounted
[2023.12.22-10.41.07:009][  0]LogShaderLibrary: Display: ShaderCodeLibraryPakFileMountedCallback: pending pak file info (ChunkID:-1 Root:root:/ File:C:/UE_4.27/FeaturePacks/TP_VirtualRealityBP.upack)
[2023.12.22-10.41.07:009][  0]LogPakFile: OnPakFileMounted2Time == 0.000059
[2023.12.22-10.41.07:334][  0]LogNativeClassHierarchy: Verbose: Native class hierarchy updated for 'AddContentDialog' in 0.0005 seconds. Added 0 classes and 0 folders.
[2023.12.22-10.41.07:346][  0]LogNativeClassHierarchy: Verbose: Native class hierarchy updated for 'SceneOutliner' in 0.0003 seconds. Added 2 classes and 0 folders.
[2023.12.22-10.41.07:650][  0]LogSlate: Took 0.007354 seconds to synchronously load lazily loaded font '../../../Engine/Content/Slate/Fonts/Roboto-Regular.ttf' (155K)
[2023.12.22-10.41.07:658][  0]LogSlate: Took 0.006578 seconds to synchronously load lazily loaded font '../../../Engine/Content/Editor/Slate/Fonts/FontAwesome.ttf' (139K)
[2023.12.22-10.41.07:665][  0]LogSlate: Took 0.005867 seconds to synchronously load lazily loaded font '../../../Engine/Content/Slate/Fonts/Roboto-Bold.ttf' (160K)
[2023.12.22-10.41.07:899][  0]LogRenderer: Reallocating scene render targets to support 1156x600 Format 10 NumSamples 1 (Frame:1).
[2023.12.22-10.41.08:539][  0]LogSlate: Took 0.007763 seconds to synchronously load lazily loaded font '../../../Engine/Content/Slate/Fonts/Roboto-Light.ttf' (167K)
[2023.12.22-10.41.08:624][  0]LogNativeClassHierarchy: Verbose: Native class hierarchy updated for 'HierarchicalLODOutliner' in 0.0004 seconds. Added 0 classes and 0 folders.
[2023.12.22-10.41.08:624][  0]LogLoad: (Engine Initialization) Total time: 32.23 seconds
[2023.12.22-10.41.08:624][  0]LogLoad: (Engine Initialization) Total Blueprint compile time: 0.00 seconds
[2023.12.22-10.41.08:800][  0]LogAssetRegistry: Asset discovery search completed in 18.8144 seconds
[2023.12.22-10.41.08:836][  0]LogCollectionManager: Fixed up redirectors for 0 collections in 0.000001 seconds (updated 0 objects)
[2023.12.22-10.41.08:845][  0]LogContentStreaming: Texture pool size now 1000 MB
[2023.12.22-10.41.10:200][  4]LogSlate: Took 0.000183 seconds to synchronously load lazily loaded font '../../../Engine/Content/Slate/Fonts/Roboto-Light.ttf' (167K)
[2023.12.22-10.41.13:240][ 13]LogAssetEditorSubsystem: Opening Asset editor for WidgetBlueprint /Game/UI/CharacterHUD.CharacterHUD
[2023.12.22-10.41.14:030][ 13]LogNativeClassHierarchy: Verbose: Native class hierarchy updated for 'BlueprintGraph' in 0.0006 seconds. Added 126 classes and 0 folders.
[2023.12.22-10.41.15:199][ 13]LogAssetEditorSubsystem: Opening Asset editor for AnimBlueprint /Game/Blueprints/BP_CharacterAnimations.BP_CharacterAnimations
[2023.12.22-10.41.15:221][ 13]LogNativeClassHierarchy: Verbose: Native class hierarchy updated for 'SkeletonEditor' in 0.0004 seconds. Added 1 classes and 2 folders.
[2023.12.22-10.41.15:237][ 13]LogTexture: Default maximum texture size for cubemaps generated from long-lat sources has been changed from 512 to unlimited. In order to preserve old behaiour for '/Engine/EditorMaterials/AssetViewer/EpicQuadPanorama_CC+EV1.EpicQuadPanorama_CC+EV1', its maximum texture size has been explicitly set to 512.
[2023.12.22-10.41.15:364][ 13]LogTexture: Default maximum texture size for cubemaps generated from long-lat sources has been changed from 512 to unlimited. In order to preserve old behaiour for '/Engine/MapTemplates/Sky/SunsetAmbientCubemap.SunsetAmbientCubemap', its maximum texture size has been explicitly set to 512.
[2023.12.22-10.41.15:497][ 13]LogActorComponent: RegisterComponentWithWorld: (/Engine/Transient.World_3:PersistentLevel.AnimationEditorPreviewActor_0.DebugSkelMeshComponent_0) Already registered. Aborting.
[2023.12.22-10.41.15:509][ 13]LogNativeClassHierarchy: Verbose: Native class hierarchy updated for 'PinnedCommandList' in 0.0003 seconds. Added 1 classes and 0 folders.
[2023.12.22-10.41.16:333][ 13]LogAssetEditorSubsystem: Opening Asset editor for Blueprint /Game/Blueprints/BP_Character.BP_Character
[2023.12.22-10.41.16:730][ 13]LogAssetEditorSubsystem: Opening Asset editor for Skeleton /Game/Animations/Character/SWAT_Character_Skeleton.SWAT_Character_Skeleton
[2023.12.22-10.41.16:736][ 13]LogActorComponent: RegisterComponentWithWorld: (/Engine/Transient.World_6:PersistentLevel.AnimationEditorPreviewActor_0.DebugSkelMeshComponent_0) Already registered. Aborting.
[2023.12.22-10.41.17:013][ 13]LogAssetEditorSubsystem: Opening Asset editor for Blueprint /Game/Blueprints/BP_Weapon.BP_Weapon
[2023.12.22-10.41.17:896][ 13]LogSlate: Took 0.007548 seconds to synchronously load lazily loaded font '../../../Engine/Content/Slate/Fonts/Roboto-BoldCondensed.ttf' (158K)
[2023.12.22-10.42.41:634][248]LogRenderer: Reallocating scene render targets to support 1156x924 Format 10 NumSamples 1 (Frame:10).
[2023.12.22-10.42.43:239][386]LogSlate: Window 'BP_Weapon' being destroyed
[2023.12.22-10.42.44:785][562]LogWorld: UWorld::CleanupWorld for World_7, bSessionEnded=true, bCleanupResources=true
[2023.12.22-10.42.44:786][562]LogSlate: InvalidateAllWidgets triggered.  All widgets were invalidated
[2023.12.22-10.42.52:258][433]LogActorComponent: UnregisterComponent: (/Engine/Transient.EditorFloorComp) Not registered. Aborting.
[2023.12.22-10.42.52:258][433]LogWorld: UWorld::CleanupWorld for World_5, bSessionEnded=true, bCleanupResources=true
[2023.12.22-10.42.52:258][433]LogSlate: InvalidateAllWidgets triggered.  All widgets were invalidated
[2023.12.22-10.42.52:310][433]LogAssetEditorSubsystem: Opening Asset editor for Blueprint /Game/Blueprints/BP_Character.BP_Character
[2023.12.22-10.43.01:061][206]LogAssetEditorSubsystem: Opening Asset editor for WidgetBlueprint /Game/UI/CountdownTimerHUD.CountdownTimerHUD
[2023.12.22-10.43.03:369][416]LogAssetEditorSubsystem: Opening Asset editor for WidgetBlueprint /Game/UI/BP_MainMenuHUD.BP_MainMenuHUD
[2023.12.22-10.43.25:071][934]LogContentBrowser: Verbose: The majority of assets in the view are of type: AnimSequence
[2023.12.22-10.43.25:107][935]LogSlate: Took 0.007184 seconds to synchronously load lazily loaded font '../../../Engine/Content/Slate/Fonts/Roboto-Italic.ttf' (157K)
[2023.12.22-10.43.26:045][ 27]LogWorld: UWorld::CleanupWorld for World_3, bSessionEnded=true, bCleanupResources=true
[2023.12.22-10.43.26:045][ 27]LogSlate: InvalidateAllWidgets triggered.  All widgets were invalidated
[2023.12.22-10.43.26:055][ 27]LogWorld: UWorld::CleanupWorld for World_2, bSessionEnded=true, bCleanupResources=true
[2023.12.22-10.43.26:055][ 27]LogSlate: InvalidateAllWidgets triggered.  All widgets were invalidated
[2023.12.22-10.43.26:181][ 27]LogWorld: UWorld::CleanupWorld for World_4, bSessionEnded=true, bCleanupResources=true
[2023.12.22-10.43.26:181][ 27]LogSlate: InvalidateAllWidgets triggered.  All widgets were invalidated
[2023.12.22-10.43.26:968][117]LogWorld: UWorld::CleanupWorld for World_6, bSessionEnded=true, bCleanupResources=true
[2023.12.22-10.43.26:968][117]LogSlate: InvalidateAllWidgets triggered.  All widgets were invalidated
[2023.12.22-10.43.27:978][228]LogWorld: UWorld::CleanupWorld for World_13, bSessionEnded=true, bCleanupResources=true
[2023.12.22-10.43.27:979][228]LogSlate: InvalidateAllWidgets triggered.  All widgets were invalidated
[2023.12.22-10.45.58:368][163]Candidate modules for hot reload:
[2023.12.22-10.45.58:368][163]  Tech_Demo_4
[2023.12.22-10.45.58:368][163]Launching UnrealBuildTool... [C:/UE_4.27/Engine/Binaries/DotNET/UnrealBuildTool.exe  -ModuleWithSuffix=Tech_Demo_4,0773 Tech_Demo_4Editor Win64 Development -Project="B:/University Projects/GSP-Tech-Demo-4-Assessment-Project/Tech_Demo_4/Tech_Demo_4.uproject" "B:/University Projects/GSP-Tech-Demo-4-Assessment-Project/Tech_Demo_4/Tech_Demo_4.uproject"  -IgnoreJunk]
[2023.12.22-10.45.58:372][163]Warning: Starting HotReload took  0.0s.
[2023.12.22-10.45.59:018][166]LogAudioMixer: Display: Audio Buffer Underrun (starvation) detected.
[2023.12.22-10.48.28:044][763]CompilerResultsLog: New page: Compilation - 22 Dec 2023, 10:48:28
[2023.12.22-10.48.28:044][763]CompilerResultsLog: Using 'git status' to determine working set for adaptive non-unity build (B:\University Projects\GSP-Tech-Demo-4-Assessment-Project).
[2023.12.22-10.48.28:044][763]CompilerResultsLog: Building Tech_Demo_4Editor...
[2023.12.22-10.48.28:044][763]CompilerResultsLog: Using Visual Studio 2022 14.38.33130 toolchain (C:\Program Files\Microsoft Visual Studio\2022\Community\VC\Tools\MSVC\14.38.33130) and Windows 10.0.22621.0 SDK (C:\Program Files (x86)\Windows Kits\10).
[2023.12.22-10.48.28:044][763]CompilerResultsLog: Building 6 actions with 4 processes...
[2023.12.22-10.48.28:044][763]CompilerResultsLog:   [1/6] WeaponController.cpp
[2023.12.22-10.48.28:044][763]CompilerResultsLog:   [2/6] MainMenu_GameModeBase.cpp
[2023.12.22-10.48.28:044][763]CompilerResultsLog:   [3/6] CharacterController.cpp
[2023.12.22-10.48.28:044][763]CompilerResultsLog:   B:\University Projects\GSP-Tech-Demo-4-Assessment-Project\Tech_Demo_4\Source\Tech_Demo_4\CharacterAnimationController.h(18): warning C4263: 'void UCharacterAnimationController::NativeUpdateAnimation(void)': member function does not override any base class virtual member function
[2023.12.22-10.48.28:044][763]CompilerResultsLog:   B:\University Projects\GSP-Tech-Demo-4-Assessment-Project\Tech_Demo_4\Source\Tech_Demo_4\CharacterAnimationController.h(40): warning C4264: 'void UAnimInstance::NativeUpdateAnimation(float)': no override available for virtual member function from base 'UAnimInstance'; function is hidden
[2023.12.22-10.48.28:044][763]CompilerResultsLog:   C:\UE_4.27\Engine\Source\Runtime\Engine\Classes\Animation/AnimInstance.h(1138): note: see declaration of 'UAnimInstance::NativeUpdateAnimation'
[2023.12.22-10.48.28:044][763]CompilerResultsLog:   C:\UE_4.27\Engine\Source\Runtime\Engine\Classes\Animation/AnimBlueprintGeneratedClass.h(21): note: see declaration of 'UAnimInstance'
[2023.12.22-10.48.28:044][763]CompilerResultsLog:   B:\University Projects\GSP-Tech-Demo-4-Assessment-Project\Tech_Demo_4\Source\Tech_Demo_4\CharacterController.h(34): warning C4263: 'void ACharacterController::TakeDamage(int)': member function does not override any base class virtual member function
[2023.12.22-10.48.28:044][763]CompilerResultsLog:   B:\University Projects\GSP-Tech-Demo-4-Assessment-Project\Tech_Demo_4\Source\Tech_Demo_4\CharacterController.h(154): warning C4264: 'float APawn::TakeDamage(float,const FDamageEvent &,AController *,AActor *)': no override available for virtual member function from base 'APawn'; function is hidden
[2023.12.22-10.48.28:044][763]CompilerResultsLog:   C:\UE_4.27\Engine\Source\Runtime\Engine\Classes\GameFramework/Pawn.h(247): note: see declaration of 'APawn::TakeDamage'
[2023.12.22-10.48.28:044][763]CompilerResultsLog:   C:\UE_4.27\Engine\Source\Runtime\Engine\Classes\GameFramework/PlayerController.h(31): note: see declaration of 'APawn'
[2023.12.22-10.48.28:044][763]CompilerResultsLog:   [4/6] UE4Editor-Tech_Demo_4-0773.lib
[2023.12.22-10.48.28:044][763]CompilerResultsLog:      Creating library B:\University Projects\GSP-Tech-Demo-4-Assessment-Project\Tech_Demo_4\Intermediate\Build\Win64\UE4Editor\Development\Tech_Demo_4\UE4Editor-Tech_Demo_4-0773.lib and object B:\University Projects\GSP-Tech-Demo-4-Assessment-Project\Tech_Demo_4\Intermediate\Build\Win64\UE4Editor\Development\Tech_Demo_4\UE4Editor-Tech_Demo_4-0773.exp
[2023.12.22-10.48.28:044][763]CompilerResultsLog:   [5/6] UE4Editor-Tech_Demo_4-0773.dll
[2023.12.22-10.48.28:044][763]CompilerResultsLog:      Creating library B:\University Projects\GSP-Tech-Demo-4-Assessment-Project\Tech_Demo_4\Intermediate\Build\Win64\UE4Editor\Development\Tech_Demo_4\UE4Editor-Tech_Demo_4-0773.suppressed.lib and object B:\University Projects\GSP-Tech-Demo-4-Assessment-Project\Tech_Demo_4\Intermediate\Build\Win64\UE4Editor\Development\Tech_Demo_4\UE4Editor-Tech_Demo_4-0773.suppressed.exp
[2023.12.22-10.48.28:045][763]CompilerResultsLog:   [6/6] Tech_Demo_4Editor.target
[2023.12.22-10.48.28:045][763]CompilerResultsLog: Total time in Parallel executor: 148.18 seconds
[2023.12.22-10.48.28:045][763]CompilerResultsLog: Total execution time: 149.33 seconds
[2023.12.22-10.48.28:045][763]LogMainFrame: MainFrame: Module compiling took 149.702 seconds
[2023.12.22-10.48.28:088][763]LogClass: EPickups HotReload.
[2023.12.22-10.48.28:095][763]LogHotReload: Re-instancing PickupController after hot-reload.
[2023.12.22-10.48.28:140][763]LogNativeClassHierarchy: Verbose: Native class hierarchy updated for 'Tech_Demo_4' in 0.0004 seconds. Added 10 classes and 2 folders.
[2023.12.22-10.48.28:148][763]Display: HotReload successful (4 functions remapped  0 scriptstructs remapped)
[2023.12.22-10.48.28:300][763]LogNativeClassHierarchy: Verbose: Native class hierarchy populated in 0.0109 seconds. Added 3725 classes and 872 folders.
[2023.12.22-10.48.28:301][763]Display: HotReload took 150.0s.
