Log file open, 12/07/23 18:20:29
LogWindows: Failed to load 'aqProf.dll' (GetLastError=126)
LogWindows: File 'aqProf.dll' does not exist
LogWindows: Failed to load 'VtuneApi.dll' (GetLastError=126)
LogWindows: File 'VtuneApi.dll' does not exist
LogWindows: Failed to load 'VtuneApi32e.dll' (GetLastError=126)
LogWindows: File 'VtuneApi32e.dll' does not exist
LogConsoleResponse: Display: Failed to find resolution value strings in scalability ini. Falling back to default.
LogConsoleResponse: Display: Failed to find resolution value strings in scalability ini. Falling back to default.
LogInit: Display: Running engine for game: Tech_Demo_4
LogPlatformFile: Not using cached read wrapper
LogTaskGraph: Started task graph with 5 named threads and 14 total threads with 3 sets of task threads.
LogStats: Stats thread started at 2.447733
LogICUInternationalization: ICU TimeZone Detection - Raw Offset: +0:00, Platform Override: ''
LogInit: Display: Loading text-based GConfig....
LogPluginManager: Mounting plugin MeshPainting
LogPluginManager: Mounting plugin XGEController
LogPluginManager: Mounting plugin Paper2D
LogPluginManager: Mounting plugin AISupport
LogPluginManager: Mounting plugin EnvironmentQueryEditor
LogPluginManager: Mounting plugin LightPropagationVolume
LogPluginManager: Mounting plugin CameraShakePreviewer
LogPluginManager: Mounting plugin GameplayCameras
LogPluginManager: Mounting plugin OodleData
LogPluginManager: Mounting plugin OodleNetwork
LogPluginManager: Mounting plugin AnimationSharing
LogPluginManager: Mounting plugin CLionSourceCodeAccess
LogPluginManager: Mounting plugin CodeLiteSourceCodeAccess
LogPluginManager: Mounting plugin GitSourceControl
LogPluginManager: Mounting plugin KDevelopSourceCodeAccess
LogPluginManager: Mounting plugin NullSourceCodeAccess
LogPluginManager: Mounting plugin PerforceSourceControl
LogPluginManager: Mounting plugin PixWinPlugin
LogPluginManager: Mounting plugin PlasticSourceControl
LogPluginManager: Mounting plugin PluginUtils
LogPluginManager: Mounting plugin RiderSourceCodeAccess
LogPluginManager: Mounting plugin TextureFormatOodle
LogPluginManager: Mounting plugin SubversionSourceControl
LogPluginManager: Mounting plugin VisualStudioCodeSourceCodeAccess
LogPluginManager: Mounting plugin UObjectPlugin
LogPluginManager: Mounting plugin VisualStudioSourceCodeAccess
LogPluginManager: Mounting plugin XCodeSourceCodeAccess
LogPluginManager: Mounting plugin PropertyAccessNode
LogPluginManager: Mounting plugin AssetManagerEditor
LogPluginManager: Mounting plugin DatasmithContent
LogPluginManager: Mounting plugin CryptoKeys
LogPluginManager: Mounting plugin CurveEditorTools
LogPluginManager: Mounting plugin DataValidation
LogPluginManager: Mounting plugin FacialAnimation
LogPluginManager: Mounting plugin GameplayTagsEditor
LogPluginManager: Mounting plugin VariantManagerContent
LogPluginManager: Mounting plugin GeometryMode
LogPluginManager: Mounting plugin AlembicImporter
LogPluginManager: Mounting plugin MacGraphicsSwitching
LogPluginManager: Mounting plugin MaterialAnalyzer
LogPluginManager: Mounting plugin AutomationUtils
LogPluginManager: Mounting plugin MobileLauncherProfileWizard
LogPluginManager: Mounting plugin BackChannel
LogPluginManager: Mounting plugin PluginBrowser
LogPluginManager: Mounting plugin ChaosCloth
LogPluginManager: Mounting plugin ChaosClothEditor
LogPluginManager: Mounting plugin SpeedTreeImporter
LogPluginManager: Mounting plugin ChaosEditor
LogPluginManager: Mounting plugin ChaosNiagara
LogPluginManager: Mounting plugin ChaosSolverPlugin
LogPluginManager: Mounting plugin CharacterAI
LogPluginManager: Mounting plugin GeometryCache
LogPluginManager: Mounting plugin GeometryProcessing
LogPluginManager: Mounting plugin GeometryCollectionPlugin
LogPluginManager: Mounting plugin MotoSynth
LogPluginManager: Mounting plugin OpenImageDenoise
LogPluginManager: Mounting plugin PlanarCut
LogPluginManager: Mounting plugin PlatformCrypto
LogPluginManager: Mounting plugin ProxyLODPlugin
LogPluginManager: Mounting plugin PythonScriptPlugin
LogPluginManager: Mounting plugin Niagara
LogPluginManager: Mounting plugin SkeletalReduction
LogPluginManager: Mounting plugin LuminPlatformFeatures
LogPluginManager: Mounting plugin MagicLeap
LogPluginManager: Mounting plugin MagicLeapLightEstimation
LogPluginManager: Mounting plugin MagicLeapMedia
LogPluginManager: Mounting plugin MagicLeapPassableWorld
LogPluginManager: Mounting plugin MLSDK
LogPluginManager: Mounting plugin AndroidMedia
LogPluginManager: Mounting plugin AvfMedia
LogPluginManager: Mounting plugin ImgMedia
LogPluginManager: Mounting plugin MediaCompositing
LogPluginManager: Mounting plugin MediaPlayerEditor
LogPluginManager: Mounting plugin WebMMedia
LogPluginManager: Mounting plugin WmfMedia
LogPluginManager: Mounting plugin TcpMessaging
LogPluginManager: Mounting plugin UdpMessaging
LogPluginManager: Mounting plugin ActorSequence
LogPluginManager: Mounting plugin LevelSequenceEditor
LogPluginManager: Mounting plugin MatineeToLevelSequence
LogPluginManager: Mounting plugin TemplateSequence
LogPluginManager: Mounting plugin OnlineSubsystem
LogPluginManager: Mounting plugin OnlineSubsystemNull
LogPluginManager: Mounting plugin OnlineSubsystemUtils
LogPluginManager: Mounting plugin LauncherChunkInstaller
LogPluginManager: Mounting plugin ActorLayerUtilities
LogPluginManager: Mounting plugin AndroidPermission
LogPluginManager: Mounting plugin AndroidMoviePlayer
LogPluginManager: Mounting plugin AndroidDeviceProfileSelector
LogPluginManager: Mounting plugin AppleMoviePlayer
LogPluginManager: Mounting plugin ArchVisCharacter
LogPluginManager: Mounting plugin AudioCapture
LogPluginManager: Mounting plugin AssetTags
LogPluginManager: Mounting plugin AudioSynesthesia
LogPluginManager: Mounting plugin CableComponent
LogPluginManager: Mounting plugin ChunkDownloader
LogPluginManager: Mounting plugin CustomMeshComponent
LogPluginManager: Mounting plugin EditableMesh
LogPluginManager: Mounting plugin ExampleDeviceProfileSelector
LogPluginManager: Mounting plugin GooglePAD
LogPluginManager: Mounting plugin GoogleCloudMessaging
LogPluginManager: Mounting plugin IOSDeviceProfileSelector
LogPluginManager: Mounting plugin LinuxDeviceProfileSelector
LogPluginManager: Mounting plugin LocationServicesBPLibrary
LogPluginManager: Mounting plugin MobilePatchingUtils
LogPluginManager: Mounting plugin PhysXVehicles
LogPluginManager: Mounting plugin AppleImageUtils
LogPluginManager: Mounting plugin ProceduralMeshComponent
LogPluginManager: Mounting plugin PostSplashScreen
LogPluginManager: Mounting plugin PropertyAccessEditor
LogPluginManager: Mounting plugin RuntimePhysXCooking
LogPluginManager: Mounting plugin SignificanceManager
LogPluginManager: Mounting plugin SoundFields
LogPluginManager: Mounting plugin Synthesis
LogPluginManager: Mounting plugin WebMMoviePlayer
LogPluginManager: Mounting plugin WindowsMoviePlayer
LogPluginManager: Mounting plugin ScreenshotTools
LogPluginManager: Mounting plugin ContentBrowserAssetDataSource
LogPluginManager: Mounting plugin ContentBrowserClassDataSource
LogPluginManager: Mounting plugin ContentBrowserFileDataSource
LogPluginManager: Mounting plugin RiderLink
LogPluginManager: Mounting plugin OnlineSubsystemGooglePlay
LogPluginManager: Mounting plugin OnlineSubsystemIOS
PixWinPlugin: PIX capture plugin failed to initialize! Check that the process is launched from PIX.
LogInit: Using libcurl 7.55.1-DEV
LogInit:  - built for x86_64-pc-win32
LogInit:  - supports SSL with OpenSSL/1.1.1
LogInit:  - supports HTTP deflate (compression) using libz 1.2.8
LogInit:  - other features:
LogInit:      CURL_VERSION_SSL
LogInit:      CURL_VERSION_LIBZ
LogInit:      CURL_VERSION_IPV6
LogInit:      CURL_VERSION_ASYNCHDNS
LogInit:      CURL_VERSION_LARGEFILE
LogInit:      CURL_VERSION_IDN
LogInit:  CurlRequestOptions (configurable via config and command line):
LogInit:  - bVerifyPeer = true  - Libcurl will verify peer certificate
LogInit:  - bUseHttpProxy = false  - Libcurl will NOT use HTTP proxy
LogInit:  - bDontReuseConnections = false  - Libcurl will reuse connections
LogInit:  - MaxHostConnections = 16  - Libcurl will limit the number of connections to a host
LogInit:  - LocalHostAddr = Default
LogInit:  - BufferSize = 65536
LogOnline: OSS: Creating online subsystem instance for: NULL
LogInit: WinSock: version 1.1 (2.2), MaxSocks=32767, MaxUdp=65467
LogOnline: OSS: TryLoadSubsystemAndSetDefault: Loaded subsystem for module [NULL]
LogInit: Build: ++UE4+Release-4.27-CL-18319896
LogInit: Engine Version: 4.27.2-18319896+++UE4+Release-4.27
LogInit: Compatible Engine Version: 4.27.0-17155196+++UE4+Release-4.27
LogInit: Net CL: 17155196
LogInit: OS: Windows 10 (Release 2009) (), CPU: Intel(R) Core(TM) i5-6400 CPU @ 2.70GHz, GPU: NVIDIA GeForce GTX 1050 Ti
LogInit: Compiled (64-bit): Nov 30 2021 07:12:08
LogInit: Compiled with Visual C++: 19.24.28315.00
LogInit: Build Configuration: Development
LogInit: Branch Name: ++UE4+Release-4.27
LogInit: Command Line:  -skipcompile
LogInit: Base Directory: B:/Epic Games/UE_4.27/Engine/Binaries/Win64/
LogInit: Allocator: TBB
LogInit: Installed Engine Build: 1
LogDevObjectVersion: Number of dev versions registered: 29
LogDevObjectVersion:   Dev-Blueprints (B0D832E4-1F89-4F0D-ACCF-7EB736FD4AA2): 10
LogDevObjectVersion:   Dev-Build (E1C64328-A22C-4D53-A36C-8E866417BD8C): 0
LogDevObjectVersion:   Dev-Core (375EC13C-06E4-48FB-B500-84F0262A717E): 4
LogDevObjectVersion:   Dev-Editor (E4B068ED-F494-42E9-A231-DA0B2E46BB41): 40
LogDevObjectVersion:   Dev-Framework (CFFC743F-43B0-4480-9391-14DF171D2073): 37
LogDevObjectVersion:   Dev-Mobile (B02B49B5-BB20-44E9-A304-32B752E40360): 3
LogDevObjectVersion:   Dev-Networking (A4E4105C-59A1-49B5-A7C5-40C4547EDFEE): 0
LogDevObjectVersion:   Dev-Online (39C831C9-5AE6-47DC-9A44-9C173E1C8E7C): 0
LogDevObjectVersion:   Dev-Physics (78F01B33-EBEA-4F98-B9B4-84EACCB95AA2): 14
LogDevObjectVersion:   Dev-Platform (6631380F-2D4D-43E0-8009-CF276956A95A): 0
LogDevObjectVersion:   Dev-Rendering (12F88B9F-8875-4AFC-A67C-D90C383ABD29): 45
LogDevObjectVersion:   Dev-Sequencer (7B5AE74C-D270-4C10-A958-57980B212A5A): 13
LogDevObjectVersion:   Dev-VR (D7296918-1DD6-4BDD-9DE2-64A83CC13884): 3
LogDevObjectVersion:   Dev-LoadTimes (C2A15278-BFE7-4AFE-6C17-90FF531DF755): 1
LogDevObjectVersion:   Private-Geometry (6EACA3D4-40EC-4CC1-B786-8BED09428FC5): 3
LogDevObjectVersion:   Dev-AnimPhys (29E575DD-E0A3-4627-9D10-D276232CDCEA): 17
LogDevObjectVersion:   Dev-Anim (AF43A65D-7FD3-4947-9873-3E8ED9C1BB05): 15
LogDevObjectVersion:   Dev-ReflectionCapture (6B266CEC-1EC7-4B8F-A30B-E4D90942FC07): 1
LogDevObjectVersion:   Dev-Automation (0DF73D61-A23F-47EA-B727-89E90C41499A): 1
LogDevObjectVersion:   FortniteMain (601D1886-AC64-4F84-AA16-D3DE0DEAC7D6): 47
LogDevObjectVersion:   FortniteRelease (E7086368-6B23-4C58-8439-1B7016265E91): 1
LogDevObjectVersion:   Dev-Enterprise (9DFFBCD6-494F-0158-E221-12823C92A888): 10
LogDevObjectVersion:   Dev-Niagara (F2AED0AC-9AFE-416F-8664-AA7FFA26D6FC): 1
LogDevObjectVersion:   Dev-Destruction (174F1F0B-B4C6-45A5-B13F-2EE8D0FB917D): 10
LogDevObjectVersion:   Dev-Physics-Ext (35F94A83-E258-406C-A318-09F59610247C): 41
LogDevObjectVersion:   Dev-PhysicsMaterial-Chaos (B68FC16E-8B1B-42E2-B453-215C058844FE): 1
LogDevObjectVersion:   Dev-CineCamera (B2E18506-4273-CFC2-A54E-F4BB758BBA07): 1
LogDevObjectVersion:   Dev-VirtualProduction (64F58936-FD1B-42BA-BA96-7289D5D0FA4E): 1
LogDevObjectVersion:   Dev-MediaFramework (6F0ED827-A609-4895-9C91-998D90180EA4): 2
LogInit: Presizing for max 25165824 objects, including 0 objects not considered by GC, pre-allocating 0 bytes for permanent pool.
LogConfig: Applying CVar settings from Section [/Script/Engine.StreamingSettings] File [B:/University Projects/GSP-Tech-Demo-4-Assessment-Project/Tech_Demo_4/Saved/Config/Windows/Engine.ini]
LogConfig: Setting CVar [[s.MinBulkDataSizeForAsyncLoading:131072]]
LogConfig: Setting CVar [[s.AsyncLoadingThreadEnabled:0]]
LogConfig: Setting CVar [[s.EventDrivenLoaderEnabled:1]]
LogConfig: Setting CVar [[s.WarnIfTimeLimitExceeded:0]]
LogConfig: Setting CVar [[s.TimeLimitExceededMultiplier:1.5]]
LogConfig: Setting CVar [[s.TimeLimitExceededMinTime:0.005]]
LogConfig: Setting CVar [[s.UseBackgroundLevelStreaming:1]]
LogConfig: Setting CVar [[s.PriorityAsyncLoadingExtraTime:15.0]]
LogConfig: Setting CVar [[s.LevelStreamingActorsUpdateTimeLimit:5.0]]
LogConfig: Setting CVar [[s.PriorityLevelStreamingActorsUpdateExtraTime:5.0]]
LogConfig: Setting CVar [[s.LevelStreamingComponentsRegistrationGranularity:10]]
LogConfig: Setting CVar [[s.UnregisterComponentsTimeLimit:1.0]]
LogConfig: Setting CVar [[s.LevelStreamingComponentsUnregistrationGranularity:5]]
LogConfig: Setting CVar [[s.FlushStreamingOnExit:1]]
LogInit: Object subsystem initialized
LogConfig: Setting CVar [[con.DebugEarlyDefault:1]]
LogConfig: Setting CVar [[r.setres:1280x720]]
[2023.12.07-18.20.30:509][  0]LogConfig: Setting CVar [[r.VSync:0]]
[2023.12.07-18.20.30:509][  0]LogConfig: Setting CVar [[r.RHICmdBypass:0]]
[2023.12.07-18.20.30:509][  0]LogConfig: Applying CVar settings from Section [/Script/Engine.RendererSettings] File [B:/University Projects/GSP-Tech-Demo-4-Assessment-Project/Tech_Demo_4/Saved/Config/Windows/Engine.ini]
[2023.12.07-18.20.30:509][  0]LogConfig: Setting CVar [[r.GPUCrashDebugging:0]]
[2023.12.07-18.20.30:509][  0]LogConfig: Applying CVar settings from Section [/Script/Engine.RendererOverrideSettings] File [B:/University Projects/GSP-Tech-Demo-4-Assessment-Project/Tech_Demo_4/Saved/Config/Windows/Engine.ini]
[2023.12.07-18.20.30:509][  0]LogConfig: Applying CVar settings from Section [/Script/Engine.StreamingSettings] File [B:/University Projects/GSP-Tech-Demo-4-Assessment-Project/Tech_Demo_4/Saved/Config/Windows/Engine.ini]
[2023.12.07-18.20.30:509][  0]LogConfig: Setting CVar [[s.MinBulkDataSizeForAsyncLoading:131072]]
[2023.12.07-18.20.30:509][  0]LogConfig: Setting CVar [[s.AsyncLoadingThreadEnabled:0]]
[2023.12.07-18.20.30:509][  0]LogConfig: Setting CVar [[s.EventDrivenLoaderEnabled:1]]
[2023.12.07-18.20.30:509][  0]LogConfig: Setting CVar [[s.WarnIfTimeLimitExceeded:0]]
[2023.12.07-18.20.30:509][  0]LogConfig: Setting CVar [[s.TimeLimitExceededMultiplier:1.5]]
[2023.12.07-18.20.30:509][  0]LogConfig: Setting CVar [[s.TimeLimitExceededMinTime:0.005]]
[2023.12.07-18.20.30:509][  0]LogConfig: Setting CVar [[s.UseBackgroundLevelStreaming:1]]
[2023.12.07-18.20.30:509][  0]LogConfig: Setting CVar [[s.PriorityAsyncLoadingExtraTime:15.0]]
[2023.12.07-18.20.30:509][  0]LogConfig: Setting CVar [[s.LevelStreamingActorsUpdateTimeLimit:5.0]]
[2023.12.07-18.20.30:509][  0]LogConfig: Setting CVar [[s.PriorityLevelStreamingActorsUpdateExtraTime:5.0]]
[2023.12.07-18.20.30:509][  0]LogConfig: Setting CVar [[s.LevelStreamingComponentsRegistrationGranularity:10]]
[2023.12.07-18.20.30:510][  0]LogConfig: Setting CVar [[s.UnregisterComponentsTimeLimit:1.0]]
[2023.12.07-18.20.30:510][  0]LogConfig: Setting CVar [[s.LevelStreamingComponentsUnregistrationGranularity:5]]
[2023.12.07-18.20.30:510][  0]LogConfig: Setting CVar [[s.FlushStreamingOnExit:1]]
[2023.12.07-18.20.30:510][  0]LogConfig: Applying CVar settings from Section [/Script/Engine.GarbageCollectionSettings] File [B:/University Projects/GSP-Tech-Demo-4-Assessment-Project/Tech_Demo_4/Saved/Config/Windows/Engine.ini]
[2023.12.07-18.20.30:510][  0]LogConfig: Setting CVar [[gc.MaxObjectsNotConsideredByGC:1]]
[2023.12.07-18.20.30:510][  0]LogConfig: Setting CVar [[gc.SizeOfPermanentObjectPool:0]]
[2023.12.07-18.20.30:510][  0]LogConfig: Setting CVar [[gc.FlushStreamingOnGC:0]]
[2023.12.07-18.20.30:510][  0]LogConfig: Setting CVar [[gc.NumRetriesBeforeForcingGC:10]]
[2023.12.07-18.20.30:510][  0]LogConfig: Setting CVar [[gc.AllowParallelGC:1]]
[2023.12.07-18.20.30:510][  0]LogConfig: Setting CVar [[gc.TimeBetweenPurgingPendingKillObjects:61.1]]
[2023.12.07-18.20.30:510][  0]LogConfig: Setting CVar [[gc.MaxObjectsInEditor:25165824]]
[2023.12.07-18.20.30:510][  0]LogConfig: Setting CVar [[gc.IncrementalBeginDestroyEnabled:1]]
[2023.12.07-18.20.30:510][  0]LogConfig: Setting CVar [[gc.CreateGCClusters:1]]
[2023.12.07-18.20.30:510][  0]LogConfig: Setting CVar [[gc.MinGCClusterSize:5]]
[2023.12.07-18.20.30:510][  0]LogConfig: Setting CVar [[gc.ActorClusteringEnabled:0]]
[2023.12.07-18.20.30:510][  0]LogConfig: Setting CVar [[gc.BlueprintClusteringEnabled:0]]
[2023.12.07-18.20.30:510][  0]LogConfig: Setting CVar [[gc.UseDisregardForGCOnDedicatedServers:0]]
[2023.12.07-18.20.30:510][  0]LogConfig: Setting CVar [[gc.MultithreadedDestructionEnabled:1]]
[2023.12.07-18.20.30:510][  0]LogConfig: Applying CVar settings from Section [/Script/Engine.NetworkSettings] File [B:/University Projects/GSP-Tech-Demo-4-Assessment-Project/Tech_Demo_4/Saved/Config/Windows/Engine.ini]
[2023.12.07-18.20.30:510][  0]LogConfig: Applying CVar settings from Section [/Script/UnrealEd.CookerSettings] File [B:/University Projects/GSP-Tech-Demo-4-Assessment-Project/Tech_Demo_4/Saved/Config/Windows/Engine.ini]
[2023.12.07-18.20.30:537][  0]LogConfig: Applying CVar settings from Section [ViewDistanceQuality@3] File [B:/University Projects/GSP-Tech-Demo-4-Assessment-Project/Tech_Demo_4/Saved/Config/Windows/Scalability.ini]
[2023.12.07-18.20.30:537][  0]LogConfig: Setting CVar [[r.SkeletalMeshLODBias:0]]
[2023.12.07-18.20.30:537][  0]LogConfig: Setting CVar [[r.ViewDistanceScale:1.0]]
[2023.12.07-18.20.30:537][  0]LogConfig: Applying CVar settings from Section [AntiAliasingQuality@3] File [B:/University Projects/GSP-Tech-Demo-4-Assessment-Project/Tech_Demo_4/Saved/Config/Windows/Scalability.ini]
[2023.12.07-18.20.30:537][  0]LogConfig: Setting CVar [[r.PostProcessAAQuality:4]]
[2023.12.07-18.20.30:537][  0]LogConfig: Applying CVar settings from Section [ShadowQuality@3] File [B:/University Projects/GSP-Tech-Demo-4-Assessment-Project/Tech_Demo_4/Saved/Config/Windows/Scalability.ini]
[2023.12.07-18.20.30:537][  0]LogConfig: Setting CVar [[r.LightFunctionQuality:1]]
[2023.12.07-18.20.30:537][  0]LogConfig: Setting CVar [[r.ShadowQuality:5]]
[2023.12.07-18.20.30:537][  0]LogConfig: Setting CVar [[r.Shadow.CSM.MaxCascades:10]]
[2023.12.07-18.20.30:537][  0]LogConfig: Setting CVar [[r.Shadow.MaxResolution:2048]]
[2023.12.07-18.20.30:537][  0]LogConfig: Setting CVar [[r.Shadow.MaxCSMResolution:2048]]
[2023.12.07-18.20.30:537][  0]LogConfig: Setting CVar [[r.Shadow.RadiusThreshold:0.01]]
[2023.12.07-18.20.30:537][  0]LogConfig: Setting CVar [[r.Shadow.DistanceScale:1.0]]
[2023.12.07-18.20.30:537][  0]LogConfig: Setting CVar [[r.Shadow.CSM.TransitionScale:1.0]]
[2023.12.07-18.20.30:537][  0]LogConfig: Setting CVar [[r.Shadow.PreShadowResolutionFactor:1.0]]
[2023.12.07-18.20.30:537][  0]LogConfig: Setting CVar [[r.DistanceFieldShadowing:1]]
[2023.12.07-18.20.30:537][  0]LogConfig: Setting CVar [[r.DistanceFieldAO:1]]
[2023.12.07-18.20.30:537][  0]LogConfig: Setting CVar [[r.AOQuality:2]]
[2023.12.07-18.20.30:537][  0]LogConfig: Setting CVar [[r.VolumetricFog:1]]
[2023.12.07-18.20.30:537][  0]LogConfig: Setting CVar [[r.VolumetricFog.GridPixelSize:8]]
[2023.12.07-18.20.30:537][  0]LogConfig: Setting CVar [[r.VolumetricFog.GridSizeZ:128]]
[2023.12.07-18.20.30:537][  0]LogConfig: Setting CVar [[r.VolumetricFog.HistoryMissSupersampleCount:4]]
[2023.12.07-18.20.30:537][  0]LogConfig: Setting CVar [[r.LightMaxDrawDistanceScale:1]]
[2023.12.07-18.20.30:537][  0]LogConfig: Setting CVar [[r.CapsuleShadows:1]]
[2023.12.07-18.20.30:537][  0]LogConfig: Applying CVar settings from Section [PostProcessQuality@3] File [B:/University Projects/GSP-Tech-Demo-4-Assessment-Project/Tech_Demo_4/Saved/Config/Windows/Scalability.ini]
[2023.12.07-18.20.30:537][  0]LogConfig: Setting CVar [[r.MotionBlurQuality:4]]
[2023.12.07-18.20.30:537][  0]LogConfig: Setting CVar [[r.AmbientOcclusionMipLevelFactor:0.4]]
[2023.12.07-18.20.30:537][  0]LogConfig: Setting CVar [[r.AmbientOcclusionMaxQuality:100]]
[2023.12.07-18.20.30:537][  0]LogConfig: Setting CVar [[r.AmbientOcclusionLevels:-1]]
[2023.12.07-18.20.30:537][  0]LogConfig: Setting CVar [[r.AmbientOcclusionRadiusScale:1.0]]
[2023.12.07-18.20.30:537][  0]LogConfig: Setting CVar [[r.DepthOfFieldQuality:2]]
[2023.12.07-18.20.30:537][  0]LogConfig: Setting CVar [[r.RenderTargetPoolMin:400]]
[2023.12.07-18.20.30:537][  0]LogConfig: Setting CVar [[r.LensFlareQuality:2]]
[2023.12.07-18.20.30:537][  0]LogConfig: Setting CVar [[r.SceneColorFringeQuality:1]]
[2023.12.07-18.20.30:537][  0]LogConfig: Setting CVar [[r.EyeAdaptationQuality:2]]
[2023.12.07-18.20.30:537][  0]LogConfig: Setting CVar [[r.BloomQuality:5]]
[2023.12.07-18.20.30:537][  0]LogConfig: Setting CVar [[r.FastBlurThreshold:100]]
[2023.12.07-18.20.30:537][  0]LogConfig: Setting CVar [[r.Upscale.Quality:3]]
[2023.12.07-18.20.30:537][  0]LogConfig: Setting CVar [[r.Tonemapper.GrainQuantization:1]]
[2023.12.07-18.20.30:537][  0]LogConfig: Setting CVar [[r.LightShaftQuality:1]]
[2023.12.07-18.20.30:537][  0]LogConfig: Setting CVar [[r.Filter.SizeScale:1]]
[2023.12.07-18.20.30:537][  0]LogConfig: Setting CVar [[r.Tonemapper.Quality:5]]
[2023.12.07-18.20.30:537][  0]LogConfig: Setting CVar [[r.DOF.Gather.AccumulatorQuality:1        ; higher gathering accumulator quality]]
[2023.12.07-18.20.30:537][  0]LogConfig: Setting CVar [[r.DOF.Gather.PostfilterMethod:1          ; Median3x3 postfilering method]]
[2023.12.07-18.20.30:537][  0]LogConfig: Setting CVar [[r.DOF.Gather.EnableBokehSettings:0       ; no bokeh simulation when gathering]]
[2023.12.07-18.20.30:537][  0]LogConfig: Setting CVar [[r.DOF.Gather.RingCount:4                 ; medium number of samples when gathering]]
[2023.12.07-18.20.30:537][  0]LogConfig: Setting CVar [[r.DOF.Scatter.ForegroundCompositing:1    ; additive foreground scattering]]
[2023.12.07-18.20.30:537][  0]LogConfig: Setting CVar [[r.DOF.Scatter.BackgroundCompositing:2    ; additive background scattering]]
[2023.12.07-18.20.30:537][  0]LogConfig: Setting CVar [[r.DOF.Scatter.EnableBokehSettings:1      ; bokeh simulation when scattering]]
[2023.12.07-18.20.30:537][  0]LogConfig: Setting CVar [[r.DOF.Scatter.MaxSpriteRatio:0.1         ; only a maximum of 10% of scattered bokeh]]
[2023.12.07-18.20.30:537][  0]LogConfig: Setting CVar [[r.DOF.Recombine.Quality:1                ; cheap slight out of focus]]
[2023.12.07-18.20.30:537][  0]LogConfig: Setting CVar [[r.DOF.Recombine.EnableBokehSettings:0    ; no bokeh simulation on slight out of focus]]
[2023.12.07-18.20.30:537][  0]LogConfig: Setting CVar [[r.DOF.TemporalAAQuality:1                ; more stable temporal accumulation]]
[2023.12.07-18.20.30:537][  0]LogConfig: Setting CVar [[r.DOF.Kernel.MaxForegroundRadius:0.025]]
[2023.12.07-18.20.30:537][  0]LogConfig: Setting CVar [[r.DOF.Kernel.MaxBackgroundRadius:0.025]]
[2023.12.07-18.20.30:538][  0]LogConfig: Applying CVar settings from Section [TextureQuality@3] File [B:/University Projects/GSP-Tech-Demo-4-Assessment-Project/Tech_Demo_4/Saved/Config/Windows/Scalability.ini]
[2023.12.07-18.20.30:538][  0]LogConfig: Setting CVar [[r.Streaming.MipBias:0]]
[2023.12.07-18.20.30:538][  0]LogConfig: Setting CVar [[r.Streaming.AmortizeCPUToGPUCopy:0]]
[2023.12.07-18.20.30:538][  0]LogConfig: Setting CVar [[r.Streaming.MaxNumTexturesToStreamPerFrame:0]]
[2023.12.07-18.20.30:538][  0]LogConfig: Setting CVar [[r.Streaming.Boost:1]]
[2023.12.07-18.20.30:538][  0]LogConfig: Setting CVar [[r.MaxAnisotropy:8]]
[2023.12.07-18.20.30:538][  0]LogConfig: Setting CVar [[r.VT.MaxAnisotropy:8]]
[2023.12.07-18.20.30:538][  0]LogConfig: Setting CVar [[r.Streaming.LimitPoolSizeToVRAM:0]]
[2023.12.07-18.20.30:538][  0]LogConfig: Setting CVar [[r.Streaming.PoolSize:1000]]
[2023.12.07-18.20.30:538][  0]LogConfig: Setting CVar [[r.Streaming.MaxEffectiveScreenSize:0]]
[2023.12.07-18.20.30:538][  0]LogConfig: Applying CVar settings from Section [EffectsQuality@3] File [B:/University Projects/GSP-Tech-Demo-4-Assessment-Project/Tech_Demo_4/Saved/Config/Windows/Scalability.ini]
[2023.12.07-18.20.30:538][  0]LogConfig: Setting CVar [[r.TranslucencyLightingVolumeDim:64]]
[2023.12.07-18.20.30:538][  0]LogConfig: Setting CVar [[r.RefractionQuality:2]]
[2023.12.07-18.20.30:538][  0]LogConfig: Setting CVar [[r.SSR.Quality:3]]
[2023.12.07-18.20.30:538][  0]LogConfig: Setting CVar [[r.SSR.HalfResSceneColor:0]]
[2023.12.07-18.20.30:538][  0]LogConfig: Setting CVar [[r.SceneColorFormat:4]]
[2023.12.07-18.20.30:538][  0]LogConfig: Setting CVar [[r.DetailMode:2]]
[2023.12.07-18.20.30:538][  0]LogConfig: Setting CVar [[r.TranslucencyVolumeBlur:1]]
[2023.12.07-18.20.30:538][  0]LogConfig: Setting CVar [[r.MaterialQualityLevel:1 ; High quality]]
[2023.12.07-18.20.30:538][  0]LogConfig: Setting CVar [[r.AnisotropicMaterials:1]]
[2023.12.07-18.20.30:538][  0]LogConfig: Setting CVar [[r.SSS.Scale:1]]
[2023.12.07-18.20.30:538][  0]LogConfig: Setting CVar [[r.SSS.SampleSet:2]]
[2023.12.07-18.20.30:538][  0]LogConfig: Setting CVar [[r.SSS.Quality:1]]
[2023.12.07-18.20.30:538][  0]LogConfig: Setting CVar [[r.SSS.HalfRes:0]]
[2023.12.07-18.20.30:538][  0]LogConfig: Setting CVar [[r.SSGI.Quality:3]]
[2023.12.07-18.20.30:538][  0]LogConfig: Setting CVar [[r.EmitterSpawnRateScale:1.0]]
[2023.12.07-18.20.30:538][  0]LogConfig: Setting CVar [[r.ParticleLightQuality:2]]
[2023.12.07-18.20.30:538][  0]LogConfig: Setting CVar [[r.SkyAtmosphere.AerialPerspectiveLUT.FastApplyOnOpaque:1 ; Always have FastSkyLUT 1 in this case to avoid wrong sky]]
[2023.12.07-18.20.30:538][  0]LogConfig: Setting CVar [[r.SkyAtmosphere.AerialPerspectiveLUT.SampleCountMaxPerSlice:4]]
[2023.12.07-18.20.30:538][  0]LogConfig: Setting CVar [[r.SkyAtmosphere.AerialPerspectiveLUT.DepthResolution:16.0]]
[2023.12.07-18.20.30:538][  0]LogConfig: Setting CVar [[r.SkyAtmosphere.FastSkyLUT:1]]
[2023.12.07-18.20.30:538][  0]LogConfig: Setting CVar [[r.SkyAtmosphere.FastSkyLUT.SampleCountMin:4.0]]
[2023.12.07-18.20.30:538][  0]LogConfig: Setting CVar [[r.SkyAtmosphere.FastSkyLUT.SampleCountMax:128.0]]
[2023.12.07-18.20.30:538][  0]LogConfig: Setting CVar [[r.SkyAtmosphere.SampleCountMin:4.0]]
[2023.12.07-18.20.30:538][  0]LogConfig: Setting CVar [[r.SkyAtmosphere.SampleCountMax:128.0]]
[2023.12.07-18.20.30:538][  0]LogConfig: Setting CVar [[r.SkyAtmosphere.TransmittanceLUT.UseSmallFormat:0]]
[2023.12.07-18.20.30:538][  0]LogConfig: Setting CVar [[r.SkyAtmosphere.TransmittanceLUT.SampleCount:10.0]]
[2023.12.07-18.20.30:538][  0]LogConfig: Setting CVar [[r.SkyAtmosphere.MultiScatteringLUT.SampleCount:15.0]]
[2023.12.07-18.20.30:538][  0]LogConfig: Setting CVar [[r.SkyLight.RealTimeReflectionCapture:1]]
[2023.12.07-18.20.30:538][  0]LogConfig: Applying CVar settings from Section [FoliageQuality@3] File [B:/University Projects/GSP-Tech-Demo-4-Assessment-Project/Tech_Demo_4/Saved/Config/Windows/Scalability.ini]
[2023.12.07-18.20.30:538][  0]LogConfig: Setting CVar [[foliage.DensityScale:1.0]]
[2023.12.07-18.20.30:538][  0]LogConfig: Setting CVar [[grass.DensityScale:1.0]]
[2023.12.07-18.20.30:538][  0]LogConfig: Applying CVar settings from Section [ShadingQuality@3] File [B:/University Projects/GSP-Tech-Demo-4-Assessment-Project/Tech_Demo_4/Saved/Config/Windows/Scalability.ini]
[2023.12.07-18.20.30:538][  0]LogConfig: Setting CVar [[r.HairStrands.SkyLighting.IntegrationType:2]]
[2023.12.07-18.20.30:538][  0]LogConfig: Setting CVar [[r.HairStrands.SkyAO.SampleCount:4]]
[2023.12.07-18.20.30:538][  0]LogConfig: Setting CVar [[r.HairStrands.Visibility.MSAA.SamplePerPixel:4]]
[2023.12.07-18.20.30:538][  0]LogInit: Selected Device Profile: [Windows]
[2023.12.07-18.20.30:538][  0]LogInit: Applying CVar settings loaded from the selected device profile: [Windows]
[2023.12.07-18.20.30:538][  0]LogHAL: Display: Platform has ~ 24 GB [25726513152 / 34359738368 / 24], which maps to Larger [LargestMinGB=32, LargerMinGB=12, DefaultMinGB=8, SmallerMinGB=6, SmallestMinGB=0)
[2023.12.07-18.20.30:538][  0]LogInit: Going up to parent DeviceProfile []
[2023.12.07-18.20.30:539][  0]LogConfig: Applying CVar settings from Section [ViewDistanceQuality@3] File [B:/University Projects/GSP-Tech-Demo-4-Assessment-Project/Tech_Demo_4/Saved/Config/Windows/Scalability.ini]
[2023.12.07-18.20.30:539][  0]LogConfig: Setting CVar [[r.SkeletalMeshLODBias:0]]
[2023.12.07-18.20.30:539][  0]LogConfig: Setting CVar [[r.ViewDistanceScale:1.0]]
[2023.12.07-18.20.30:539][  0]LogConfig: Applying CVar settings from Section [AntiAliasingQuality@3] File [B:/University Projects/GSP-Tech-Demo-4-Assessment-Project/Tech_Demo_4/Saved/Config/Windows/Scalability.ini]
[2023.12.07-18.20.30:539][  0]LogConfig: Setting CVar [[r.PostProcessAAQuality:4]]
[2023.12.07-18.20.30:539][  0]LogConfig: Applying CVar settings from Section [ShadowQuality@3] File [B:/University Projects/GSP-Tech-Demo-4-Assessment-Project/Tech_Demo_4/Saved/Config/Windows/Scalability.ini]
[2023.12.07-18.20.30:539][  0]LogConfig: Setting CVar [[r.LightFunctionQuality:1]]
[2023.12.07-18.20.30:539][  0]LogConfig: Setting CVar [[r.ShadowQuality:5]]
[2023.12.07-18.20.30:539][  0]LogConfig: Setting CVar [[r.Shadow.CSM.MaxCascades:10]]
[2023.12.07-18.20.30:539][  0]LogConfig: Setting CVar [[r.Shadow.MaxResolution:2048]]
[2023.12.07-18.20.30:539][  0]LogConfig: Setting CVar [[r.Shadow.MaxCSMResolution:2048]]
[2023.12.07-18.20.30:539][  0]LogConfig: Setting CVar [[r.Shadow.RadiusThreshold:0.01]]
[2023.12.07-18.20.30:539][  0]LogConfig: Setting CVar [[r.Shadow.DistanceScale:1.0]]
[2023.12.07-18.20.30:539][  0]LogConfig: Setting CVar [[r.Shadow.CSM.TransitionScale:1.0]]
[2023.12.07-18.20.30:539][  0]LogConfig: Setting CVar [[r.Shadow.PreShadowResolutionFactor:1.0]]
[2023.12.07-18.20.30:539][  0]LogConfig: Setting CVar [[r.DistanceFieldShadowing:1]]
[2023.12.07-18.20.30:539][  0]LogConfig: Setting CVar [[r.DistanceFieldAO:1]]
[2023.12.07-18.20.30:539][  0]LogConfig: Setting CVar [[r.AOQuality:2]]
[2023.12.07-18.20.30:539][  0]LogConfig: Setting CVar [[r.VolumetricFog:1]]
[2023.12.07-18.20.30:539][  0]LogConfig: Setting CVar [[r.VolumetricFog.GridPixelSize:8]]
[2023.12.07-18.20.30:539][  0]LogConfig: Setting CVar [[r.VolumetricFog.GridSizeZ:128]]
[2023.12.07-18.20.30:539][  0]LogConfig: Setting CVar [[r.VolumetricFog.HistoryMissSupersampleCount:4]]
[2023.12.07-18.20.30:539][  0]LogConfig: Setting CVar [[r.LightMaxDrawDistanceScale:1]]
[2023.12.07-18.20.30:539][  0]LogConfig: Setting CVar [[r.CapsuleShadows:1]]
[2023.12.07-18.20.30:539][  0]LogConfig: Applying CVar settings from Section [PostProcessQuality@3] File [B:/University Projects/GSP-Tech-Demo-4-Assessment-Project/Tech_Demo_4/Saved/Config/Windows/Scalability.ini]
[2023.12.07-18.20.30:539][  0]LogConfig: Setting CVar [[r.MotionBlurQuality:4]]
[2023.12.07-18.20.30:539][  0]LogConfig: Setting CVar [[r.AmbientOcclusionMipLevelFactor:0.4]]
[2023.12.07-18.20.30:539][  0]LogConfig: Setting CVar [[r.AmbientOcclusionMaxQuality:100]]
[2023.12.07-18.20.30:539][  0]LogConfig: Setting CVar [[r.AmbientOcclusionLevels:-1]]
[2023.12.07-18.20.30:539][  0]LogConfig: Setting CVar [[r.AmbientOcclusionRadiusScale:1.0]]
[2023.12.07-18.20.30:539][  0]LogConfig: Setting CVar [[r.DepthOfFieldQuality:2]]
[2023.12.07-18.20.30:539][  0]LogConfig: Setting CVar [[r.RenderTargetPoolMin:400]]
[2023.12.07-18.20.30:539][  0]LogConfig: Setting CVar [[r.LensFlareQuality:2]]
[2023.12.07-18.20.30:539][  0]LogConfig: Setting CVar [[r.SceneColorFringeQuality:1]]
[2023.12.07-18.20.30:539][  0]LogConfig: Setting CVar [[r.EyeAdaptationQuality:2]]
[2023.12.07-18.20.30:539][  0]LogConfig: Setting CVar [[r.BloomQuality:5]]
[2023.12.07-18.20.30:539][  0]LogConfig: Setting CVar [[r.FastBlurThreshold:100]]
[2023.12.07-18.20.30:539][  0]LogConfig: Setting CVar [[r.Upscale.Quality:3]]
[2023.12.07-18.20.30:539][  0]LogConfig: Setting CVar [[r.Tonemapper.GrainQuantization:1]]
[2023.12.07-18.20.30:539][  0]LogConfig: Setting CVar [[r.LightShaftQuality:1]]
[2023.12.07-18.20.30:539][  0]LogConfig: Setting CVar [[r.Filter.SizeScale:1]]
[2023.12.07-18.20.30:539][  0]LogConfig: Setting CVar [[r.Tonemapper.Quality:5]]
[2023.12.07-18.20.30:539][  0]LogConfig: Setting CVar [[r.DOF.Gather.AccumulatorQuality:1        ; higher gathering accumulator quality]]
[2023.12.07-18.20.30:539][  0]LogConfig: Setting CVar [[r.DOF.Gather.PostfilterMethod:1          ; Median3x3 postfilering method]]
[2023.12.07-18.20.30:539][  0]LogConfig: Setting CVar [[r.DOF.Gather.EnableBokehSettings:0       ; no bokeh simulation when gathering]]
[2023.12.07-18.20.30:539][  0]LogConfig: Setting CVar [[r.DOF.Gather.RingCount:4                 ; medium number of samples when gathering]]
[2023.12.07-18.20.30:539][  0]LogConfig: Setting CVar [[r.DOF.Scatter.ForegroundCompositing:1    ; additive foreground scattering]]
[2023.12.07-18.20.30:540][  0]LogConfig: Setting CVar [[r.DOF.Scatter.BackgroundCompositing:2    ; additive background scattering]]
[2023.12.07-18.20.30:540][  0]LogConfig: Setting CVar [[r.DOF.Scatter.EnableBokehSettings:1      ; bokeh simulation when scattering]]
[2023.12.07-18.20.30:540][  0]LogConfig: Setting CVar [[r.DOF.Scatter.MaxSpriteRatio:0.1         ; only a maximum of 10% of scattered bokeh]]
[2023.12.07-18.20.30:540][  0]LogConfig: Setting CVar [[r.DOF.Recombine.Quality:1                ; cheap slight out of focus]]
[2023.12.07-18.20.30:540][  0]LogConfig: Setting CVar [[r.DOF.Recombine.EnableBokehSettings:0    ; no bokeh simulation on slight out of focus]]
[2023.12.07-18.20.30:540][  0]LogConfig: Setting CVar [[r.DOF.TemporalAAQuality:1                ; more stable temporal accumulation]]
[2023.12.07-18.20.30:540][  0]LogConfig: Setting CVar [[r.DOF.Kernel.MaxForegroundRadius:0.025]]
[2023.12.07-18.20.30:540][  0]LogConfig: Setting CVar [[r.DOF.Kernel.MaxBackgroundRadius:0.025]]
[2023.12.07-18.20.30:540][  0]LogConfig: Applying CVar settings from Section [TextureQuality@3] File [B:/University Projects/GSP-Tech-Demo-4-Assessment-Project/Tech_Demo_4/Saved/Config/Windows/Scalability.ini]
[2023.12.07-18.20.30:540][  0]LogConfig: Setting CVar [[r.Streaming.MipBias:0]]
[2023.12.07-18.20.30:540][  0]LogConfig: Setting CVar [[r.Streaming.AmortizeCPUToGPUCopy:0]]
[2023.12.07-18.20.30:540][  0]LogConfig: Setting CVar [[r.Streaming.MaxNumTexturesToStreamPerFrame:0]]
[2023.12.07-18.20.30:540][  0]LogConfig: Setting CVar [[r.Streaming.Boost:1]]
[2023.12.07-18.20.30:540][  0]LogConfig: Setting CVar [[r.MaxAnisotropy:8]]
[2023.12.07-18.20.30:540][  0]LogConfig: Setting CVar [[r.VT.MaxAnisotropy:8]]
[2023.12.07-18.20.30:540][  0]LogConfig: Setting CVar [[r.Streaming.LimitPoolSizeToVRAM:0]]
[2023.12.07-18.20.30:540][  0]LogConfig: Setting CVar [[r.Streaming.PoolSize:1000]]
[2023.12.07-18.20.30:540][  0]LogConfig: Setting CVar [[r.Streaming.MaxEffectiveScreenSize:0]]
[2023.12.07-18.20.30:540][  0]LogConfig: Applying CVar settings from Section [EffectsQuality@3] File [B:/University Projects/GSP-Tech-Demo-4-Assessment-Project/Tech_Demo_4/Saved/Config/Windows/Scalability.ini]
[2023.12.07-18.20.30:540][  0]LogConfig: Setting CVar [[r.TranslucencyLightingVolumeDim:64]]
[2023.12.07-18.20.30:540][  0]LogConfig: Setting CVar [[r.RefractionQuality:2]]
[2023.12.07-18.20.30:540][  0]LogConfig: Setting CVar [[r.SSR.Quality:3]]
[2023.12.07-18.20.30:540][  0]LogConfig: Setting CVar [[r.SSR.HalfResSceneColor:0]]
[2023.12.07-18.20.30:540][  0]LogConfig: Setting CVar [[r.SceneColorFormat:4]]
[2023.12.07-18.20.30:540][  0]LogConfig: Setting CVar [[r.DetailMode:2]]
[2023.12.07-18.20.30:540][  0]LogConfig: Setting CVar [[r.TranslucencyVolumeBlur:1]]
[2023.12.07-18.20.30:540][  0]LogConfig: Setting CVar [[r.MaterialQualityLevel:1 ; High quality]]
[2023.12.07-18.20.30:540][  0]LogConfig: Setting CVar [[r.AnisotropicMaterials:1]]
[2023.12.07-18.20.30:540][  0]LogConfig: Setting CVar [[r.SSS.Scale:1]]
[2023.12.07-18.20.30:540][  0]LogConfig: Setting CVar [[r.SSS.SampleSet:2]]
[2023.12.07-18.20.30:540][  0]LogConfig: Setting CVar [[r.SSS.Quality:1]]
[2023.12.07-18.20.30:540][  0]LogConfig: Setting CVar [[r.SSS.HalfRes:0]]
[2023.12.07-18.20.30:540][  0]LogConfig: Setting CVar [[r.SSGI.Quality:3]]
[2023.12.07-18.20.30:540][  0]LogConfig: Setting CVar [[r.EmitterSpawnRateScale:1.0]]
[2023.12.07-18.20.30:540][  0]LogConfig: Setting CVar [[r.ParticleLightQuality:2]]
[2023.12.07-18.20.30:540][  0]LogConfig: Setting CVar [[r.SkyAtmosphere.AerialPerspectiveLUT.FastApplyOnOpaque:1 ; Always have FastSkyLUT 1 in this case to avoid wrong sky]]
[2023.12.07-18.20.30:540][  0]LogConfig: Setting CVar [[r.SkyAtmosphere.AerialPerspectiveLUT.SampleCountMaxPerSlice:4]]
[2023.12.07-18.20.30:540][  0]LogConfig: Setting CVar [[r.SkyAtmosphere.AerialPerspectiveLUT.DepthResolution:16.0]]
[2023.12.07-18.20.30:540][  0]LogConfig: Setting CVar [[r.SkyAtmosphere.FastSkyLUT:1]]
[2023.12.07-18.20.30:540][  0]LogConfig: Setting CVar [[r.SkyAtmosphere.FastSkyLUT.SampleCountMin:4.0]]
[2023.12.07-18.20.30:540][  0]LogConfig: Setting CVar [[r.SkyAtmosphere.FastSkyLUT.SampleCountMax:128.0]]
[2023.12.07-18.20.30:540][  0]LogConfig: Setting CVar [[r.SkyAtmosphere.SampleCountMin:4.0]]
[2023.12.07-18.20.30:540][  0]LogConfig: Setting CVar [[r.SkyAtmosphere.SampleCountMax:128.0]]
[2023.12.07-18.20.30:540][  0]LogConfig: Setting CVar [[r.SkyAtmosphere.TransmittanceLUT.UseSmallFormat:0]]
[2023.12.07-18.20.30:540][  0]LogConfig: Setting CVar [[r.SkyAtmosphere.TransmittanceLUT.SampleCount:10.0]]
[2023.12.07-18.20.30:540][  0]LogConfig: Setting CVar [[r.SkyAtmosphere.MultiScatteringLUT.SampleCount:15.0]]
[2023.12.07-18.20.30:540][  0]LogConfig: Setting CVar [[r.SkyLight.RealTimeReflectionCapture:1]]
[2023.12.07-18.20.30:540][  0]LogConfig: Applying CVar settings from Section [FoliageQuality@3] File [B:/University Projects/GSP-Tech-Demo-4-Assessment-Project/Tech_Demo_4/Saved/Config/Windows/Scalability.ini]
[2023.12.07-18.20.30:540][  0]LogConfig: Setting CVar [[foliage.DensityScale:1.0]]
[2023.12.07-18.20.30:540][  0]LogConfig: Setting CVar [[grass.DensityScale:1.0]]
[2023.12.07-18.20.30:540][  0]LogConfig: Applying CVar settings from Section [ShadingQuality@3] File [B:/University Projects/GSP-Tech-Demo-4-Assessment-Project/Tech_Demo_4/Saved/Config/Windows/Scalability.ini]
[2023.12.07-18.20.30:540][  0]LogConfig: Setting CVar [[r.HairStrands.SkyLighting.IntegrationType:2]]
[2023.12.07-18.20.30:540][  0]LogConfig: Setting CVar [[r.HairStrands.SkyAO.SampleCount:4]]
[2023.12.07-18.20.30:540][  0]LogConfig: Setting CVar [[r.HairStrands.Visibility.MSAA.SamplePerPixel:4]]
[2023.12.07-18.20.30:541][  0]LogConfig: Applying CVar settings from Section [Startup] File [../../../Engine/Config/ConsoleVariables.ini]
[2023.12.07-18.20.30:541][  0]LogConfig: Setting CVar [[net.UseAdaptiveNetUpdateFrequency:0]]
[2023.12.07-18.20.30:541][  0]LogConfig: Setting CVar [[p.chaos.AllowCreatePhysxBodies:1]]
[2023.12.07-18.20.30:541][  0]LogConfig: Setting CVar [[fx.SkipVectorVMBackendOptimizations:1]]
[2023.12.07-18.20.30:541][  0]LogConfig: Applying CVar settings from Section [ConsoleVariables] File [B:/University Projects/GSP-Tech-Demo-4-Assessment-Project/Tech_Demo_4/Saved/Config/Windows/Engine.ini]
[2023.12.07-18.20.30:541][  0]LogConfig: Applying CVar settings from Section [ConsoleVariables] File [B:/University Projects/GSP-Tech-Demo-4-Assessment-Project/Tech_Demo_4/Saved/Config/Windows/Editor.ini]
[2023.12.07-18.20.30:541][  0]LogInit: Computer: DESKTOP-AC6PBN4
[2023.12.07-18.20.30:541][  0]LogInit: User: matej
[2023.12.07-18.20.30:541][  0]LogInit: CPU Page size=4096, Cores=4
[2023.12.07-18.20.30:541][  0]LogInit: High frequency timer resolution =10.000000 MHz
[2023.12.07-18.20.30:541][  0]LogMemory: Memory total: Physical=24.0GB (24GB approx)
[2023.12.07-18.20.30:541][  0]LogMemory: Platform Memory Stats for Windows
[2023.12.07-18.20.30:541][  0]LogMemory: Process Physical Memory: 136.96 MB used, 136.96 MB peak
[2023.12.07-18.20.30:541][  0]LogMemory: Process Virtual Memory: 120.20 MB used, 120.20 MB peak
[2023.12.07-18.20.30:541][  0]LogMemory: Physical Memory: 12321.87 MB used,  12212.85 MB free, 24534.71 MB total
[2023.12.07-18.20.30:541][  0]LogMemory: Virtual Memory: 134206448.00 MB used,  11277.10 MB free, 134217728.00 MB total
[2023.12.07-18.20.30:549][  0]LogWindows: WindowsPlatformFeatures enabled
[2023.12.07-18.20.30:617][  0]LogInit: Physics initialised using underlying interface: PhysX
[2023.12.07-18.20.30:619][  0]LogInit: Using OS detected language (en-GB).
[2023.12.07-18.20.30:619][  0]LogInit: Using OS detected locale (en-GB).
[2023.12.07-18.20.30:626][  0]LogTextLocalizationManager: No specific localization for 'en-GB' exists, so the 'en' localization will be used.
[2023.12.07-18.20.30:910][  0]LogInit: Setting process to per monitor DPI aware
[2023.12.07-18.20.30:926][  0]LogWindowsTextInputMethodSystem: Display: IME system deactivated.
[2023.12.07-18.20.30:946][  0]LogSlate: New Slate User Created.  User Index 0, Is Virtual User: 0
[2023.12.07-18.20.30:946][  0]LogSlate: Slate User Registered.  User Index 0, Is Virtual User: 0
[2023.12.07-18.20.31:141][  0]LogD3D11RHI: Loaded GFSDK_Aftermath_Lib.x64.dll
[2023.12.07-18.20.31:144][  0]LogD3D11RHI: D3D11 min allowed feature level: 11_0
[2023.12.07-18.20.31:144][  0]LogD3D11RHI: D3D11 max allowed feature level: 11_0
[2023.12.07-18.20.31:144][  0]LogD3D11RHI: D3D11 adapters:
[2023.12.07-18.20.31:371][  0]LogD3D11RHI:    0. 'NVIDIA GeForce GTX 1050 Ti' (Feature Level 11_0)
[2023.12.07-18.20.31:371][  0]LogD3D11RHI:       4017/0/12267 MB DedicatedVideo/DedicatedSystem/SharedSystem, Outputs:2, VendorId:0x10de
[2023.12.07-18.20.31:374][  0]LogD3D11RHI:    1. 'Microsoft Basic Render Driver' (Feature Level 11_0)
[2023.12.07-18.20.31:374][  0]LogD3D11RHI:       0/0/12267 MB DedicatedVideo/DedicatedSystem/SharedSystem, Outputs:0, VendorId:0x1414
[2023.12.07-18.20.31:374][  0]LogD3D11RHI: Chosen D3D11 Adapter:
[2023.12.07-18.20.31:374][  0]LogD3D11RHI:     Description : NVIDIA GeForce GTX 1050 Ti
[2023.12.07-18.20.31:374][  0]LogD3D11RHI:     VendorId    : 10de
[2023.12.07-18.20.31:374][  0]LogD3D11RHI:     DeviceId    : 1c82
[2023.12.07-18.20.31:374][  0]LogD3D11RHI:     SubSysId    : 245419da
[2023.12.07-18.20.31:374][  0]LogD3D11RHI:     Revision    : 00a1
[2023.12.07-18.20.31:374][  0]LogD3D11RHI:     DedicatedVideoMemory : 4212129792 bytes
[2023.12.07-18.20.31:374][  0]LogD3D11RHI:     DedicatedSystemMemory : 0 bytes
[2023.12.07-18.20.31:374][  0]LogD3D11RHI:     SharedSystemMemory : 12863256576 bytes
[2023.12.07-18.20.31:374][  0]LogD3D11RHI:     AdapterLuid : 0 46792
[2023.12.07-18.20.31:381][  0]LogD3D11RHI: Creating new Direct3DDevice
[2023.12.07-18.20.31:381][  0]LogD3D11RHI:     GPU DeviceId: 0x1c82 (for the marketing name, search the web for "GPU Device Id")
[2023.12.07-18.20.31:381][  0]LogWindows: EnumDisplayDevices:
[2023.12.07-18.20.31:381][  0]LogWindows:    0. 'NVIDIA GeForce GTX 1050 Ti' (P:1 D:1)
[2023.12.07-18.20.31:381][  0]LogWindows:    1. 'NVIDIA GeForce GTX 1050 Ti' (P:0 D:1)
[2023.12.07-18.20.31:382][  0]LogWindows:    2. 'NVIDIA GeForce GTX 1050 Ti' (P:0 D:0)
[2023.12.07-18.20.31:382][  0]LogWindows:    3. 'NVIDIA GeForce GTX 1050 Ti' (P:0 D:0)
[2023.12.07-18.20.31:382][  0]LogWindows: DebugString: FoundDriverCount:4 
[2023.12.07-18.20.31:383][  0]LogD3D11RHI:     Adapter Name: NVIDIA GeForce GTX 1050 Ti
[2023.12.07-18.20.31:383][  0]LogD3D11RHI:   Driver Version: 546.29 (internal:31.0.15.4629, unified:546.29)
[2023.12.07-18.20.31:383][  0]LogD3D11RHI:      Driver Date: 11-29-2023
[2023.12.07-18.20.31:383][  0]LogRHI: Texture pool is 2811 MB (70% of 4017 MB)
[2023.12.07-18.20.31:383][  0]LogD3D11RHI: Creating D3DDevice using adapter:
[2023.12.07-18.20.31:383][  0]LogD3D11RHI:     Description : NVIDIA GeForce GTX 1050 Ti
[2023.12.07-18.20.31:383][  0]LogD3D11RHI:     VendorId    : 10de
[2023.12.07-18.20.31:383][  0]LogD3D11RHI:     DeviceId    : 1c82
[2023.12.07-18.20.31:383][  0]LogD3D11RHI:     SubSysId    : 245419da
[2023.12.07-18.20.31:383][  0]LogD3D11RHI:     Revision    : 00a1
[2023.12.07-18.20.31:383][  0]LogD3D11RHI:     DedicatedVideoMemory : 4212129792 bytes
[2023.12.07-18.20.31:383][  0]LogD3D11RHI:     DedicatedSystemMemory : 0 bytes
[2023.12.07-18.20.31:383][  0]LogD3D11RHI:     SharedSystemMemory : 12863256576 bytes
[2023.12.07-18.20.31:383][  0]LogD3D11RHI:     AdapterLuid : 0 46792
[2023.12.07-18.20.31:557][  0]LogD3D11RHI: RHI has support for 64 bit atomics
[2023.12.07-18.20.31:558][  0]LogD3D11RHI: Async texture creation enabled
[2023.12.07-18.20.31:558][  0]LogD3D11RHI: Array index from any shader is supported
[2023.12.07-18.20.31:593][  0]LogD3D11RHI: GPU Timing Frequency: 1000.000000 (Debug: 2 1)
[2023.12.07-18.20.31:660][  0]LogRHI: GeForceNow SDK initialized: 1
[2023.12.07-18.20.32:111][  0]LogTargetPlatformManager: Display: Loaded TargetPlatform 'AllDesktop'
[2023.12.07-18.20.32:138][  0]LogTargetPlatformManager: Display: Loaded TargetPlatform 'Android'
[2023.12.07-18.20.32:138][  0]LogTargetPlatformManager: Display: Loaded TargetPlatform 'Android_ASTC'
[2023.12.07-18.20.32:138][  0]LogTargetPlatformManager: Display: Loaded TargetPlatform 'Android_DXT'
[2023.12.07-18.20.32:138][  0]LogTargetPlatformManager: Display: Loaded TargetPlatform 'Android_ETC2'
[2023.12.07-18.20.32:138][  0]LogTargetPlatformManager: Display: Loaded TargetPlatform 'AndroidClient'
[2023.12.07-18.20.32:138][  0]LogTargetPlatformManager: Display: Loaded TargetPlatform 'Android_ASTCClient'
[2023.12.07-18.20.32:138][  0]LogTargetPlatformManager: Display: Loaded TargetPlatform 'Android_DXTClient'
[2023.12.07-18.20.32:138][  0]LogTargetPlatformManager: Display: Loaded TargetPlatform 'Android_ETC2Client'
[2023.12.07-18.20.32:138][  0]LogTargetPlatformManager: Display: Loaded TargetPlatform 'Android_Multi'
[2023.12.07-18.20.32:138][  0]LogTargetPlatformManager: Display: Loaded TargetPlatform 'Android_MultiClient'
[2023.12.07-18.20.32:159][  0]LogTargetPlatformManager: Display: Loaded TargetPlatform 'IOSClient'
[2023.12.07-18.20.32:159][  0]LogTargetPlatformManager: Display: Loaded TargetPlatform 'IOS'
[2023.12.07-18.20.32:171][  0]LogTargetPlatformManager: Display: Loaded TargetPlatform 'Linux'
[2023.12.07-18.20.32:176][  0]LogTargetPlatformManager: Display: Loaded TargetPlatform 'LinuxNoEditor'
[2023.12.07-18.20.32:181][  0]LogTargetPlatformManager: Display: Loaded TargetPlatform 'LinuxClient'
[2023.12.07-18.20.32:187][  0]LogTargetPlatformManager: Display: Loaded TargetPlatform 'LinuxServer'
[2023.12.07-18.20.32:197][  0]LogTargetPlatformManager: Display: Loaded TargetPlatform 'LinuxAArch64NoEditor'
[2023.12.07-18.20.32:203][  0]LogTargetPlatformManager: Display: Loaded TargetPlatform 'LinuxAArch64Client'
[2023.12.07-18.20.32:208][  0]LogTargetPlatformManager: Display: Loaded TargetPlatform 'LinuxAArch64Server'
[2023.12.07-18.20.32:236][  0]LogTargetPlatformManager: Display: Loaded TargetPlatform 'Lumin'
[2023.12.07-18.20.32:236][  0]LogTargetPlatformManager: Display: Loaded TargetPlatform 'LuminClient'
[2023.12.07-18.20.32:247][  0]LogTargetPlatformManager: Display: Loaded TargetPlatform 'MacNoEditor'
[2023.12.07-18.20.32:252][  0]LogTargetPlatformManager: Display: Loaded TargetPlatform 'Mac'
[2023.12.07-18.20.32:258][  0]LogTargetPlatformManager: Display: Loaded TargetPlatform 'MacClient'
[2023.12.07-18.20.32:263][  0]LogTargetPlatformManager: Display: Loaded TargetPlatform 'MacServer'
[2023.12.07-18.20.32:277][  0]LogTargetPlatformManager: Display: Loaded TargetPlatform 'TVOSClient'
[2023.12.07-18.20.32:277][  0]LogTargetPlatformManager: Display: Loaded TargetPlatform 'TVOS'
[2023.12.07-18.20.32:289][  0]LogTargetPlatformManager: Display: Loaded TargetPlatform 'WindowsNoEditor'
[2023.12.07-18.20.32:295][  0]LogTargetPlatformManager: Display: Loaded TargetPlatform 'Windows'
[2023.12.07-18.20.32:301][  0]LogTargetPlatformManager: Display: Loaded TargetPlatform 'WindowsClient'
[2023.12.07-18.20.32:307][  0]LogTargetPlatformManager: Display: Loaded TargetPlatform 'WindowsServer'
[2023.12.07-18.20.32:310][  0]LogTargetPlatformManager: Display: Building Assets For Windows
[2023.12.07-18.20.32:320][  0]LogAudioDebug: Display: Lib vorbis DLL was dynamically loaded.
[2023.12.07-18.20.32:363][  0]LogTextureFormatOodle: Display: Oodle Texture 2.9.0 init RDO Off
[2023.12.07-18.20.32:407][  0]LogRendererCore: Ray tracing is disabled. Reason: r.RayTracing=0.
[2023.12.07-18.20.32:407][  0]LogShaderCompilers: Guid format shader working directory is -35 characters bigger than the processId version (../../../../../University Projects/GSP-Tech-Demo-4-Assessment-Project/Tech_Demo_4/Intermediate/Shaders/WorkingDirectory/6296/).
[2023.12.07-18.20.32:407][  0]LogShaderCompilers: Cleaned the shader compiler working directory 'C:/Users/matej/AppData/Local/Temp/UnrealShaderWorkingDir/84829EAA49B5DBB5457A898192A3688D/'.
[2023.12.07-18.20.32:407][  0]LogXGEController: Cannot use XGE Controller as Incredibuild is not installed on this machine.
[2023.12.07-18.20.32:408][  0]LogShaderCompilers: Cannot use XGE Shader Compiler as Incredibuild is not installed on this machine.
[2023.12.07-18.20.32:408][  0]LogShaderCompilers: Display: Using Local Shader Compiler.
[2023.12.07-18.20.33:338][  0]LogDerivedDataCache: Display: Max Cache Size: 512 MB
[2023.12.07-18.20.33:407][  0]LogDerivedDataCache: Loaded boot cache 0.07s 80MB C:/Users/matej/AppData/Local/UnrealEngine/4.27/DerivedDataCache/Boot.ddc.
[2023.12.07-18.20.33:408][  0]LogDerivedDataCache: Display: Loaded Boot cache: C:/Users/matej/AppData/Local/UnrealEngine/4.27/DerivedDataCache/Boot.ddc
[2023.12.07-18.20.33:408][  0]LogDerivedDataCache: FDerivedDataBackendGraph:  Pak pak cache file ../../../../../University Projects/GSP-Tech-Demo-4-Assessment-Project/Tech_Demo_4/DerivedDataCache/DDC.ddp not found, will not use a pak cache.
[2023.12.07-18.20.33:408][  0]LogDerivedDataCache: Unable to find inner node Pak for hierarchical cache Hierarchy.
[2023.12.07-18.20.33:408][  0]LogDerivedDataCache: FDerivedDataBackendGraph:  CompressedPak pak cache file ../../../../../University Projects/GSP-Tech-Demo-4-Assessment-Project/Tech_Demo_4/DerivedDataCache/Compressed.ddp not found, will not use a pak cache.
[2023.12.07-18.20.33:408][  0]LogDerivedDataCache: Unable to find inner node CompressedPak for hierarchical cache Hierarchy.
[2023.12.07-18.20.33:428][  0]LogDerivedDataCache: Display: Pak cache opened for reading ../../../Engine/DerivedDataCache/Compressed.ddp.
[2023.12.07-18.20.33:428][  0]LogDerivedDataCache: FDerivedDataBackendGraph:  EnterprisePak pak cache file ../../../Enterprise/DerivedDataCache/Compressed.ddp not found, will not use a pak cache.
[2023.12.07-18.20.33:428][  0]LogDerivedDataCache: Unable to find inner node EnterprisePak for hierarchical cache Hierarchy.
[2023.12.07-18.20.33:438][  0]LogDerivedDataCache: Speed tests for C:/Users/matej/AppData/Local/UnrealEngine/Common/DerivedDataCache took 0.01 seconds
[2023.12.07-18.20.33:438][  0]LogDerivedDataCache: Display: Performance to C:/Users/matej/AppData/Local/UnrealEngine/Common/DerivedDataCache: Latency=0.05ms. RandomReadSpeed=760.11MBs, RandomWriteSpeed=111.82MBs. Assigned SpeedClass 'Local'
[2023.12.07-18.20.33:439][  0]LogDerivedDataCache: Using Local data cache path C:/Users/matej/AppData/Local/UnrealEngine/Common/DerivedDataCache: Writable
[2023.12.07-18.20.33:439][  0]LogDerivedDataCache: Shared data cache path not found in *engine.ini, will not use an Shared cache.
[2023.12.07-18.20.33:439][  0]LogDerivedDataCache: Unable to find inner node Shared for hierarchical cache Hierarchy.
[2023.12.07-18.20.33:503][  0]LogSlate: Using FreeType 2.10.0
[2023.12.07-18.20.33:504][  0]LogSlate: SlateFontServices - WITH_FREETYPE: 1, WITH_HARFBUZZ: 1
[2023.12.07-18.20.33:543][  0]LogAssetRegistry: FAssetRegistry took 0.0068 seconds to start up
[2023.12.07-18.20.33:831][  0]LogInit: Selected Device Profile: [Windows]
[2023.12.07-18.20.33:831][  0]LogInit: Active device profile: [000001B74FACBF00][000001B741B5A900 49] Windows
[2023.12.07-18.20.33:831][  0]LogInit: Profiles: [000001B74FACBF00][000001B741B5A900 49] Windows, [000001B74FAE3F00][000001B74E0FCA80 49] WindowsNoEditor, [000001B74FAC8200][000001B74AE12BC0 49] WindowsServer, [000001B74FAE1F00][000001B74BC5ED00 49] WindowsClient, [000001B74FACA000][000001B741CD8E40 49] IOS, [000001B74FAE3700][000001B74BCE6F80 49] iPadAir, [000001B74FAC8800][000001B74B3F3100 49] iPadAir2, [000001B74FA88900][000001B741A8F3C0 49] IPadPro, [000001B74FA88A00][000001B741A8B400 49] iPadAir3, [000001B74FAC8600][000001B74BC17580 49] iPadAir4, [000001B74FA88700][000001B74BC1B700 49] iPadMini2, [000001B74FAC8B00][000001B74BC1F880 49] iPadMini3, [000001B74FA89600][000001B74BC23A00 49] iPadMini4, [000001B74FACAB00][000001B74BC27B80 49] iPadMini5, [000001B74FAE2000][000001B74DD862C0 49] iPhone6, [000001B74FA83F00][000001B74BC2A300 49] iPodTouch6, [000001B74FAE3C00][000001B74DD8E5C0 49] iPhone7, [000001B74FAE0500][000001B74DD8A600 49] iPodTouch7, [000001B74FA80700][000001B74DD92780 49] iPhone5S, [000001B74FAE0C00][000001B74DD96900 49] iPhone6Plus, [000001B74FA83400][000001B74DD9AA80 49] iPhone6S, [000001B74FAE2F00][000001B74DD9EC00 49] iPhone6SPlus, [000001B74FA80F00][000001B74B3EED40 49] iPhone7Plus, [000001B74FAE1B00][000001B74DDA2E80 49] iPhoneSE, [000001B74FA82C00][000001B74DDA6FC0 49] iPhone8, [000001B74FAE2800][000001B74DDAB100 49] iPhone8Plus, [000001B74FA81600][000001B74DDB3280 49] iPhoneX, [000001B74FAE0800][000001B74DDB7400 49] iPhoneXS, [000001B74FA82500][000001B74DDBB580 49] iPhoneXSMax, [000001B74FAE3900][000001B7422CD700 49] iPhoneXR, [000001B74FA81D00][000001B7422D1880 49] iPhone11, [000001B74FAE2200][000001B7422D5A00 49] iPhone11Pro, [000001B74FA83500][000001B7422D9B80 49] iPhone11ProMax, [000001B74FAE1400][000001B7422DC180 49] iPhoneSE2, [000001B74FA80C00][000001B7422E0300 49] iPhone12Mini, [000001B74FAE3100][000001B7422E4480 49] iPhone12, [000001B74FA82F00][000001B7422E8600 49] iPhone12Pro, [000001B74FAE1C00][000001B7422EC780 49] iPhone12ProMax, [000001B74FA82900][000001B7422F0900 49] iPadPro105, [000001B74FAE2D00][000001B7422F4A80 49] iPadPro129, [000001B74FA81700][000001B7422F8C00 49] iPadPro97, [000001B74FAE1600][000001B7422FCD80 49] iPadPro2_129, [000001B74FA80D00][000001B742300F00 49] iPad5, [000001B74FAE1500][000001B74DDAF040 49] iPad6, [000001B74FA82B00][000001B742305180 49] iPad7, [000001B74FAE0A00][000001B7423092C0 49] iPad8, [000001B74FA80600][000001B742311440 49] iPadPro11, [000001B74FAE3000][000001B7423155C0 49] iPadPro2_11, [000001B74FA80E00][000001B742319740 49] iPadPro3_129, [000001B74FAE0E00][000001B74231D8C0 49] iPadPro4_129, [000001B74FA81800][000001B742321A40 49] AppleTV, [000001B74FAE1900][000001B742325BC0 49] AppleTV4K, [000001B74FA83E00][000001B7423281C0 49] TVOS, [000001B74FAE1D00][000001B74232C340 49] Mac, [000001B74FA82D00][000001B7423304C0 49] MacClient, [000001B74FAE2900][000001B742334640 49] MacNoEditor, [000001B74FA81300][000001B7423387C0 49] MacServer, [000001B74FAE2100][000001B74233C940 49] Linux, [000001B74FA83A00][000001B742340AC0 49] LinuxAArch64, [000001B74FAE3A00][000001B74E490C40 49] LinuxNoEditor, [000001B74FA83C00][000001B74E494DC0 49] LinuxAArch64NoEditor, [000001B74FAE2B00][000001B74E498F40 49] LinuxClient, [000001B74FA83B00][000001B74E49D0C0 49] LinuxAArch64Client, [000001B74FAE3E00][000001B74230D200 49] LinuxServer, [000001B74FA83600][000001B74E4A1340 49] LinuxAArch64Server, [000001B74FAE1200][000001B74E4A5480 49] Android, [000001B74FA82600][000001B74E4A95C0 49] Android_Low, [000001B74FAE2C00][000001B74E4B1740 49] Android_Mid, [000001B74FA83D00][000001B74E4B58C0 49] Android_High, [000001B74FAE0400][000001B74E4B9A40 49] Android_Default, [000001B74FB46D00][000001B74E4BDBC0 49] Android_Adreno4xx, [000001B74FAC9E00][000001B74E4C01C0 49] Android_Adreno5xx_Low, [000001B74FB45200][000001B74BC9C340 49] Android_Adreno5xx, [000001B74FACB500][000001B74BCA04C0 49] Android_Adreno6xx, [000001B74FB44F00][000001B74BCA4640 49] Android_Adreno6xx_Vulkan, [000001B74FAC9100][000001B74BCA87C0 49] Android_Mali_T6xx, [000001B74FB46800][000001B74BCAC940 49] Android_Mali_T7xx, [000001B74FACA300][000001B74BCB0AC0 49] Android_Mali_T8xx, [000001B74FB44E00][000001B74BCB4C40 49] Android_Mali_G71, [000001B74FACB600][000001B74BCB8DC0 49] Android_Mali_G72, [000001B74FB45F00][000001B74BCBCF40 49] Android_Mali_G72_Vulkan, [000001B74FACAC00][000001B74BCC10C0 49] Android_Mali_G76, [000001B74FB45C00][000001B74BCC5240 49] Android_Mali_G76_Vulkan, [000001B74FAC9F00][000001B74E4AD380 49] Android_Mali_G77, [000001B74FB44800][000001B74BCC94C0 49] Android_Mali_G77_Vulkan, [000001B74FAC9000][000001B74BCCD600 49] Android_Mali_G78, [000001B74FAE2E00][000001B74BCD1740 49] Android_Mali_G78_Vulkan, [000001B74FACB800][000001B74E4C58C0 49] Android_Mali_G710, [000001B74FB47000][000001B74E4C9A40 49] Android_Mali_G710_Vulkan, [000001B74FACB100][000001B74E4CDBC0 49] Android_Vulkan_SM5, [000001B74FB46300][000001B74E4D01C0 49] Android_PowerVR_G6xxx, [000001B74FA81E00][000001B74E4D4340 49] Android_PowerVR_GT7xxx, [000001B74FB46100][000001B74E4D84C0 49] Android_PowerVR_GE8xxx, [000001B74FA81C00][000001B74E4DC640 49] Android_PowerVR_GM9xxx, [000001B74FB45100][000001B74E4E07C0 49] Android_PowerVR_GM9xxx_Vulkan, [000001B74FA81200][000001B74E4E4940 49] Android_TegraK1, [000001B74FB46C00][000001B74E4E8AC0 49] Android_Unknown_Vulkan, [000001B74FA82A00][000001B74E4ECC40 49] Lumin, [000001B74FB46400][000001B74E4F0DC0 49] Lumin_Desktop, [000001B74FA82E00][000001B74E4F4F40 49] HoloLens, 
[2023.12.07-18.20.33:987][  0]LogMeshReduction: Using QuadricMeshReduction for automatic static mesh reduction
[2023.12.07-18.20.33:987][  0]LogMeshReduction: Using SimplygonMeshReduction for automatic skeletal mesh reduction
[2023.12.07-18.20.33:987][  0]LogMeshReduction: Using ProxyLODMeshReduction for automatic mesh merging
[2023.12.07-18.20.33:987][  0]LogMeshReduction: No distributed automatic mesh merging module available
[2023.12.07-18.20.33:987][  0]LogMeshMerging: No distributed automatic mesh merging module available
[2023.12.07-18.20.34:011][  0]LogNetVersion: Tech_Demo_4 1.0.0, NetCL: 17155196, EngineNetVer: 17, GameNetVer: 0 (Checksum: 4260629819)
[2023.12.07-18.20.34:514][  0]LogTexture: Default maximum texture size for cubemaps generated from long-lat sources has been changed from 512 to unlimited. In order to preserve old behaiour for '/Engine/MapTemplates/Sky/DaylightAmbientCubemap.DaylightAmbientCubemap', its maximum texture size has been explicitly set to 512.
[2023.12.07-18.20.34:589][  0]LogUObjectArray: 16878 objects as part of root set at end of initial load.
[2023.12.07-18.20.34:589][  0]LogUObjectAllocator: 4218224 out of 0 bytes used by permanent object pool.
[2023.12.07-18.20.34:589][  0]LogUObjectArray: CloseDisregardForGC: 0/0 objects in disregard for GC pool
[2023.12.07-18.20.34:923][  0]LogPython: Using Python 3.7.7
[2023.12.07-18.20.35:616][  0]LogNiagaraDebuggerClient: Niagara Debugger Client Initialized | Session: F134B1B247C8CC1F33A253ABA43E39B2 | Instance: 3547D3E24274E92C905D99A6327A8ABA (DESKTOP-AC6PBN4-6296).
[2023.12.07-18.20.35:805][  0]LogTcpMessaging: Initializing TcpMessaging bridge
[2023.12.07-18.20.35:810][  0]LogUdpMessaging: Initializing bridge on interface 0.0.0.0:0 to multicast group 230.0.0.1:6666.
[2023.12.07-18.20.35:962][  0]SourceControl: Source control is disabled
[2023.12.07-18.20.35:962][  0]SourceControl: Source control is disabled
[2023.12.07-18.20.35:966][  0]SourceControl: Source control is disabled
[2023.12.07-18.20.35:969][  0]SourceControl: Source control is disabled
[2023.12.07-18.20.35:983][  0]SourceControl: Source control is disabled
[2023.12.07-18.20.35:987][  0]LogUProjectInfo: Found projects:
[2023.12.07-18.20.36:258][  0]LogOpenImageDenoise: OIDN starting up
[2023.12.07-18.20.36:318][  0]LogAndroidPermission: UAndroidPermissionCallbackProxy::GetInstance
[2023.12.07-18.20.36:331][  0]LogAudioCaptureCore: Display: No Audio Capture implementations found. Audio input will be silent.
[2023.12.07-18.20.36:331][  0]LogAudioCaptureCore: Display: No Audio Capture implementations found. Audio input will be silent.
[2023.12.07-18.20.36:436][  0]LogCollectionManager: Loaded 0 collections in 0.001148 seconds
[2023.12.07-18.20.36:532][  0]LogFileCache: Scanning file cache for directory 'B:/University Projects/GSP-Tech-Demo-4-Assessment-Project/Tech_Demo_4/Saved/Collections/' took 0.00s
[2023.12.07-18.20.36:532][  0]LogFileCache: Scanning file cache for directory 'B:/University Projects/GSP-Tech-Demo-4-Assessment-Project/Tech_Demo_4/Content/Developers/matej/Collections/' took 0.00s
[2023.12.07-18.20.36:532][  0]LogFileCache: Scanning file cache for directory 'B:/University Projects/GSP-Tech-Demo-4-Assessment-Project/Tech_Demo_4/Content/Collections/' took 0.00s
[2023.12.07-18.20.36:532][  0]LogEngine: Initializing Engine...
[2023.12.07-18.20.36:534][  0]LogMagicLeap: Warning: VR disabled because ZI is not enabled.  To enable, in the editor, Edit -> Project Settings -> Plugins -> Magic Leap Plugin -> Enable Zero Iteration
[2023.12.07-18.20.36:535][  0]LogStats: UGameplayTagsManager::InitializeManager -  0.000 s
[2023.12.07-18.20.36:755][  0]LogInit: Initializing FReadOnlyCVARCache
[2023.12.07-18.20.36:765][  0]LogAIModule: Creating AISystem for world Untitled
[2023.12.07-18.20.36:765][  0]LogAudio: Display: Initializing Audio Device Manager...
[2023.12.07-18.20.36:770][  0]LogAudio: Display: Loading Default Audio Settings Objects...
[2023.12.07-18.20.36:770][  0]LogAudio: Display: No default SoundConcurrencyObject specified (or failed to load).
[2023.12.07-18.20.36:771][  0]LogAudio: Display: Audio Device Manager Initialized
[2023.12.07-18.20.36:771][  0]LogAudio: Display: Creating Audio Device:                 Id: 1, Scope: Shared, Realtime: True
[2023.12.07-18.20.36:771][  0]LogAudioMixer: Display: Audio Mixer Platform Settings:
[2023.12.07-18.20.36:771][  0]LogAudioMixer: Display: 	Sample Rate:						  48000
[2023.12.07-18.20.36:771][  0]LogAudioMixer: Display: 	Callback Buffer Frame Size Requested: 1024
[2023.12.07-18.20.36:771][  0]LogAudioMixer: Display: 	Callback Buffer Frame Size To Use:	  1024
[2023.12.07-18.20.36:771][  0]LogAudioMixer: Display: 	Number of buffers to queue:			  2
[2023.12.07-18.20.36:771][  0]LogAudioMixer: Display: 	Max Channels (voices):				  32
[2023.12.07-18.20.36:771][  0]LogAudioMixer: Display: 	Number of Async Source Workers:		  0
[2023.12.07-18.20.36:771][  0]LogAudio: Display: AudioDevice MaxSources: 32
[2023.12.07-18.20.36:772][  0]LogAudio: Display: Audio Spatialization Plugin: None (built-in).
[2023.12.07-18.20.36:772][  0]LogAudio: Display: Audio Reverb Plugin: None (built-in).
[2023.12.07-18.20.36:772][  0]LogAudio: Display: Audio Occlusion Plugin: None (built-in).
[2023.12.07-18.20.36:772][  0]LogAudioMixer: Display: Initializing audio mixer.
[2023.12.07-18.20.36:791][  0]LogAudioMixer: Display: 0: FrontLeft
[2023.12.07-18.20.36:791][  0]LogAudioMixer: Display: 1: FrontRight
[2023.12.07-18.20.36:844][  0]LogAudioMixer: Display: Using Audio Device Speakers (Realtek High Definition Audio)
[2023.12.07-18.20.36:845][  0]LogAudioMixer: Display: Initializing Sound Submixes...
[2023.12.07-18.20.36:846][  0]LogAudioMixer: Display: Creating Master Submix 'MasterSubmixDefault'
[2023.12.07-18.20.36:846][  0]LogAudioMixer: Display: Creating Master Submix 'MasterReverbSubmixDefault'
[2023.12.07-18.20.36:848][  0]LogAudioMixer: Display: Creating Master Submix 'MasterEQSubmixDefault'
[2023.12.07-18.20.36:848][  0]LogAudioMixer: FMixerPlatformXAudio2::StartAudioStream() called
[2023.12.07-18.20.36:848][  0]LogAudioMixer: Display: Output buffers initialized: Frames=1024, Channels=2, Samples=2048
[2023.12.07-18.20.36:849][  0]LogAudioMixer: Display: Starting AudioMixerPlatformInterface::RunInternal()
[2023.12.07-18.20.36:849][  0]LogAudioMixer: Display: FMixerPlatformXAudio2::SubmitBuffer() called for the first time
[2023.12.07-18.20.36:849][  0]LogInit: FAudioDevice initialized.
[2023.12.07-18.20.36:849][  0]LogAudio: Display: Audio Device (ID: 1) registered with world 'Untitled'.
[2023.12.07-18.20.36:850][  0]LogNetVersion: Set ProjectVersion to 1.0.0.0. Version Checksum will be recalculated on next use.
[2023.12.07-18.20.36:927][  0]LogDerivedDataCache: Saved boot cache 0.08s 80MB C:/Users/matej/AppData/Local/UnrealEngine/4.27/DerivedDataCache/Boot.ddc.
[2023.12.07-18.20.36:928][  0]LogInit: Texture streaming: Enabled
[2023.12.07-18.20.36:942][  0]LogAnalytics: Display: [UEEditor.Rocket.Release] APIServer = https://datarouter.ol.epicgames.com/. AppVersion = 4.27.2-18319896+++UE4+Release-4.27
[2023.12.07-18.20.36:947][  0]LogEngineSessionManager: EngineSessionManager initialized
[2023.12.07-18.20.36:947][  0]LogEditorSessionSummary: Verbose: Initializing EditorSessionSummaryWriter for editor session tracking
[2023.12.07-18.20.36:951][  0]LogEditorSessionSummary: EditorSessionSummaryWriter initialized
[2023.12.07-18.20.36:986][  0]LogInit: Transaction tracking system initialized
[2023.12.07-18.20.37:014][  0]BlueprintLog: New page: Editor Load
[2023.12.07-18.20.37:096][  0]LocalizationService: Localization service is disabled
[2023.12.07-18.20.37:123][  0]TimingProfiler: Initialize
[2023.12.07-18.20.37:123][  0]TimingProfiler: OnSessionChanged
[2023.12.07-18.20.37:123][  0]LoadingProfiler: Initialize
[2023.12.07-18.20.37:123][  0]LoadingProfiler: OnSessionChanged
[2023.12.07-18.20.37:123][  0]NetworkingProfiler: Initialize
[2023.12.07-18.20.37:123][  0]NetworkingProfiler: OnSessionChanged
[2023.12.07-18.20.37:123][  0]MemoryProfiler: Initialize
[2023.12.07-18.20.37:123][  0]MemoryProfiler: OnSessionChanged
[2023.12.07-18.20.37:324][  0]LogCook: Display: CookSettings for Memory: MemoryMaxUsedVirtual 0MiB, MemoryMaxUsedPhysical 16384MiB, MemoryMinFreeVirtual 0MiB, MemoryMinFreePhysical 1024MiB
[2023.12.07-18.20.37:324][  0]LogCook: Display: Mobile HDR setting 1
[2023.12.07-18.20.37:512][  0]LogFileCache: Scanning file cache for directory 'B:/University Projects/GSP-Tech-Demo-4-Assessment-Project/Tech_Demo_4/Content/' took 0.00s
[2023.12.07-18.20.37:512][  0]LogInit: Display: Engine is initialized. Leaving FEngineLoop::Init()
[2023.12.07-18.20.37:516][  0]SourceControl: Source control is disabled
[2023.12.07-18.20.37:822][  0]LogSlate: Took 0.000257 seconds to synchronously load lazily loaded font '../../../Engine/Content/Slate/Fonts/Roboto-Regular.ttf' (155K)
[2023.12.07-18.21.31:281][  0]LogSlate: Window 'Restore Packages' being destroyed
[2023.12.07-18.21.31:296][  0]LogWindowsTextInputMethodSystem: Display: IME system deactivated.
[2023.12.07-18.21.31:322][  0]LogUnrealEdMisc: Loading editor; pre map load, took 64.735
[2023.12.07-18.21.31:323][  0]Cmd: MAP LOAD FILE="../../../Engine/Content/Maps/Templates/Template_Default.umap" TEMPLATE=1 SHOWPROGRESS=1 FEATURELEVEL=3
[2023.12.07-18.21.31:325][  0]LightingResults: New page: Lighting Build
[2023.12.07-18.21.31:328][  0]LogWorld: UWorld::CleanupWorld for Untitled, bSessionEnded=true, bCleanupResources=true
[2023.12.07-18.21.31:328][  0]LogSlate: InvalidateAllWidgets triggered.  All widgets were invalidated
[2023.12.07-18.21.31:328][  0]MapCheck: New page: Map Check
[2023.12.07-18.21.31:328][  0]LightingResults: New page: Lighting Build
[2023.12.07-18.21.31:448][  0]LogAudio: Display: Audio Device unregistered from world 'None'.
[2023.12.07-18.21.31:471][  0]LogUObjectHash: Compacting FUObjectHashTables data took   0.91ms
[2023.12.07-18.21.31:549][  0]LogTexture: Display: Building textures: DeprecatedTextureEB9CBE3C423008B5E8E130901E171C89 (BGRA8, 128X128)
[2023.12.07-18.21.31:564][  0]LogAudio: Display: Audio Device (ID: 1) registered with world 'Untitled_1'.
[2023.12.07-18.21.31:565][  0]LogAIModule: Creating AISystem for world Untitled_1
[2023.12.07-18.21.31:586][  0]LogEditorServer: Finished looking for orphan Actors (0.000 secs)
[2023.12.07-18.21.31:603][  0]LogUObjectHash: Compacting FUObjectHashTables data took   0.86ms
[2023.12.07-18.21.31:604][  0]Cmd: MAP CHECKDEP NOCLEARLOG
[2023.12.07-18.21.31:604][  0]MapCheck: Map check complete: 0 Error(s), 0 Warning(s), took 0.513ms to complete.
[2023.12.07-18.21.31:604][  0]LogFileHelpers: Loading map 'Template_Default' took 0.282
[2023.12.07-18.21.31:609][  0]LogUnrealEdMisc: Total Editor Startup Time, took 65.022
[2023.12.07-18.21.31:635][  0]LogWindowsTextInputMethodSystem: Display: IME system deactivated.
[2023.12.07-18.21.31:686][  0]LogSlate: Updating window title bar state: overlay mode, drag disabled, window buttons hidden, title bar hidden
[2023.12.07-18.21.31:694][  0]LogSlate: Updating window title bar state: overlay mode, drag disabled, window buttons hidden, title bar hidden
[2023.12.07-18.21.31:701][  0]LogSlate: Updating window title bar state: overlay mode, drag disabled, window buttons hidden, title bar hidden
[2023.12.07-18.21.31:709][  0]LogSlate: Updating window title bar state: overlay mode, drag disabled, window buttons hidden, title bar hidden
[2023.12.07-18.21.31:726][  0]LogNativeClassHierarchy: Verbose: Native class hierarchy populated in 0.0111 seconds. Added 3716 classes and 870 folders.
[2023.12.07-18.21.31:731][  0]LogNativeClassHierarchy: Verbose: Native class hierarchy updated for 'WidgetCarousel' in 0.0003 seconds. Added 0 classes and 0 folders.
[2023.12.07-18.21.31:733][  0]LogPakFile: PakFile PrimaryIndexSize=187
[2023.12.07-18.21.31:733][  0]LogPakFile: PakFile PathHashIndexSize=101
[2023.12.07-18.21.31:733][  0]LogPakFile: PakFile FullDirectoryIndexSize=148
[2023.12.07-18.21.31:733][  0]LogShaderLibrary: Display: ShaderCodeLibraryPakFileMountedCallback: PakFile 'B:/Epic Games/UE_4.27/FeaturePacks/FP_FirstPerson.upack' (chunk index -1, root 'root:/') mounted
[2023.12.07-18.21.31:733][  0]LogShaderLibrary: Display: ShaderCodeLibraryPakFileMountedCallback: pending pak file info (ChunkID:-1 Root:root:/ File:B:/Epic Games/UE_4.27/FeaturePacks/FP_FirstPerson.upack)
[2023.12.07-18.21.31:733][  0]LogPakFile: OnPakFileMounted2Time == 0.000079
[2023.12.07-18.21.31:734][  0]LogPakFile: PakFile PrimaryIndexSize=189
[2023.12.07-18.21.31:734][  0]LogPakFile: PakFile PathHashIndexSize=101
[2023.12.07-18.21.31:734][  0]LogPakFile: PakFile FullDirectoryIndexSize=152
[2023.12.07-18.21.31:734][  0]LogShaderLibrary: Display: ShaderCodeLibraryPakFileMountedCallback: PakFile 'B:/Epic Games/UE_4.27/FeaturePacks/FP_FirstPersonBP.upack' (chunk index -1, root 'root:/') mounted
[2023.12.07-18.21.31:734][  0]LogShaderLibrary: Display: ShaderCodeLibraryPakFileMountedCallback: pending pak file info (ChunkID:-1 Root:root:/ File:B:/Epic Games/UE_4.27/FeaturePacks/FP_FirstPersonBP.upack)
[2023.12.07-18.21.31:734][  0]LogPakFile: OnPakFileMounted2Time == 0.000060
[2023.12.07-18.21.31:735][  0]LogPakFile: PakFile PrimaryIndexSize=191
[2023.12.07-18.21.31:735][  0]LogPakFile: PakFile PathHashIndexSize=101
[2023.12.07-18.21.31:735][  0]LogPakFile: PakFile FullDirectoryIndexSize=160
[2023.12.07-18.21.31:735][  0]LogShaderLibrary: Display: ShaderCodeLibraryPakFileMountedCallback: PakFile 'B:/Epic Games/UE_4.27/FeaturePacks/MobileStarterContent.upack' (chunk index -1, root 'root:/') mounted
[2023.12.07-18.21.31:735][  0]LogShaderLibrary: Display: ShaderCodeLibraryPakFileMountedCallback: pending pak file info (ChunkID:-1 Root:root:/ File:B:/Epic Games/UE_4.27/FeaturePacks/MobileStarterContent.upack)
[2023.12.07-18.21.31:735][  0]LogPakFile: OnPakFileMounted2Time == 0.000054
[2023.12.07-18.21.31:736][  0]LogPakFile: PakFile PrimaryIndexSize=185
[2023.12.07-18.21.31:736][  0]LogPakFile: PakFile PathHashIndexSize=101
[2023.12.07-18.21.31:736][  0]LogPakFile: PakFile FullDirectoryIndexSize=148
[2023.12.07-18.21.31:736][  0]LogShaderLibrary: Display: ShaderCodeLibraryPakFileMountedCallback: PakFile 'B:/Epic Games/UE_4.27/FeaturePacks/StarterContent.upack' (chunk index -1, root 'root:/') mounted
[2023.12.07-18.21.31:736][  0]LogShaderLibrary: Display: ShaderCodeLibraryPakFileMountedCallback: pending pak file info (ChunkID:-1 Root:root:/ File:B:/Epic Games/UE_4.27/FeaturePacks/StarterContent.upack)
[2023.12.07-18.21.31:736][  0]LogPakFile: OnPakFileMounted2Time == 0.000054
[2023.12.07-18.21.31:737][  0]LogPakFile: PakFile PrimaryIndexSize=190
[2023.12.07-18.21.31:737][  0]LogPakFile: PakFile PathHashIndexSize=101
[2023.12.07-18.21.31:737][  0]LogPakFile: PakFile FullDirectoryIndexSize=154
[2023.12.07-18.21.31:737][  0]LogShaderLibrary: Display: ShaderCodeLibraryPakFileMountedCallback: PakFile 'B:/Epic Games/UE_4.27/FeaturePacks/TP_2DSideScroller.upack' (chunk index -1, root 'root:/') mounted
[2023.12.07-18.21.31:737][  0]LogShaderLibrary: Display: ShaderCodeLibraryPakFileMountedCallback: pending pak file info (ChunkID:-1 Root:root:/ File:B:/Epic Games/UE_4.27/FeaturePacks/TP_2DSideScroller.upack)
[2023.12.07-18.21.31:737][  0]LogPakFile: OnPakFileMounted2Time == 0.000056
[2023.12.07-18.21.31:738][  0]LogPakFile: PakFile PrimaryIndexSize=192
[2023.12.07-18.21.31:738][  0]LogPakFile: PakFile PathHashIndexSize=101
[2023.12.07-18.21.31:738][  0]LogPakFile: PakFile FullDirectoryIndexSize=158
[2023.12.07-18.21.31:738][  0]LogShaderLibrary: Display: ShaderCodeLibraryPakFileMountedCallback: PakFile 'B:/Epic Games/UE_4.27/FeaturePacks/TP_2DSideScrollerBP.upack' (chunk index -1, root 'root:/') mounted
[2023.12.07-18.21.31:738][  0]LogShaderLibrary: Display: ShaderCodeLibraryPakFileMountedCallback: pending pak file info (ChunkID:-1 Root:root:/ File:B:/Epic Games/UE_4.27/FeaturePacks/TP_2DSideScrollerBP.upack)
[2023.12.07-18.21.31:738][  0]LogPakFile: OnPakFileMounted2Time == 0.000052
[2023.12.07-18.21.31:739][  0]LogPakFile: PakFile PrimaryIndexSize=182
[2023.12.07-18.21.31:739][  0]LogPakFile: PakFile PathHashIndexSize=101
[2023.12.07-18.21.31:739][  0]LogPakFile: PakFile FullDirectoryIndexSize=138
[2023.12.07-18.21.31:739][  0]LogShaderLibrary: Display: ShaderCodeLibraryPakFileMountedCallback: PakFile 'B:/Epic Games/UE_4.27/FeaturePacks/TP_Flying.upack' (chunk index -1, root 'root:/') mounted
[2023.12.07-18.21.31:739][  0]LogShaderLibrary: Display: ShaderCodeLibraryPakFileMountedCallback: pending pak file info (ChunkID:-1 Root:root:/ File:B:/Epic Games/UE_4.27/FeaturePacks/TP_Flying.upack)
[2023.12.07-18.21.31:739][  0]LogPakFile: OnPakFileMounted2Time == 0.000052
[2023.12.07-18.21.31:739][  0]LogPakFile: PakFile PrimaryIndexSize=184
[2023.12.07-18.21.31:739][  0]LogPakFile: PakFile PathHashIndexSize=101
[2023.12.07-18.21.31:739][  0]LogPakFile: PakFile FullDirectoryIndexSize=142
[2023.12.07-18.21.31:739][  0]LogShaderLibrary: Display: ShaderCodeLibraryPakFileMountedCallback: PakFile 'B:/Epic Games/UE_4.27/FeaturePacks/TP_FlyingBP.upack' (chunk index -1, root 'root:/') mounted
[2023.12.07-18.21.31:740][  0]LogShaderLibrary: Display: ShaderCodeLibraryPakFileMountedCallback: pending pak file info (ChunkID:-1 Root:root:/ File:B:/Epic Games/UE_4.27/FeaturePacks/TP_FlyingBP.upack)
[2023.12.07-18.21.31:740][  0]LogPakFile: OnPakFileMounted2Time == 0.000059
[2023.12.07-18.21.31:740][  0]LogPakFile: PakFile PrimaryIndexSize=188
[2023.12.07-18.21.31:740][  0]LogPakFile: PakFile PathHashIndexSize=101
[2023.12.07-18.21.31:740][  0]LogPakFile: PakFile FullDirectoryIndexSize=150
[2023.12.07-18.21.31:740][  0]LogShaderLibrary: Display: ShaderCodeLibraryPakFileMountedCallback: PakFile 'B:/Epic Games/UE_4.27/FeaturePacks/TP_HandheldARBP.upack' (chunk index -1, root 'root:/') mounted
[2023.12.07-18.21.31:740][  0]LogShaderLibrary: Display: ShaderCodeLibraryPakFileMountedCallback: pending pak file info (ChunkID:-1 Root:root:/ File:B:/Epic Games/UE_4.27/FeaturePacks/TP_HandheldARBP.upack)
[2023.12.07-18.21.31:740][  0]LogPakFile: OnPakFileMounted2Time == 0.000052
[2023.12.07-18.21.31:741][  0]LogPakFile: PakFile PrimaryIndexSize=182
[2023.12.07-18.21.31:741][  0]LogPakFile: PakFile PathHashIndexSize=101
[2023.12.07-18.21.31:741][  0]LogPakFile: PakFile FullDirectoryIndexSize=138
[2023.12.07-18.21.31:741][  0]LogShaderLibrary: Display: ShaderCodeLibraryPakFileMountedCallback: PakFile 'B:/Epic Games/UE_4.27/FeaturePacks/TP_Puzzle.upack' (chunk index -1, root 'root:/') mounted
[2023.12.07-18.21.31:741][  0]LogShaderLibrary: Display: ShaderCodeLibraryPakFileMountedCallback: pending pak file info (ChunkID:-1 Root:root:/ File:B:/Epic Games/UE_4.27/FeaturePacks/TP_Puzzle.upack)
[2023.12.07-18.21.31:741][  0]LogPakFile: OnPakFileMounted2Time == 0.000053
[2023.12.07-18.21.31:742][  0]LogPakFile: PakFile PrimaryIndexSize=184
[2023.12.07-18.21.31:742][  0]LogPakFile: PakFile PathHashIndexSize=101
[2023.12.07-18.21.31:742][  0]LogPakFile: PakFile FullDirectoryIndexSize=142
[2023.12.07-18.21.31:742][  0]LogShaderLibrary: Display: ShaderCodeLibraryPakFileMountedCallback: PakFile 'B:/Epic Games/UE_4.27/FeaturePacks/TP_PuzzleBP.upack' (chunk index -1, root 'root:/') mounted
[2023.12.07-18.21.31:742][  0]LogShaderLibrary: Display: ShaderCodeLibraryPakFileMountedCallback: pending pak file info (ChunkID:-1 Root:root:/ File:B:/Epic Games/UE_4.27/FeaturePacks/TP_PuzzleBP.upack)
[2023.12.07-18.21.31:742][  0]LogPakFile: OnPakFileMounted2Time == 0.000054
[2023.12.07-18.21.31:743][  0]LogPakFile: PakFile PrimaryIndexSize=183
[2023.12.07-18.21.31:743][  0]LogPakFile: PakFile PathHashIndexSize=101
[2023.12.07-18.21.31:743][  0]LogPakFile: PakFile FullDirectoryIndexSize=140
[2023.12.07-18.21.31:743][  0]LogShaderLibrary: Display: ShaderCodeLibraryPakFileMountedCallback: PakFile 'B:/Epic Games/UE_4.27/FeaturePacks/TP_Rolling.upack' (chunk index -1, root 'root:/') mounted
[2023.12.07-18.21.31:743][  0]LogShaderLibrary: Display: ShaderCodeLibraryPakFileMountedCallback: pending pak file info (ChunkID:-1 Root:root:/ File:B:/Epic Games/UE_4.27/FeaturePacks/TP_Rolling.upack)
[2023.12.07-18.21.31:743][  0]LogPakFile: OnPakFileMounted2Time == 0.000053
[2023.12.07-18.21.31:744][  0]LogPakFile: PakFile PrimaryIndexSize=185
[2023.12.07-18.21.31:744][  0]LogPakFile: PakFile PathHashIndexSize=101
[2023.12.07-18.21.31:744][  0]LogPakFile: PakFile FullDirectoryIndexSize=144
[2023.12.07-18.21.31:744][  0]LogShaderLibrary: Display: ShaderCodeLibraryPakFileMountedCallback: PakFile 'B:/Epic Games/UE_4.27/FeaturePacks/TP_RollingBP.upack' (chunk index -1, root 'root:/') mounted
[2023.12.07-18.21.31:744][  0]LogShaderLibrary: Display: ShaderCodeLibraryPakFileMountedCallback: pending pak file info (ChunkID:-1 Root:root:/ File:B:/Epic Games/UE_4.27/FeaturePacks/TP_RollingBP.upack)
[2023.12.07-18.21.31:744][  0]LogPakFile: OnPakFileMounted2Time == 0.000053
[2023.12.07-18.21.31:745][  0]LogPakFile: PakFile PrimaryIndexSize=188
[2023.12.07-18.21.31:745][  0]LogPakFile: PakFile PathHashIndexSize=101
[2023.12.07-18.21.31:745][  0]LogPakFile: PakFile FullDirectoryIndexSize=150
[2023.12.07-18.21.31:745][  0]LogShaderLibrary: Display: ShaderCodeLibraryPakFileMountedCallback: PakFile 'B:/Epic Games/UE_4.27/FeaturePacks/TP_SideScroller.upack' (chunk index -1, root 'root:/') mounted
[2023.12.07-18.21.31:745][  0]LogShaderLibrary: Display: ShaderCodeLibraryPakFileMountedCallback: pending pak file info (ChunkID:-1 Root:root:/ File:B:/Epic Games/UE_4.27/FeaturePacks/TP_SideScroller.upack)
[2023.12.07-18.21.31:745][  0]LogPakFile: OnPakFileMounted2Time == 0.000053
[2023.12.07-18.21.31:746][  0]LogPakFile: PakFile PrimaryIndexSize=190
[2023.12.07-18.21.31:746][  0]LogPakFile: PakFile PathHashIndexSize=101
[2023.12.07-18.21.31:746][  0]LogPakFile: PakFile FullDirectoryIndexSize=154
[2023.12.07-18.21.31:746][  0]LogShaderLibrary: Display: ShaderCodeLibraryPakFileMountedCallback: PakFile 'B:/Epic Games/UE_4.27/FeaturePacks/TP_SideScrollerBP.upack' (chunk index -1, root 'root:/') mounted
[2023.12.07-18.21.31:746][  0]LogShaderLibrary: Display: ShaderCodeLibraryPakFileMountedCallback: pending pak file info (ChunkID:-1 Root:root:/ File:B:/Epic Games/UE_4.27/FeaturePacks/TP_SideScrollerBP.upack)
[2023.12.07-18.21.31:746][  0]LogPakFile: OnPakFileMounted2Time == 0.000057
[2023.12.07-18.21.31:747][  0]LogPakFile: PakFile PrimaryIndexSize=187
[2023.12.07-18.21.31:747][  0]LogPakFile: PakFile PathHashIndexSize=101
[2023.12.07-18.21.31:747][  0]LogPakFile: PakFile FullDirectoryIndexSize=148
[2023.12.07-18.21.31:747][  0]LogShaderLibrary: Display: ShaderCodeLibraryPakFileMountedCallback: PakFile 'B:/Epic Games/UE_4.27/FeaturePacks/TP_ThirdPerson.upack' (chunk index -1, root 'root:/') mounted
[2023.12.07-18.21.31:747][  0]LogShaderLibrary: Display: ShaderCodeLibraryPakFileMountedCallback: pending pak file info (ChunkID:-1 Root:root:/ File:B:/Epic Games/UE_4.27/FeaturePacks/TP_ThirdPerson.upack)
[2023.12.07-18.21.31:747][  0]LogPakFile: OnPakFileMounted2Time == 0.000055
[2023.12.07-18.21.31:747][  0]LogPakFile: PakFile PrimaryIndexSize=189
[2023.12.07-18.21.31:748][  0]LogPakFile: PakFile PathHashIndexSize=101
[2023.12.07-18.21.31:748][  0]LogPakFile: PakFile FullDirectoryIndexSize=152
[2023.12.07-18.21.31:748][  0]LogShaderLibrary: Display: ShaderCodeLibraryPakFileMountedCallback: PakFile 'B:/Epic Games/UE_4.27/FeaturePacks/TP_ThirdPersonBP.upack' (chunk index -1, root 'root:/') mounted
[2023.12.07-18.21.31:748][  0]LogShaderLibrary: Display: ShaderCodeLibraryPakFileMountedCallback: pending pak file info (ChunkID:-1 Root:root:/ File:B:/Epic Games/UE_4.27/FeaturePacks/TP_ThirdPersonBP.upack)
[2023.12.07-18.21.31:748][  0]LogPakFile: OnPakFileMounted2Time == 0.000055
[2023.12.07-18.21.31:748][  0]LogPakFile: PakFile PrimaryIndexSize=183
[2023.12.07-18.21.31:748][  0]LogPakFile: PakFile PathHashIndexSize=101
[2023.12.07-18.21.31:748][  0]LogPakFile: PakFile FullDirectoryIndexSize=140
[2023.12.07-18.21.31:748][  0]LogShaderLibrary: Display: ShaderCodeLibraryPakFileMountedCallback: PakFile 'B:/Epic Games/UE_4.27/FeaturePacks/TP_TopDown.upack' (chunk index -1, root 'root:/') mounted
[2023.12.07-18.21.31:748][  0]LogShaderLibrary: Display: ShaderCodeLibraryPakFileMountedCallback: pending pak file info (ChunkID:-1 Root:root:/ File:B:/Epic Games/UE_4.27/FeaturePacks/TP_TopDown.upack)
[2023.12.07-18.21.31:749][  0]LogPakFile: OnPakFileMounted2Time == 0.000068
[2023.12.07-18.21.31:749][  0]LogPakFile: PakFile PrimaryIndexSize=185
[2023.12.07-18.21.31:749][  0]LogPakFile: PakFile PathHashIndexSize=101
[2023.12.07-18.21.31:749][  0]LogPakFile: PakFile FullDirectoryIndexSize=144
[2023.12.07-18.21.31:749][  0]LogShaderLibrary: Display: ShaderCodeLibraryPakFileMountedCallback: PakFile 'B:/Epic Games/UE_4.27/FeaturePacks/TP_TopDownBP.upack' (chunk index -1, root 'root:/') mounted
[2023.12.07-18.21.31:749][  0]LogShaderLibrary: Display: ShaderCodeLibraryPakFileMountedCallback: pending pak file info (ChunkID:-1 Root:root:/ File:B:/Epic Games/UE_4.27/FeaturePacks/TP_TopDownBP.upack)
[2023.12.07-18.21.31:749][  0]LogPakFile: OnPakFileMounted2Time == 0.000051
[2023.12.07-18.21.31:750][  0]LogPakFile: PakFile PrimaryIndexSize=185
[2023.12.07-18.21.31:750][  0]LogPakFile: PakFile PathHashIndexSize=101
[2023.12.07-18.21.31:750][  0]LogPakFile: PakFile FullDirectoryIndexSize=144
[2023.12.07-18.21.31:750][  0]LogShaderLibrary: Display: ShaderCodeLibraryPakFileMountedCallback: PakFile 'B:/Epic Games/UE_4.27/FeaturePacks/TP_TwinStick.upack' (chunk index -1, root 'root:/') mounted
[2023.12.07-18.21.31:750][  0]LogShaderLibrary: Display: ShaderCodeLibraryPakFileMountedCallback: pending pak file info (ChunkID:-1 Root:root:/ File:B:/Epic Games/UE_4.27/FeaturePacks/TP_TwinStick.upack)
[2023.12.07-18.21.31:750][  0]LogPakFile: OnPakFileMounted2Time == 0.000064
[2023.12.07-18.21.31:751][  0]LogPakFile: PakFile PrimaryIndexSize=187
[2023.12.07-18.21.31:751][  0]LogPakFile: PakFile PathHashIndexSize=101
[2023.12.07-18.21.31:751][  0]LogPakFile: PakFile FullDirectoryIndexSize=148
[2023.12.07-18.21.31:751][  0]LogShaderLibrary: Display: ShaderCodeLibraryPakFileMountedCallback: PakFile 'B:/Epic Games/UE_4.27/FeaturePacks/TP_TwinStickBP.upack' (chunk index -1, root 'root:/') mounted
[2023.12.07-18.21.31:751][  0]LogShaderLibrary: Display: ShaderCodeLibraryPakFileMountedCallback: pending pak file info (ChunkID:-1 Root:root:/ File:B:/Epic Games/UE_4.27/FeaturePacks/TP_TwinStickBP.upack)
[2023.12.07-18.21.31:751][  0]LogPakFile: OnPakFileMounted2Time == 0.000052
[2023.12.07-18.21.31:752][  0]LogPakFile: PakFile PrimaryIndexSize=183
[2023.12.07-18.21.31:752][  0]LogPakFile: PakFile PathHashIndexSize=101
[2023.12.07-18.21.31:752][  0]LogPakFile: PakFile FullDirectoryIndexSize=140
[2023.12.07-18.21.31:752][  0]LogShaderLibrary: Display: ShaderCodeLibraryPakFileMountedCallback: PakFile 'B:/Epic Games/UE_4.27/FeaturePacks/TP_Vehicle.upack' (chunk index -1, root 'root:/') mounted
[2023.12.07-18.21.31:752][  0]LogShaderLibrary: Display: ShaderCodeLibraryPakFileMountedCallback: pending pak file info (ChunkID:-1 Root:root:/ File:B:/Epic Games/UE_4.27/FeaturePacks/TP_Vehicle.upack)
[2023.12.07-18.21.31:752][  0]LogPakFile: OnPakFileMounted2Time == 0.000052
[2023.12.07-18.21.31:753][  0]LogPakFile: PakFile PrimaryIndexSize=186
[2023.12.07-18.21.31:753][  0]LogPakFile: PakFile PathHashIndexSize=101
[2023.12.07-18.21.31:753][  0]LogPakFile: PakFile FullDirectoryIndexSize=146
[2023.12.07-18.21.31:753][  0]LogShaderLibrary: Display: ShaderCodeLibraryPakFileMountedCallback: PakFile 'B:/Epic Games/UE_4.27/FeaturePacks/TP_VehicleAdv.upack' (chunk index -1, root 'root:/') mounted
[2023.12.07-18.21.31:753][  0]LogShaderLibrary: Display: ShaderCodeLibraryPakFileMountedCallback: pending pak file info (ChunkID:-1 Root:root:/ File:B:/Epic Games/UE_4.27/FeaturePacks/TP_VehicleAdv.upack)
[2023.12.07-18.21.31:753][  0]LogPakFile: OnPakFileMounted2Time == 0.000054
[2023.12.07-18.21.31:754][  0]LogPakFile: PakFile PrimaryIndexSize=188
[2023.12.07-18.21.31:754][  0]LogPakFile: PakFile PathHashIndexSize=101
[2023.12.07-18.21.31:754][  0]LogPakFile: PakFile FullDirectoryIndexSize=150
[2023.12.07-18.21.31:754][  0]LogShaderLibrary: Display: ShaderCodeLibraryPakFileMountedCallback: PakFile 'B:/Epic Games/UE_4.27/FeaturePacks/TP_VehicleAdvBP.upack' (chunk index -1, root 'root:/') mounted
[2023.12.07-18.21.31:754][  0]LogShaderLibrary: Display: ShaderCodeLibraryPakFileMountedCallback: pending pak file info (ChunkID:-1 Root:root:/ File:B:/Epic Games/UE_4.27/FeaturePacks/TP_VehicleAdvBP.upack)
[2023.12.07-18.21.31:754][  0]LogPakFile: OnPakFileMounted2Time == 0.000056
[2023.12.07-18.21.31:755][  0]LogPakFile: PakFile PrimaryIndexSize=185
[2023.12.07-18.21.31:755][  0]LogPakFile: PakFile PathHashIndexSize=101
[2023.12.07-18.21.31:755][  0]LogPakFile: PakFile FullDirectoryIndexSize=144
[2023.12.07-18.21.31:755][  0]LogShaderLibrary: Display: ShaderCodeLibraryPakFileMountedCallback: PakFile 'B:/Epic Games/UE_4.27/FeaturePacks/TP_VehicleBP.upack' (chunk index -1, root 'root:/') mounted
[2023.12.07-18.21.31:755][  0]LogShaderLibrary: Display: ShaderCodeLibraryPakFileMountedCallback: pending pak file info (ChunkID:-1 Root:root:/ File:B:/Epic Games/UE_4.27/FeaturePacks/TP_VehicleBP.upack)
[2023.12.07-18.21.31:755][  0]LogPakFile: OnPakFileMounted2Time == 0.000054
[2023.12.07-18.21.31:755][  0]LogPakFile: PakFile PrimaryIndexSize=192
[2023.12.07-18.21.31:755][  0]LogPakFile: PakFile PathHashIndexSize=101
[2023.12.07-18.21.31:755][  0]LogPakFile: PakFile FullDirectoryIndexSize=158
[2023.12.07-18.21.31:755][  0]LogShaderLibrary: Display: ShaderCodeLibraryPakFileMountedCallback: PakFile 'B:/Epic Games/UE_4.27/FeaturePacks/TP_VirtualRealityBP.upack' (chunk index -1, root 'root:/') mounted
[2023.12.07-18.21.31:756][  0]LogShaderLibrary: Display: ShaderCodeLibraryPakFileMountedCallback: pending pak file info (ChunkID:-1 Root:root:/ File:B:/Epic Games/UE_4.27/FeaturePacks/TP_VirtualRealityBP.upack)
[2023.12.07-18.21.31:756][  0]LogPakFile: OnPakFileMounted2Time == 0.000078
[2023.12.07-18.21.31:826][  0]LogNativeClassHierarchy: Verbose: Native class hierarchy updated for 'AddContentDialog' in 0.0004 seconds. Added 0 classes and 0 folders.
[2023.12.07-18.21.31:828][  0]LogNativeClassHierarchy: Verbose: Native class hierarchy updated for 'SceneOutliner' in 0.0004 seconds. Added 2 classes and 0 folders.
[2023.12.07-18.21.32:296][  0]LogSlate: Only BGRA pngs, bmps or icos are supported in by External Image Picker
[2023.12.07-18.21.32:388][  0]LogSlate: Took 0.000222 seconds to synchronously load lazily loaded font '../../../Engine/Content/Editor/Slate/Fonts/FontAwesome.ttf' (139K)
[2023.12.07-18.21.32:389][  0]LogSlate: Took 0.000194 seconds to synchronously load lazily loaded font '../../../Engine/Content/Slate/Fonts/Roboto-Bold.ttf' (160K)
[2023.12.07-18.21.32:463][  0]LogRenderer: Reallocating scene render targets to support 1156x600 Format 10 NumSamples 1 (Frame:1).
[2023.12.07-18.21.32:513][  0]LogSlate: Took 0.000287 seconds to synchronously load lazily loaded font '../../../Engine/Content/Slate/Fonts/Roboto-Light.ttf' (167K)
[2023.12.07-18.21.32:581][  0]LogNativeClassHierarchy: Verbose: Native class hierarchy updated for 'HierarchicalLODOutliner' in 0.0004 seconds. Added 0 classes and 0 folders.
[2023.12.07-18.21.32:581][  0]LogLoad: (Engine Initialization) Total time: 65.99 seconds
[2023.12.07-18.21.32:581][  0]LogLoad: (Engine Initialization) Total Blueprint compile time: 0.00 seconds
[2023.12.07-18.21.32:769][  0]LogContentStreaming: Texture pool size now 1000 MB
[2023.12.07-18.21.32:786][  1]LogAssetRegistry: Asset discovery search completed in 59.2480 seconds
[2023.12.07-18.21.32:794][  1]LogCollectionManager: Fixed up redirectors for 0 collections in 0.000004 seconds (updated 0 objects)
[2023.12.07-18.21.33:611][ 89]LogSlate: Took 0.000191 seconds to synchronously load lazily loaded font '../../../Engine/Content/Slate/Fonts/Roboto-Light.ttf' (167K)
